2020-12-31 09:55:43,252 Requests DEBUG 发送post请求 
2020-12-31 09:58:35,686 Requests DEBUG 发送post请求 
2020-12-31 10:04:48,177 Requests DEBUG 发送post请求 
2020-12-31 10:06:06,848 Requests DEBUG 发送post请求 
2020-12-31 10:33:00,184 Requests DEBUG 发送post请求 
2020-12-31 10:40:29,729 Requests DEBUG 发送post请求 
2020-12-31 10:45:19,239 Requests DEBUG 发送post请求 
2020-12-31 10:54:25,060 Requests DEBUG 发送post请求 
2020-12-31 10:55:00,065 Requests DEBUG 发送post请求 
2020-12-31 10:55:05,677 Requests DEBUG 发送post请求 
2020-12-31 10:55:05,708 AssertUtil ERROR 不包含或者body是错误，body is {'MonitorIndexFormulaList': [{'ClassType': 0, 'Ext': '{"StartTime":"00:00:00","EndTime":"23:59:59","EndDate":"same"}', 'ID': 48, 'SystemId': 1, 'SystemName': '配电自动化', 'FormulaName': '配电自动化(1)1设备1：告警事件', 'AnalyzeType': 5, 'AnalyzeName': '实时告警类', 'SourceID': '1', 'DeviceName': '1设备1：', 'IndexType': 401, 'IndexName': '告警事件', 'IndexFormula': 'YC_20002000=10', 'FormulaParam': '0', 'IsExeute': 1, 'Description': '测试告警', 'isPushEAM': 0, 'BounceTime': 15}, {'ClassType': 0, 'Ext': '{"StartTime":"00:00:00","EndTime":"23:59:59","EndDate":"same"}', 'ID': 50, 'SystemId': 1, 'SystemName': '配电自动化', 'FormulaName': '配电自动化(1)1设备1：越上限', 'AnalyzeType': 5, 'AnalyzeName': '实时告警类', 'SourceID': '1', 'DeviceName': '1设备1：', 'IndexType': 404, 'IndexName': '越上限', 'IndexFormula': 'YC_20002000=10', 'FormulaParam': '0', 'IsExeute': 1, 'Description': '测试告警', 'isPushEAM': 0, 'BounceTime': 15}, {'ClassType': 0, 'Ext': '{"StartTime":"00:00:00","EndTime":"23:59:59","EndDate":"same"}', 'ID': 52, 'SystemId': 1, 'SystemName': '配电自动化', 'FormulaName': '配电自动化(1)1设备1：越下限', 'AnalyzeType': 5, 'AnalyzeName': '实时告警类', 'SourceID': '1', 'DeviceName': '1设备1：', 'IndexType': 405, 'IndexName': '越下限', 'IndexFormula': 'YC_20002000=10', 'FormulaParam': '0', 'IsExeute': 1, 'Description': '测试告警', 'isPushEAM': 0, 'BounceTime': 15}, {'ClassType': 0, 'Ext': '{"StartTime":"00:00:00","EndTime":"23:59:59","EndDate":"same"}', 'ID': 53, 'SystemId': 1, 'SystemName': '配电自动化', 'FormulaName': '配电自动化(2)1设备2：告警事件', 'AnalyzeType': 5, 'AnalyzeName': '实时告警类', 'SourceID': '2', 'DeviceName': '1设备2：', 'IndexType': 401, 'IndexName': '告警事件', 'IndexFormula': 'YC_20002001=10', 'FormulaParam': '0', 'IsExeute': 1, 'Description': '测试告警', 'isPushEAM': 0, 'BounceTime': 15}], 'Page': {'Current': 1, 'Total': 4}, 'ActionInfo': {'Success': True, 'ExceptionMsg': None, 'ExtendContent': None, 'IsExistsDevice': False, 'ActionUser': '', 'LogType': 0, 'ActionDateTime': '/Date(1609383305708+0800)/', 'ActionModel': None, 'LogParams': None, 'FunctionPoint': None}},expected_body is 'Page': {'Current': 1, 'Total': 3} 
2020-12-31 10:55:11,667 Requests DEBUG 发送post请求 
2020-12-31 11:03:02,019 Requests DEBUG 发送post请求 
2020-12-31 11:03:26,917 Requests DEBUG 发送post请求 
2020-12-31 11:03:54,016 Requests DEBUG 发送post请求 
2020-12-31 11:04:11,631 Requests DEBUG 发送post请求 
2020-12-31 11:05:49,455 Requests DEBUG 发送post请求 
2020-12-31 11:08:06,022 Requests DEBUG 发送post请求 
2020-12-31 11:08:36,796 Requests DEBUG 发送post请求 
2020-12-31 11:31:39,167 Requests DEBUG 发送post请求 
2020-12-31 11:43:52,755 Requests DEBUG 发送post请求 
2020-12-31 12:07:14,463 Requests DEBUG 发送post请求 
2020-12-31 12:07:14,572 Requests DEBUG 发送post请求 
2020-12-31 12:07:14,666 Requests DEBUG 发送post请求 
2020-12-31 12:07:14,760 Requests DEBUG 发送post请求 
2020-12-31 12:07:14,806 Requests DEBUG 发送post请求 
2020-12-31 12:07:14,838 AssertUtil ERROR 不包含或者body是错误，body is {'IsSucess': False, 'TreeName': None, 'ExceptionMeg': "系统检测到重复提交\r\n公式名称为'配电自动化(1)1设备1：越下限'公式是否有此类指标公式配置数据\r\n或者对象ID和指标是否重复\r\n"},expected_body is IsSucess': True 
2020-12-31 12:07:15,025 Requests DEBUG 发送post请求 
2020-12-31 12:07:15,103 Requests DEBUG 发送post请求 
2020-12-31 12:11:36,048 Requests DEBUG 发送post请求 
2020-12-31 12:22:08,135 Requests DEBUG 发送post请求 
2020-12-31 12:22:08,213 Requests DEBUG 发送post请求 
2020-12-31 12:22:08,354 Requests DEBUG 发送post请求 
2020-12-31 12:22:08,484 Requests DEBUG 发送post请求 
2020-12-31 12:22:08,531 Requests DEBUG 发送post请求 
2020-12-31 12:22:08,584 Requests DEBUG 发送post请求 
2020-12-31 12:25:42,802 Requests DEBUG 发送post请求 
2020-12-31 12:42:22,960 Requests DEBUG 发送post请求 
2020-12-31 12:42:23,059 Requests DEBUG 发送post请求 
2020-12-31 12:42:23,164 Requests DEBUG 发送post请求 
2020-12-31 12:42:23,263 Requests DEBUG 发送post请求 
2020-12-31 12:48:17,713 Requests DEBUG 发送post请求 
2020-12-31 12:50:36,683 Requests DEBUG 发送post请求 
2020-12-31 12:50:36,784 Requests DEBUG 发送post请求 
2020-12-31 12:50:36,877 Requests DEBUG 发送post请求 
2020-12-31 12:59:40,291 Requests DEBUG 发送post请求 
2020-12-31 12:59:40,417 Requests DEBUG 发送post请求 
2020-12-31 12:59:40,481 Requests DEBUG 发送post请求 
2020-12-31 12:59:40,578 Requests DEBUG 发送post请求 
2020-12-31 12:59:40,636 Requests DEBUG 发送post请求 
2020-12-31 12:59:40,682 Requests DEBUG 发送post请求 
2020-12-31 12:59:40,829 Requests DEBUG 发送post请求 
2020-12-31 12:59:40,882 Requests DEBUG 发送post请求 
2020-12-31 12:59:40,941 Requests DEBUG 发送post请求 
2020-12-31 12:59:41,022 Requests DEBUG 发送post请求 
2020-12-31 12:59:41,082 Requests DEBUG 发送post请求 
2020-12-31 12:59:41,194 Requests DEBUG 发送post请求 
2020-12-31 12:59:41,313 Requests DEBUG 发送post请求 
2020-12-31 12:59:41,356 Requests DEBUG 发送post请求 
2020-12-31 12:59:41,416 Requests DEBUG 发送post请求 
2020-12-31 12:59:41,463 Requests DEBUG 发送post请求 
2020-12-31 12:59:41,603 Requests DEBUG 发送post请求 
2020-12-31 12:59:41,650 Requests DEBUG 发送post请求 
2020-12-31 12:59:41,697 Requests DEBUG 发送post请求 
2020-12-31 12:59:41,728 Requests DEBUG 发送post请求 
2020-12-31 12:59:41,885 Requests DEBUG 发送post请求 
2020-12-31 12:59:41,978 Requests DEBUG 发送post请求 
2020-12-31 12:59:42,025 Requests DEBUG 发送post请求 
2020-12-31 12:59:42,103 Requests DEBUG 发送post请求 
2020-12-31 12:59:42,150 Requests DEBUG 发送post请求 
2020-12-31 12:59:42,197 Requests DEBUG 发送post请求 
2020-12-31 12:59:42,244 Requests DEBUG 发送post请求 
2020-12-31 12:59:42,635 Requests DEBUG 发送post请求 
2020-12-31 12:59:42,697 Requests DEBUG 发送post请求 
2020-12-31 12:59:43,416 Requests DEBUG 发送post请求 
2020-12-31 12:59:43,603 Requests DEBUG 发送post请求 
2020-12-31 12:59:44,463 Requests DEBUG 发送post请求 
2020-12-31 12:59:44,525 Requests DEBUG 发送post请求 
2020-12-31 12:59:44,619 Requests DEBUG 发送post请求 
2020-12-31 12:59:44,666 Requests DEBUG 发送post请求 
2020-12-31 12:59:44,713 Requests DEBUG 发送post请求 
2020-12-31 12:59:44,916 Requests DEBUG 发送post请求 
2020-12-31 12:59:45,010 Requests DEBUG 发送post请求 
2020-12-31 12:59:45,056 Requests DEBUG 发送post请求 
2020-12-31 12:59:45,135 Requests DEBUG 发送post请求 
2020-12-31 12:59:45,244 Requests DEBUG 发送post请求 
2020-12-31 12:59:45,338 Requests DEBUG 发送post请求 
2020-12-31 12:59:45,353 Requests DEBUG 发送post请求 
2020-12-31 12:59:45,385 Requests DEBUG 发送post请求 
2020-12-31 12:59:45,541 Requests DEBUG 发送post请求 
2020-12-31 12:59:45,916 Requests DEBUG 发送post请求 
2020-12-31 12:59:46,025 Requests DEBUG 发送post请求 
2020-12-31 12:59:46,338 Requests DEBUG 发送post请求 
2020-12-31 12:59:46,431 Requests DEBUG 发送post请求 
2020-12-31 12:59:46,666 Requests DEBUG 发送post请求 
2020-12-31 12:59:46,838 Requests DEBUG 发送post请求 
2020-12-31 12:59:46,869 Requests DEBUG 发送post请求 
2020-12-31 12:59:46,916 Requests DEBUG 发送post请求 
2020-12-31 12:59:47,181 Requests DEBUG 发送post请求 
2020-12-31 12:59:47,244 Requests DEBUG 发送post请求 
2020-12-31 12:59:47,463 Requests DEBUG 发送post请求 
2020-12-31 12:59:47,525 Requests DEBUG 发送post请求 
2020-12-31 12:59:47,635 Requests DEBUG 发送post请求 
2020-12-31 12:59:47,760 Requests DEBUG 发送post请求 
2020-12-31 12:59:47,806 Requests DEBUG 发送post请求 
2020-12-31 12:59:47,869 Requests DEBUG 发送post请求 
2020-12-31 12:59:47,916 Requests DEBUG 发送post请求 
2020-12-31 12:59:48,025 Requests DEBUG 发送post请求 
2020-12-31 12:59:48,103 Requests DEBUG 发送post请求 
2020-12-31 12:59:48,181 Requests DEBUG 发送post请求 
2020-12-31 12:59:48,291 Requests DEBUG 发送post请求 
2020-12-31 12:59:51,400 Requests DEBUG 发送post请求 
2020-12-31 12:59:54,916 Requests DEBUG 发送post请求 
2020-12-31 12:59:54,978 Requests DEBUG 发送post请求 
2020-12-31 12:59:55,041 Requests DEBUG 发送post请求 
2020-12-31 12:59:55,103 Requests DEBUG 发送post请求 
2020-12-31 12:59:55,150 D:\Users\Administrator\PycharmProjects\InterfaceTest\utils\LogUtil.py INFO 报告地址 
2020-12-31 14:28:57,731 Requests DEBUG 发送post请求 
2020-12-31 14:29:19,364 Requests DEBUG 发送post请求 
2020-12-31 14:30:44,696 Requests DEBUG 发送post请求 
2020-12-31 15:48:00,650 Requests DEBUG 发送post请求 
2020-12-31 15:48:00,915 Requests DEBUG 发送post请求 
2020-12-31 15:48:00,978 Requests DEBUG 发送post请求 
2020-12-31 15:48:01,040 Requests DEBUG 发送post请求 
2020-12-31 15:48:01,103 Requests DEBUG 发送post请求 
2020-12-31 15:48:01,134 Requests DEBUG 发送post请求 
2020-12-31 15:48:01,197 Requests DEBUG 发送post请求 
2020-12-31 15:48:01,322 Requests DEBUG 发送post请求 
2020-12-31 15:48:01,353 AssertUtil ERROR 不包含或者body是错误，body is {'IsSucess': False, 'TreeName': None, 'ExceptionMeg': "系统检测到重复提交\r\n公式名称为'配电自动化系统联动5'公式是否有此类指标公式配置数据\r\n或者对象ID和指标是否重复\r\n"},expected_body is IsSucess': True 
2020-12-31 15:48:01,400 Requests DEBUG 发送post请求 
2020-12-31 15:48:01,431 Requests DEBUG 发送post请求 
2020-12-31 15:48:01,493 Requests DEBUG 发送post请求 
2020-12-31 15:48:01,525 Requests DEBUG 发送post请求 
2020-12-31 15:48:01,587 Requests DEBUG 发送post请求 
2020-12-31 15:48:01,618 Requests DEBUG 发送post请求 
2020-12-31 15:48:01,665 Requests DEBUG 发送post请求 
2020-12-31 15:48:01,728 Requests DEBUG 发送post请求 
2020-12-31 15:48:01,759 Requests DEBUG 发送post请求 
2020-12-31 15:48:01,806 Requests DEBUG 发送post请求 
2020-12-31 15:48:01,868 Requests DEBUG 发送post请求 
2020-12-31 15:48:01,978 Requests DEBUG 发送post请求 
2020-12-31 15:48:02,025 Requests DEBUG 发送post请求 
2020-12-31 15:48:02,118 Requests DEBUG 发送post请求 
2020-12-31 15:48:02,853 Requests DEBUG 发送post请求 
2020-12-31 15:48:03,165 Requests DEBUG 发送post请求 
2020-12-31 15:48:03,212 Requests DEBUG 发送post请求 
2020-12-31 15:48:03,275 Requests DEBUG 发送post请求 
2020-12-31 15:48:03,306 Requests DEBUG 发送post请求 
2020-12-31 15:48:03,337 Requests DEBUG 发送post请求 
2020-12-31 15:48:03,525 Requests DEBUG 发送post请求 
2020-12-31 15:48:03,556 Requests DEBUG 发送post请求 
2020-12-31 15:48:03,587 Requests DEBUG 发送post请求 
2020-12-31 15:48:03,665 Requests DEBUG 发送post请求 
2020-12-31 15:48:03,728 Requests DEBUG 发送post请求 
2020-12-31 15:48:03,962 Requests DEBUG 发送post请求 
2020-12-31 15:48:03,993 Requests DEBUG 发送post请求 
2020-12-31 15:48:04,056 Requests DEBUG 发送post请求 
2020-12-31 15:48:04,150 Requests DEBUG 发送post请求 
2020-12-31 15:48:04,275 Requests DEBUG 发送post请求 
2020-12-31 15:48:04,306 Requests DEBUG 发送post请求 
2020-12-31 15:48:04,384 Requests DEBUG 发送post请求 
2020-12-31 15:48:04,447 Requests DEBUG 发送post请求 
2020-12-31 15:48:04,587 Requests DEBUG 发送post请求 
2020-12-31 15:48:04,697 Requests DEBUG 发送post请求 
2020-12-31 15:48:04,743 Requests DEBUG 发送post请求 
2020-12-31 15:48:04,775 Requests DEBUG 发送post请求 
2020-12-31 15:48:04,900 Requests DEBUG 发送post请求 
2020-12-31 15:48:04,993 Requests DEBUG 发送post请求 
2020-12-31 15:48:05,072 Requests DEBUG 发送post请求 
2020-12-31 15:48:05,103 Requests DEBUG 发送post请求 
2020-12-31 15:48:05,243 Requests DEBUG 发送post请求 
2020-12-31 15:48:05,337 Requests DEBUG 发送post请求 
2020-12-31 15:48:05,384 Requests DEBUG 发送post请求 
2020-12-31 15:48:05,415 Requests DEBUG 发送post请求 
2020-12-31 15:48:05,462 Requests DEBUG 发送post请求 
2020-12-31 15:48:05,572 Requests DEBUG 发送post请求 
2020-12-31 15:48:05,634 Requests DEBUG 发送post请求 
2020-12-31 15:48:05,697 Requests DEBUG 发送post请求 
2020-12-31 15:48:05,775 Requests DEBUG 发送post请求 
2020-12-31 15:48:09,712 Requests DEBUG 发送post请求 
2020-12-31 15:48:12,603 Requests DEBUG 发送post请求 
2020-12-31 15:48:12,665 Requests DEBUG 发送post请求 
2020-12-31 15:48:12,728 Requests DEBUG 发送post请求 
2020-12-31 15:48:12,790 Requests DEBUG 发送post请求 
2020-12-31 15:54:31,654 Requests DEBUG 发送post请求 
2020-12-31 15:54:31,735 Requests DEBUG 发送post请求 
2020-12-31 15:54:31,789 Requests DEBUG 发送post请求 
2020-12-31 15:54:31,821 Requests DEBUG 发送post请求 
2020-12-31 15:54:31,867 Requests DEBUG 发送post请求 
2020-12-31 15:54:31,946 Requests DEBUG 发送post请求 
2020-12-31 15:54:32,024 Requests DEBUG 发送post请求 
2020-12-31 15:54:32,117 Requests DEBUG 发送post请求 
2020-12-31 15:54:32,180 Requests DEBUG 发送post请求 
2020-12-31 15:54:32,242 Requests DEBUG 发送post请求 
2020-12-31 15:54:32,274 Requests DEBUG 发送post请求 
2020-12-31 15:54:32,536 Requests DEBUG 发送post请求 
2020-12-31 15:54:32,582 Requests DEBUG 发送post请求 
2020-12-31 15:54:32,614 Requests DEBUG 发送post请求 
2020-12-31 15:54:32,676 Requests DEBUG 发送post请求 
2020-12-31 15:54:32,723 Requests DEBUG 发送post请求 
2020-12-31 15:54:32,801 Requests DEBUG 发送post请求 
2020-12-31 15:54:32,848 Requests DEBUG 发送post请求 
2020-12-31 15:54:32,895 Requests DEBUG 发送post请求 
2020-12-31 15:54:32,957 Requests DEBUG 发送post请求 
2020-12-31 15:54:33,332 Requests DEBUG 发送post请求 
2020-12-31 15:54:33,962 Requests DEBUG 发送post请求 
2020-12-31 15:54:34,353 Requests DEBUG 发送post请求 
2020-12-31 15:54:34,403 Requests DEBUG 发送post请求 
2020-12-31 15:54:34,468 Requests DEBUG 发送post请求 
2020-12-31 15:54:34,511 Requests DEBUG 发送post请求 
2020-12-31 15:54:34,589 Requests DEBUG 发送post请求 
2020-12-31 15:54:34,808 Requests DEBUG 发送post请求 
2020-12-31 15:54:34,855 Requests DEBUG 发送post请求 
2020-12-31 15:54:34,901 Requests DEBUG 发送post请求 
2020-12-31 15:54:34,964 Requests DEBUG 发送post请求 
2020-12-31 15:54:35,073 Requests DEBUG 发送post请求 
2020-12-31 15:54:35,136 Requests DEBUG 发送post请求 
2020-12-31 15:54:35,183 Requests DEBUG 发送post请求 
2020-12-31 15:54:35,214 Requests DEBUG 发送post请求 
2020-12-31 15:54:35,323 Requests DEBUG 发送post请求 
2020-12-31 15:54:35,429 Requests DEBUG 发送post请求 
2020-12-31 15:54:35,475 Requests DEBUG 发送post请求 
2020-12-31 15:54:35,578 Requests DEBUG 发送post请求 
2020-12-31 15:54:35,639 Requests DEBUG 发送post请求 
2020-12-31 15:54:35,686 Requests DEBUG 发送post请求 
2020-12-31 15:54:35,733 Requests DEBUG 发送post请求 
2020-12-31 15:54:35,764 Requests DEBUG 发送post请求 
2020-12-31 15:54:35,811 Requests DEBUG 发送post请求 
2020-12-31 15:54:35,920 Requests DEBUG 发送post请求 
2020-12-31 15:54:35,983 Requests DEBUG 发送post请求 
2020-12-31 15:54:36,061 Requests DEBUG 发送post请求 
2020-12-31 15:54:36,123 Requests DEBUG 发送post请求 
2020-12-31 15:54:36,201 Requests DEBUG 发送post请求 
2020-12-31 15:54:36,311 Requests DEBUG 发送post请求 
2020-12-31 15:54:36,373 Requests DEBUG 发送post请求 
2020-12-31 15:54:36,487 Requests DEBUG 发送post请求 
2020-12-31 15:54:36,529 Requests DEBUG 发送post请求 
2020-12-31 15:54:36,643 Requests DEBUG 发送post请求 
2020-12-31 15:54:36,706 Requests DEBUG 发送post请求 
2020-12-31 15:54:36,768 Requests DEBUG 发送post请求 
2020-12-31 15:54:36,847 Requests DEBUG 发送post请求 
2020-12-31 15:54:39,787 Requests DEBUG 发送post请求 
2020-12-31 15:54:41,636 Requests DEBUG 发送post请求 
2020-12-31 15:54:41,698 Requests DEBUG 发送post请求 
2020-12-31 15:54:41,745 Requests DEBUG 发送post请求 
2020-12-31 15:54:41,808 Requests DEBUG 发送post请求 
2020-12-31 15:54:41,870 D:\Users\Administrator\PycharmProjects\InterfaceTest\utils\LogUtil.py INFO 报告地址 
2020-12-31 16:13:01,079 Requests DEBUG 发送post请求 
2020-12-31 16:31:37,695 Requests DEBUG 发送post请求 
2020-12-31 16:36:55,967 Requests DEBUG 发送post请求 
2020-12-31 16:36:56,049 Requests DEBUG 发送post请求 
2020-12-31 16:36:56,106 Requests DEBUG 发送post请求 
2020-12-31 16:40:02,129 Requests DEBUG 发送post请求 
2020-12-31 16:40:02,245 Requests DEBUG 发送post请求 
2020-12-31 16:40:02,297 Requests DEBUG 发送post请求 
2020-12-31 16:40:32,441 Requests DEBUG 发送post请求 
2020-12-31 16:41:23,275 Requests DEBUG 发送post请求 
2020-12-31 16:45:45,096 Requests DEBUG 发送post请求 
2020-12-31 16:45:45,189 Requests DEBUG 发送post请求 
2020-12-31 16:50:28,367 Requests DEBUG 发送post请求 
2020-12-31 17:06:08,368 Requests DEBUG 发送post请求 
2020-12-31 17:09:32,155 Requests DEBUG 发送post请求 
2020-12-31 17:09:32,270 Requests DEBUG 发送post请求 
2020-12-31 17:09:32,327 Requests DEBUG 发送post请求 
2020-12-31 17:09:32,382 Requests DEBUG 发送post请求 
2020-12-31 17:09:32,530 Requests DEBUG 发送post请求 
2020-12-31 17:09:32,587 Requests DEBUG 发送post请求 
2020-12-31 17:09:32,630 Requests DEBUG 发送post请求 
2020-12-31 17:09:32,680 Requests DEBUG 发送post请求 
2020-12-31 17:09:32,720 AssertUtil ERROR 不包含或者body是错误，body is {'MonitorIndexFormulaList': [], 'Page': {'Current': 1, 'Total': 0}, 'ActionInfo': {'Success': True, 'ExceptionMsg': None, 'ExtendContent': None, 'IsExistsDevice': False, 'ActionUser': '', 'LogType': 0, 'ActionDateTime': '/Date(1609405772715+0800)/', 'ActionModel': None, 'LogParams': None, 'FunctionPoint': None}},expected_body is SystemName': '配电自动化', 'FormulaName': '配电设备1(CODE1-1)系统总效率' 
2020-12-31 17:09:32,910 Requests DEBUG 发送post请求 
2020-12-31 17:09:33,091 Requests DEBUG 发送post请求 
2020-12-31 17:09:33,146 Requests DEBUG 发送post请求 
2020-12-31 17:09:33,279 Requests DEBUG 发送post请求 
2020-12-31 17:09:33,331 Requests DEBUG 发送post请求 
2020-12-31 17:09:33,390 Requests DEBUG 发送post请求 
2020-12-31 17:09:33,444 Requests DEBUG 发送post请求 
2020-12-31 17:09:33,498 Requests DEBUG 发送post请求 
2020-12-31 17:09:33,541 Requests DEBUG 发送post请求 
2020-12-31 17:09:33,604 Requests DEBUG 发送post请求 
2020-12-31 17:09:33,663 Requests DEBUG 发送post请求 
2020-12-31 17:09:33,757 Requests DEBUG 发送post请求 
2020-12-31 17:09:33,803 Requests DEBUG 发送post请求 
2020-12-31 17:09:33,949 Requests DEBUG 发送post请求 
2020-12-31 17:09:34,003 Requests DEBUG 发送post请求 
2020-12-31 17:09:34,049 Requests DEBUG 发送post请求 
2020-12-31 17:09:34,109 Requests DEBUG 发送post请求 
2020-12-31 17:09:34,155 Requests DEBUG 发送post请求 
2020-12-31 17:09:34,201 Requests DEBUG 发送post请求 
2020-12-31 17:09:34,251 Requests DEBUG 发送post请求 
2020-12-31 17:09:34,305 Requests DEBUG 发送post请求 
2020-12-31 17:09:34,352 Requests DEBUG 发送post请求 
2020-12-31 17:09:34,390 Requests DEBUG 发送post请求 
2020-12-31 17:09:34,470 Requests DEBUG 发送post请求 
2020-12-31 17:09:34,522 Requests DEBUG 发送post请求 
2020-12-31 17:09:34,735 Requests DEBUG 发送post请求 
2020-12-31 17:09:34,888 Requests DEBUG 发送post请求 
2020-12-31 17:09:35,754 Requests DEBUG 发送post请求 
2020-12-31 17:09:35,801 Requests DEBUG 发送post请求 
2020-12-31 17:09:35,872 Requests DEBUG 发送post请求 
2020-12-31 17:09:35,905 Requests DEBUG 发送post请求 
2020-12-31 17:09:35,942 Requests DEBUG 发送post请求 
2020-12-31 17:09:36,161 Requests DEBUG 发送post请求 
2020-12-31 17:09:36,216 Requests DEBUG 发送post请求 
2020-12-31 17:09:36,268 Requests DEBUG 发送post请求 
2020-12-31 17:09:36,331 Requests DEBUG 发送post请求 
2020-12-31 17:09:36,445 Requests DEBUG 发送post请求 
2020-12-31 17:09:36,527 Requests DEBUG 发送post请求 
2020-12-31 17:09:36,571 Requests DEBUG 发送post请求 
2020-12-31 17:09:36,616 Requests DEBUG 发送post请求 
2020-12-31 17:09:36,734 Requests DEBUG 发送post请求 
2020-12-31 17:09:36,862 Requests DEBUG 发送post请求 
2020-12-31 17:09:36,907 Requests DEBUG 发送post请求 
2020-12-31 17:09:37,029 Requests DEBUG 发送post请求 
2020-12-31 17:09:37,103 Requests DEBUG 发送post请求 
2020-12-31 17:09:37,209 Requests DEBUG 发送post请求 
2020-12-31 17:09:37,318 Requests DEBUG 发送post请求 
2020-12-31 17:09:37,356 Requests DEBUG 发送post请求 
2020-12-31 17:09:37,392 Requests DEBUG 发送post请求 
2020-12-31 17:09:37,479 Requests DEBUG 发送post请求 
2020-12-31 17:09:37,554 Requests DEBUG 发送post请求 
2020-12-31 17:09:37,635 Requests DEBUG 发送post请求 
2020-12-31 17:09:37,679 Requests DEBUG 发送post请求 
2020-12-31 17:09:37,796 Requests DEBUG 发送post请求 
2020-12-31 17:09:37,894 Requests DEBUG 发送post请求 
2020-12-31 17:09:37,960 Requests DEBUG 发送post请求 
2020-12-31 17:09:37,988 Requests DEBUG 发送post请求 
2020-12-31 17:09:38,031 Requests DEBUG 发送post请求 
2020-12-31 17:09:38,150 Requests DEBUG 发送post请求 
2020-12-31 17:09:38,221 Requests DEBUG 发送post请求 
2020-12-31 17:09:38,273 Requests DEBUG 发送post请求 
2020-12-31 17:09:38,344 Requests DEBUG 发送post请求 
2020-12-31 17:09:40,408 Requests DEBUG 发送post请求 
2020-12-31 17:09:42,972 Requests DEBUG 发送post请求 
2020-12-31 17:09:43,053 Requests DEBUG 发送post请求 
2020-12-31 17:09:43,113 Requests DEBUG 发送post请求 
2020-12-31 17:09:43,183 Requests DEBUG 发送post请求 
2020-12-31 17:09:43,250 D:\Users\Administrator\PycharmProjects\InterfaceTest\utils\LogUtil.py INFO 报告地址 
2020-12-31 17:21:47,096 Requests DEBUG 发送post请求 
2020-12-31 17:21:47,253 Requests DEBUG 发送post请求 
2020-12-31 17:21:47,293 Requests DEBUG 发送post请求 
2020-12-31 17:21:47,375 Requests DEBUG 发送post请求 
2020-12-31 17:21:47,489 Requests DEBUG 发送post请求 
2020-12-31 17:21:47,605 Requests DEBUG 发送post请求 
2020-12-31 17:21:47,754 Requests DEBUG 发送post请求 
2020-12-31 17:21:47,807 Requests DEBUG 发送post请求 
2020-12-31 17:21:47,997 Requests DEBUG 发送post请求 
2020-12-31 17:21:48,135 Requests DEBUG 发送post请求 
2020-12-31 17:21:48,189 Requests DEBUG 发送post请求 
2020-12-31 17:21:48,334 Requests DEBUG 发送post请求 
2020-12-31 17:21:48,385 Requests DEBUG 发送post请求 
2020-12-31 17:21:48,440 Requests DEBUG 发送post请求 
2020-12-31 17:21:48,556 Requests DEBUG 发送post请求 
2020-12-31 17:21:48,671 Requests DEBUG 发送post请求 
2020-12-31 17:21:48,715 Requests DEBUG 发送post请求 
2020-12-31 17:21:48,780 Requests DEBUG 发送post请求 
2020-12-31 17:21:48,848 Requests DEBUG 发送post请求 
2020-12-31 17:21:48,986 Requests DEBUG 发送post请求 
2020-12-31 17:21:49,042 Requests DEBUG 发送post请求 
2020-12-31 17:21:49,185 Requests DEBUG 发送post请求 
2020-12-31 17:21:49,237 Requests DEBUG 发送post请求 
2020-12-31 17:21:49,283 Requests DEBUG 发送post请求 
2020-12-31 17:21:49,364 Requests DEBUG 发送post请求 
2020-12-31 17:21:49,405 Requests DEBUG 发送post请求 
2020-12-31 17:21:49,449 Requests DEBUG 发送post请求 
2020-12-31 17:21:49,511 Requests DEBUG 发送post请求 
2020-12-31 17:21:49,564 Requests DEBUG 发送post请求 
2020-12-31 17:21:49,610 Requests DEBUG 发送post请求 
2020-12-31 17:21:49,657 Requests DEBUG 发送post请求 
2020-12-31 17:21:49,770 Requests DEBUG 发送post请求 
2020-12-31 17:21:49,838 Requests DEBUG 发送post请求 
2020-12-31 17:21:50,202 Requests DEBUG 发送post请求 
2020-12-31 17:21:51,252 Requests DEBUG 发送post请求 
2020-12-31 17:21:52,260 Requests DEBUG 发送post请求 
2020-12-31 17:21:52,313 Requests DEBUG 发送post请求 
2020-12-31 17:21:52,391 Requests DEBUG 发送post请求 
2020-12-31 17:21:52,422 Requests DEBUG 发送post请求 
2020-12-31 17:21:52,485 Requests DEBUG 发送post请求 
2020-12-31 17:21:52,719 Requests DEBUG 发送post请求 
2020-12-31 17:21:52,766 Requests DEBUG 发送post请求 
2020-12-31 17:21:52,797 Requests DEBUG 发送post请求 
2020-12-31 17:21:52,891 Requests DEBUG 发送post请求 
2020-12-31 17:21:52,985 Requests DEBUG 发送post请求 
2020-12-31 17:21:53,063 Requests DEBUG 发送post请求 
2020-12-31 17:21:53,094 Requests DEBUG 发送post请求 
2020-12-31 17:21:53,156 Requests DEBUG 发送post请求 
2020-12-31 17:21:53,313 Requests DEBUG 发送post请求 
2020-12-31 17:21:53,550 Requests DEBUG 发送post请求 
2020-12-31 17:21:53,631 Requests DEBUG 发送post请求 
2020-12-31 17:21:53,778 Requests DEBUG 发送post请求 
2020-12-31 17:21:53,901 Requests DEBUG 发送post请求 
2020-12-31 17:21:54,177 Requests DEBUG 发送post请求 
2020-12-31 17:21:54,448 Requests DEBUG 发送post请求 
2020-12-31 17:21:54,486 Requests DEBUG 发送post请求 
2020-12-31 17:21:54,534 Requests DEBUG 发送post请求 
2020-12-31 17:21:54,619 Requests DEBUG 发送post请求 
2020-12-31 17:21:54,695 Requests DEBUG 发送post请求 
2020-12-31 17:21:54,828 Requests DEBUG 发送post请求 
2020-12-31 17:21:54,879 Requests DEBUG 发送post请求 
2020-12-31 17:21:54,974 Requests DEBUG 发送post请求 
2020-12-31 17:21:55,069 Requests DEBUG 发送post请求 
2020-12-31 17:21:55,125 Requests DEBUG 发送post请求 
2020-12-31 17:21:55,170 Requests DEBUG 发送post请求 
2020-12-31 17:21:55,225 Requests DEBUG 发送post请求 
2020-12-31 17:21:55,366 Requests DEBUG 发送post请求 
2020-12-31 17:21:55,449 Requests DEBUG 发送post请求 
2020-12-31 17:21:55,496 Requests DEBUG 发送post请求 
2020-12-31 17:21:55,590 Requests DEBUG 发送post请求 
2020-12-31 17:21:57,863 Requests DEBUG 发送post请求 
2020-12-31 17:22:00,251 Requests DEBUG 发送post请求 
2020-12-31 17:22:00,328 Requests DEBUG 发送post请求 
2020-12-31 17:22:00,414 Requests DEBUG 发送post请求 
2020-12-31 17:22:00,485 Requests DEBUG 发送post请求 
2020-12-31 17:22:00,544 D:\Users\Administrator\PycharmProjects\InterfaceTest\utils\LogUtil.py INFO 报告地址 
