2020-12-25 14:35:58,444 Requests DEBUG 发送post请求 
2020-12-25 14:37:10,450 Requests DEBUG 发送post请求 
2020-12-25 14:44:21,559 Requests DEBUG 发送post请求 
2020-12-25 14:46:42,735 Requests DEBUG 发送post请求 
2020-12-25 15:04:07,452 Requests DEBUG 发送post请求 
2020-12-25 15:05:37,232 Requests DEBUG 发送post请求 
2020-12-25 15:06:17,819 Requests DEBUG 发送post请求 
2020-12-25 15:17:16,032 Requests DEBUG 发送post请求 
2020-12-25 15:22:41,321 Requests DEBUG 发送post请求 
2020-12-25 15:23:13,872 Requests DEBUG 发送post请求 
2020-12-25 15:40:18,768 Requests DEBUG 发送post请求 
2020-12-25 15:57:53,441 Requests DEBUG 发送post请求 
2020-12-25 16:23:16,595 Requests DEBUG 发送post请求 
2020-12-25 16:24:01,940 Requests DEBUG 发送post请求 
2020-12-25 16:25:46,971 Requests DEBUG 发送post请求 
2020-12-25 16:26:21,252 Requests DEBUG 发送post请求 
2020-12-25 16:27:00,902 Requests DEBUG 发送post请求 
2020-12-25 16:27:17,913 Requests DEBUG 发送post请求 
2020-12-25 16:28:34,235 Requests DEBUG 发送post请求 
2020-12-25 16:29:13,745 Requests DEBUG 发送post请求 
2020-12-25 16:29:31,299 Requests DEBUG 发送post请求 
2020-12-25 16:29:44,891 Requests DEBUG 发送post请求 
2020-12-25 16:30:06,707 Requests DEBUG 发送post请求 
2020-12-25 16:30:30,311 Requests DEBUG 发送post请求 
2020-12-25 16:30:44,978 Requests DEBUG 发送post请求 
2020-12-25 16:33:36,557 Requests DEBUG 发送post请求 
2020-12-25 16:33:53,464 Requests DEBUG 发送post请求 
2020-12-25 16:42:19,974 Requests DEBUG 发送post请求 
2020-12-25 16:51:44,380 Requests DEBUG 发送post请求 
2020-12-25 16:54:42,646 Requests DEBUG 发送post请求 
2020-12-25 16:58:54,702 Requests DEBUG 发送post请求 
2020-12-25 16:59:19,539 Requests DEBUG 发送post请求 
2020-12-25 16:59:19,572 AssertUtil ERROR 不包含或者body是错误，body is {"Exception":"Unexpected character encountered while parsing value: \. Line 1, position 58."},expected_body is 'ExceptionMeg': '保存成功!' 
2020-12-25 16:59:41,610 Requests DEBUG 发送post请求 
2020-12-25 16:59:41,635 AssertUtil ERROR 不包含或者body是错误，body is {"Exception":"Unexpected character encountered while parsing value: \. Line 1, position 58."},expected_body is 'ExceptionMeg': '保存成功!' 
2020-12-25 17:00:04,593 Requests DEBUG 发送post请求 
2020-12-25 17:00:04,656 AssertUtil ERROR 不包含或者body是错误，body is {'IsSucess': False, 'TreeName': None, 'ExceptionMeg': '违反了 PRIMARY KEY 约束“PK__TB_IMS_L__3214EC27B8F5ECF4”。不能在对象“dbo.TB_IMS_LINKAGECONTROLGROUP”中插入重复键。重复键值为 (14)。\r\n语句已终止。'},expected_body is 'ExceptionMeg': '保存成功!' 
2020-12-25 17:00:20,771 Requests DEBUG 发送post请求 
2020-12-25 17:00:20,810 AssertUtil ERROR 不包含或者body是错误，body is {'IsSucess': False, 'TreeName': None, 'ExceptionMeg': '违反了 PRIMARY KEY 约束“PK__TB_IMS_L__3214EC27B8F5ECF4”。不能在对象“dbo.TB_IMS_LINKAGECONTROLGROUP”中插入重复键。重复键值为 (14)。\r\n语句已终止。'},expected_body is 'ExceptionMeg': '保存成功!' 
2020-12-25 17:00:30,844 Requests DEBUG 发送post请求 
2020-12-25 17:00:30,906 AssertUtil ERROR 不包含或者body是错误，body is {'IsSucess': False, 'TreeName': None, 'ExceptionMeg': '违反了 PRIMARY KEY 约束“PK__TB_IMS_L__3214EC27B8F5ECF4”。不能在对象“dbo.TB_IMS_LINKAGECONTROLGROUP”中插入重复键。重复键值为 (14)。\r\n语句已终止。'},expected_body is 'ExceptionMeg': '保存成功!' 
2020-12-25 17:00:53,758 Requests DEBUG 发送post请求 
2020-12-25 17:01:53,140 Requests DEBUG 发送post请求 
2020-12-25 17:02:24,941 Requests DEBUG 发送post请求 
2020-12-25 17:03:32,333 Requests DEBUG 发送post请求 
2020-12-25 17:08:31,280 Requests DEBUG 发送post请求 
2020-12-25 17:11:13,637 Requests DEBUG 发送post请求 
2020-12-25 17:11:13,738 Requests DEBUG 发送post请求 
2020-12-25 17:12:21,505 Requests DEBUG 发送post请求 
2020-12-25 17:12:21,552 Requests DEBUG 发送post请求 
2020-12-25 17:12:21,613 Requests DEBUG 发送post请求 
2020-12-25 17:15:33,193 Requests DEBUG 发送post请求 
2020-12-25 17:15:33,258 Requests DEBUG 发送post请求 
2020-12-25 17:15:33,293 Requests DEBUG 发送post请求 
2020-12-25 17:21:16,708 Requests DEBUG 发送post请求 
2020-12-25 17:22:56,953 Requests DEBUG 发送post请求 
2020-12-25 17:24:07,975 Requests DEBUG 发送post请求 
2020-12-25 17:35:22,351 Requests DEBUG 发送post请求 
2020-12-25 17:36:45,307 Requests DEBUG 发送post请求 
2020-12-25 17:38:34,086 Requests DEBUG 发送post请求 
2020-12-25 17:41:19,598 Requests DEBUG 发送post请求 
2020-12-25 17:42:54,248 Requests DEBUG 发送post请求 
2020-12-25 17:42:56,342 AssertUtil ERROR 不包含或者body是错误，body is {'Exception': '“NTS.EMS.Config.BLL.MonitorBasicConfigBll”的类型初始值设定项引发异常。'},expected_body is ClassType': 0, 'Ext': '', 'ID': 3, 'SystemId': 1 
2020-12-25 17:42:56,530 Requests DEBUG 发送post请求 
2020-12-25 17:42:56,546 AssertUtil ERROR 不包含或者body是错误，body is {'Exception': '“NTS.EMS.Config.BLL.MonitorBasicConfigBll”的类型初始值设定项引发异常。'},expected_body is IndexName': '系统联动', 'IndexFormula': 'YC_20004000=30' 
2020-12-25 17:42:56,577 Requests DEBUG 发送post请求 
2020-12-25 17:42:56,624 AssertUtil ERROR 不包含或者body是错误，body is {'Exception': '“NTS.EMS.Config.BLL.MonitorBasicConfigBll”的类型初始值设定项引发异常。'},expected_body is MonitorIndexFormulaList': [], 'Page': {'Current': 1, 'Total': 0} 
2020-12-25 17:42:56,655 Requests DEBUG 发送post请求 
2020-12-25 17:42:56,686 AssertUtil ERROR 不包含或者body是错误，body is {'Exception': '“NTS.EMS.Config.BLL.MonitorBasicConfigBll”的类型初始值设定项引发异常。'},expected_body is StationList': [{'StationId': 0, 'StationName': '管理机厂站'}, {'StationId': 1, 'StationName': '前置厂站1'}, {'StationId': 8, 'StationName': 'PLC'}] 
2020-12-25 17:42:56,717 Requests DEBUG 发送post请求 
2020-12-25 17:42:56,749 AssertUtil ERROR 不包含或者body是错误，body is {'Exception': '“NTS.EMS.Config.BLL.MonitorBasicConfigBll”的类型初始值设定项引发异常。'},expected_body is {'DeviceId': 300, 'DeviceName': '1设备300：'} 
2020-12-25 17:42:56,780 Requests DEBUG 发送post请求 
2020-12-25 17:42:56,796 AssertUtil ERROR 不包含或者body是错误，body is {'Exception': '“NTS.EMS.Config.BLL.MonitorBasicConfigBll”的类型初始值设定项引发异常。'},expected_body is {'PointId': 20002014, 'PointType': 20, 'PointTypeName': '脉冲量', 'PointName': '脉冲量点15'} 
2020-12-25 17:42:56,842 Requests DEBUG 发送post请求 
2020-12-25 17:42:56,889 AssertUtil ERROR 不包含或者body是错误，body is {'Exception': '“NTS.EMS.Config.BLL.MonitorBasicConfigBll”的类型初始值设定项引发异常。'},expected_body is IsSucess': True 
2020-12-25 17:42:56,952 Requests DEBUG 发送post请求 
2020-12-25 17:42:56,967 AssertUtil ERROR 不包含或者body是错误，body is {'Exception': '“NTS.EMS.Config.BLL.MonitorBasicConfigBll”的类型初始值设定项引发异常。'},expected_body is IsSucess': False 
2020-12-25 17:42:56,999 Requests DEBUG 发送post请求 
2020-12-25 17:42:57,030 AssertUtil ERROR 不包含或者body是错误，body is {'Exception': '“NTS.EMS.Config.BLL.MonitorBasicConfigBll”的类型初始值设定项引发异常。'},expected_body is ExceptionMeg': '删除成功！' 
2020-12-25 17:42:57,077 Requests DEBUG 发送post请求 
2020-12-25 17:42:57,233 Requests DEBUG 发送post请求 
2020-12-25 17:42:57,311 Requests DEBUG 发送post请求 
2020-12-25 17:42:57,561 Requests DEBUG 发送post请求 
2020-12-25 17:42:57,592 Requests DEBUG 发送post请求 
2020-12-25 17:42:57,655 Requests DEBUG 发送post请求 
2020-12-25 17:42:57,717 Requests DEBUG 发送post请求 
2020-12-25 17:42:57,764 Requests DEBUG 发送post请求 
2020-12-25 17:42:57,827 Requests DEBUG 发送post请求 
2020-12-25 17:42:58,264 Requests DEBUG 发送post请求 
2020-12-25 17:42:58,342 Requests DEBUG 发送post请求 
2020-12-25 17:42:58,514 Requests DEBUG 发送post请求 
2020-12-25 17:42:58,686 Requests DEBUG 发送post请求 
2020-12-25 17:42:59,561 Requests DEBUG 发送post请求 
2020-12-25 17:42:59,608 Requests DEBUG 发送post请求 
2020-12-25 17:42:59,702 Requests DEBUG 发送post请求 
2020-12-25 17:42:59,749 Requests DEBUG 发送post请求 
2020-12-25 17:42:59,811 Requests DEBUG 发送post请求 
2020-12-25 17:42:59,936 Requests DEBUG 发送post请求 
2020-12-25 17:42:59,967 Requests DEBUG 发送post请求 
2020-12-25 17:43:00,124 Requests DEBUG 发送post请求 
2020-12-25 17:43:00,186 Requests DEBUG 发送post请求 
2020-12-25 17:43:00,233 Requests DEBUG 发送post请求 
2020-12-25 17:43:00,421 Requests DEBUG 发送post请求 
2020-12-25 17:43:00,624 Requests DEBUG 发送post请求 
2020-12-25 17:43:00,686 Requests DEBUG 发送post请求 
2020-12-25 17:43:00,952 Requests DEBUG 发送post请求 
2020-12-25 17:43:01,030 Requests DEBUG 发送post请求 
2020-12-25 17:43:01,296 Requests DEBUG 发送post请求 
2020-12-25 17:43:01,530 Requests DEBUG 发送post请求 
2020-12-25 17:43:01,561 Requests DEBUG 发送post请求 
2020-12-25 17:43:01,624 Requests DEBUG 发送post请求 
2020-12-25 17:43:01,686 Requests DEBUG 发送post请求 
2020-12-25 17:43:01,764 Requests DEBUG 发送post请求 
2020-12-25 17:43:01,843 Requests DEBUG 发送post请求 
2020-12-25 17:43:02,046 D:\Users\Administrator\PycharmProjects\InterfaceTest\utils\LogUtil.py INFO 报告地址 
2020-12-25 18:24:01,720 Requests DEBUG 发送post请求 
2020-12-25 18:24:01,783 Requests DEBUG 发送post请求 
2020-12-25 18:24:01,876 Requests DEBUG 发送post请求 
2020-12-25 18:24:01,970 Requests DEBUG 发送post请求 
2020-12-25 18:24:02,001 Requests DEBUG 发送post请求 
2020-12-25 18:24:02,080 Requests DEBUG 发送post请求 
2020-12-25 18:24:02,158 Requests DEBUG 发送post请求 
2020-12-25 18:24:02,392 Requests DEBUG 发送post请求 
2020-12-25 18:24:02,455 Requests DEBUG 发送post请求 
2020-12-25 18:24:02,501 Requests DEBUG 发送post请求 
2020-12-25 18:24:02,580 Requests DEBUG 发送post请求 
2020-12-25 18:24:02,642 Requests DEBUG 发送post请求 
2020-12-25 18:24:02,705 Requests DEBUG 发送post请求 
2020-12-25 18:24:02,767 Requests DEBUG 发送post请求 
2020-12-25 18:24:02,830 Requests DEBUG 发送post请求 
2020-12-25 18:24:02,876 Requests DEBUG 发送post请求 
2020-12-25 18:24:02,923 Requests DEBUG 发送post请求 
2020-12-25 18:24:02,970 Requests DEBUG 发送post请求 
2020-12-25 18:24:03,095 Requests DEBUG 发送post请求 
2020-12-25 18:24:03,158 Requests DEBUG 发送post请求 
2020-12-25 18:24:03,481 Requests DEBUG 发送post请求 
2020-12-25 18:24:04,520 Requests DEBUG 发送post请求 
2020-12-25 18:24:05,531 Requests DEBUG 发送post请求 
2020-12-25 18:24:05,578 Requests DEBUG 发送post请求 
2020-12-25 18:24:05,641 Requests DEBUG 发送post请求 
2020-12-25 18:24:05,695 Requests DEBUG 发送post请求 
2020-12-25 18:24:05,750 Requests DEBUG 发送post请求 
2020-12-25 18:24:06,033 Requests DEBUG 发送post请求 
2020-12-25 18:24:06,080 Requests DEBUG 发送post请求 
2020-12-25 18:24:06,189 Requests DEBUG 发送post请求 
2020-12-25 18:24:06,267 Requests DEBUG 发送post请求 
2020-12-25 18:24:06,330 Requests DEBUG 发送post请求 
2020-12-25 18:24:06,455 Requests DEBUG 发送post请求 
2020-12-25 18:24:06,564 Requests DEBUG 发送post请求 
2020-12-25 18:24:06,611 Requests DEBUG 发送post请求 
2020-12-25 18:24:06,803 Requests DEBUG 发送post请求 
2020-12-25 18:24:06,868 Requests DEBUG 发送post请求 
2020-12-25 18:24:06,962 Requests DEBUG 发送post请求 
2020-12-25 18:24:07,046 Requests DEBUG 发送post请求 
2020-12-25 18:24:07,121 Requests DEBUG 发送post请求 
2020-12-25 18:24:07,167 Requests DEBUG 发送post请求 
2020-12-25 18:24:07,298 Requests DEBUG 发送post请求 
2020-12-25 18:24:07,351 Requests DEBUG 发送post请求 
2020-12-25 18:24:07,473 Requests DEBUG 发送post请求 
2020-12-25 18:24:07,532 D:\Users\Administrator\PycharmProjects\InterfaceTest\utils\LogUtil.py INFO 报告地址 
