2020-12-17 15:12:02,783 Requests DEBUG 发送post请求 
2020-12-17 15:12:03,112 Requests DEBUG 发送post请求 
2020-12-17 15:12:03,221 Requests DEBUG 发送post请求 
2020-12-17 15:12:03,299 Requests DEBUG 发送post请求 
2020-12-17 15:12:03,393 Requests DEBUG 发送post请求 
2020-12-17 15:12:03,487 Requests DEBUG 发送post请求 
2020-12-17 15:12:03,690 Requests DEBUG 发送post请求 
2020-12-17 15:12:03,846 Requests DEBUG 发送post请求 
2020-12-17 15:12:03,893 Requests DEBUG 发送post请求 
2020-12-17 15:12:09,847 Requests DEBUG 发送post请求 
2020-12-17 15:12:09,925 Requests DEBUG 发送post请求 
2020-12-17 15:12:09,987 Requests DEBUG 发送post请求 
2020-12-17 15:12:10,050 Requests DEBUG 发送post请求 
2020-12-17 15:12:10,237 Requests DEBUG 发送post请求 
2020-12-17 15:12:11,550 Requests DEBUG 发送post请求 
2020-12-17 15:12:11,659 Requests DEBUG 发送post请求 
2020-12-17 15:12:11,706 Requests DEBUG 发送post请求 
2020-12-17 15:12:11,737 Requests DEBUG 发送post请求 
2020-12-17 15:12:12,018 Requests DEBUG 发送post请求 
2020-12-17 15:12:12,222 Requests DEBUG 发送post请求 
2020-12-17 15:12:12,862 Requests DEBUG 发送post请求 
2020-12-17 15:12:13,034 Requests DEBUG 发送post请求 
2020-12-17 15:12:13,503 Requests DEBUG 发送post请求 
2020-12-17 15:12:13,659 Requests DEBUG 发送post请求 
2020-12-17 15:12:13,784 Requests DEBUG 发送post请求 
2020-12-17 15:12:15,034 Requests DEBUG 发送post请求 
2020-12-17 15:12:15,925 Requests DEBUG 发送post请求 
2020-12-17 15:12:17,034 AssertUtil ERROR 不包含或者body是错误，body is {'ActionInfo': {'ErrorCode': 0, 'Success': True, 'ExceptionMsg': '', 'ExtendContent': None}, 'Page': {'Current': 1, 'Total': 0}, 'SysId': 0, 'SysName': '全系统', 'ShowName': None, 'SysMcode': '0', 'PrimaryCount': {'TotalCount': 20, 'StartCount': 0, 'StopCount': 0, 'RunCount': 0, 'BreakDownCount': 0, 'OnLineCount': 0, 'OffLineCount': 20}, 'SecondaryCount': {'TotalCount': 40, 'StartCount': 0, 'StopCount': 0, 'RunCount': 4, 'BreakDownCount': 16, 'OnLineCount': 0, 'OffLineCount': 0}, 'DeviceInfo': []},expected_body is Page': {'Current': 1, 'Total': 5}, 'SysId': 0, 'SysName': '全系统' 
2020-12-17 15:12:17,315 Requests DEBUG 发送post请求 
2020-12-17 15:12:18,550 AssertUtil ERROR 不包含或者body是错误，body is {'ActionInfo': {'ErrorCode': 0, 'Success': False, 'ExceptionMsg': '无法连接到远程服务器', 'ExtendContent': None}, 'Page': {'Current': 0, 'Total': 0}, 'totalRun': 0, 'TotalBreakDown': 0, 'TotalOnline': 0, 'TotalOffline': 0, 'list': []},expected_body is Page': {'Current': 1, 'Total': 5} 
2020-12-17 15:12:18,581 Requests DEBUG 发送post请求 
2020-12-17 15:12:19,644 AssertUtil ERROR 不包含或者body是错误，body is {'ActionInfo': {'ErrorCode': 0, 'Success': False, 'ExceptionMsg': '无法连接到远程服务器', 'ExtendContent': None}, 'Page': {'Current': 0, 'Total': 0}, 'totalRun': 0, 'TotalBreakDown': 0, 'TotalOnline': 0, 'TotalOffline': 0, 'list': []},expected_body is Page': {'Current': 1, 'Total': 15} 
2020-12-17 15:12:19,675 Requests DEBUG 发送post请求 
2020-12-17 15:12:20,815 AssertUtil ERROR 不包含或者body是错误，body is {'ActionInfo': {'ErrorCode': 0, 'Success': False, 'ExceptionMsg': '无法连接到远程服务器', 'ExtendContent': None}, 'Page': {'Current': 0, 'Total': 0}, 'totalRun': 0, 'TotalBreakDown': 0, 'TotalOnline': 0, 'TotalOffline': 0, 'list': []},expected_body is Page': {'Current': 1, 'Total': 5} 
2020-12-17 15:12:20,847 Requests DEBUG 发送post请求 
2020-12-17 15:12:21,175 Requests DEBUG 发送post请求 
2020-12-17 15:12:21,331 Requests DEBUG 发送post请求 
2020-12-17 15:12:21,472 Requests DEBUG 发送post请求 
2020-12-17 15:12:21,503 Requests DEBUG 发送post请求 
2020-12-17 15:12:21,519 Requests DEBUG 发送post请求 
2020-12-17 15:12:21,550 Requests DEBUG 发送post请求 
2020-12-17 15:12:21,925 Requests DEBUG 发送post请求 
2020-12-17 15:12:22,065 Requests DEBUG 发送post请求 
2020-12-17 15:12:22,394 Requests DEBUG 发送post请求 
2020-12-17 15:12:22,722 Requests DEBUG 发送post请求 
2020-12-17 15:12:23,175 Requests DEBUG 发送post请求 
2020-12-17 15:12:23,784 Requests DEBUG 发送post请求 
2020-12-17 15:12:24,112 Requests DEBUG 发送post请求 
2020-12-17 15:12:24,691 Requests DEBUG 发送post请求 
2020-12-17 15:12:25,253 Requests DEBUG 发送post请求 
2020-12-17 15:12:25,565 Requests DEBUG 发送post请求 
2020-12-17 15:12:27,878 Requests DEBUG 发送post请求 
2020-12-17 15:12:28,534 Requests DEBUG 发送post请求 
2020-12-17 15:12:29,175 Requests DEBUG 发送post请求 
2020-12-17 15:12:29,237 Requests DEBUG 发送post请求 
2020-12-17 15:12:29,566 Requests DEBUG 发送post请求 
2020-12-17 15:12:29,769 Requests DEBUG 发送post请求 
2020-12-17 15:12:30,503 D:\Users\Administrator\PycharmProjects\InterfaceTest\utils\LogUtil.py INFO 报告地址 
2020-12-17 15:24:06,357 Requests DEBUG 发送post请求 
2020-12-17 15:24:06,420 Requests DEBUG 发送post请求 
2020-12-17 15:24:06,467 Requests DEBUG 发送post请求 
2020-12-17 15:24:06,514 Requests DEBUG 发送post请求 
2020-12-17 15:24:06,545 Requests DEBUG 发送post请求 
2020-12-17 15:24:06,639 Requests DEBUG 发送post请求 
2020-12-17 15:24:06,686 Requests DEBUG 发送post请求 
2020-12-17 15:24:06,811 Requests DEBUG 发送post请求 
2020-12-17 15:24:06,842 Requests DEBUG 发送post请求 
2020-12-17 15:24:06,951 Requests DEBUG 发送post请求 
2020-12-17 15:24:06,998 Requests DEBUG 发送post请求 
2020-12-17 15:24:07,076 Requests DEBUG 发送post请求 
2020-12-17 15:24:07,123 Requests DEBUG 发送post请求 
2020-12-17 15:24:07,170 Requests DEBUG 发送post请求 
2020-12-17 15:24:07,279 Requests DEBUG 发送post请求 
2020-12-17 15:24:07,404 Requests DEBUG 发送post请求 
2020-12-17 15:24:07,467 Requests DEBUG 发送post请求 
2020-12-17 15:24:07,514 Requests DEBUG 发送post请求 
2020-12-17 15:24:07,607 Requests DEBUG 发送post请求 
2020-12-17 15:24:07,764 Requests DEBUG 发送post请求 
2020-12-17 15:24:07,873 Requests DEBUG 发送post请求 
2020-12-17 15:24:08,029 Requests DEBUG 发送post请求 
2020-12-17 15:24:08,186 Requests DEBUG 发送post请求 
2020-12-17 15:24:08,311 Requests DEBUG 发送post请求 
2020-12-17 15:24:08,420 Requests DEBUG 发送post请求 
2020-12-17 15:24:09,326 Requests DEBUG 发送post请求 
2020-12-17 15:24:10,389 Requests DEBUG 发送post请求 
2020-12-17 15:24:11,498 AssertUtil ERROR 不包含或者body是错误，body is {'ActionInfo': {'ErrorCode': 0, 'Success': False, 'ExceptionMsg': '无法连接到远程服务器', 'ExtendContent': None}, 'Page': {'Current': 0, 'Total': 0}, 'totalRun': 0, 'TotalBreakDown': 0, 'TotalOnline': 0, 'TotalOffline': 0, 'list': []},expected_body is Page': {'Current': 1, 'Total': 5} 
2020-12-17 15:24:11,623 Requests DEBUG 发送post请求 
2020-12-17 15:24:12,701 AssertUtil ERROR 不包含或者body是错误，body is {'ActionInfo': {'ErrorCode': 0, 'Success': False, 'ExceptionMsg': '无法连接到远程服务器', 'ExtendContent': None}, 'Page': {'Current': 0, 'Total': 0}, 'totalRun': 0, 'TotalBreakDown': 0, 'TotalOnline': 0, 'TotalOffline': 0, 'list': []},expected_body is Page': {'Current': 1, 'Total': 15} 
2020-12-17 15:24:12,733 Requests DEBUG 发送post请求 
2020-12-17 15:24:13,811 AssertUtil ERROR 不包含或者body是错误，body is {'ActionInfo': {'ErrorCode': 0, 'Success': False, 'ExceptionMsg': '无法连接到远程服务器', 'ExtendContent': None}, 'Page': {'Current': 0, 'Total': 0}, 'totalRun': 0, 'TotalBreakDown': 0, 'TotalOnline': 0, 'TotalOffline': 0, 'list': []},expected_body is Page': {'Current': 1, 'Total': 5} 
2020-12-17 15:24:13,842 Requests DEBUG 发送post请求 
2020-12-17 15:24:14,045 Requests DEBUG 发送post请求 
2020-12-17 15:24:14,217 Requests DEBUG 发送post请求 
2020-12-17 15:24:14,279 Requests DEBUG 发送post请求 
2020-12-17 15:24:14,311 Requests DEBUG 发送post请求 
2020-12-17 15:24:14,342 Requests DEBUG 发送post请求 
2020-12-17 15:24:14,389 Requests DEBUG 发送post请求 
2020-12-17 15:24:14,498 Requests DEBUG 发送post请求 
2020-12-17 15:24:14,592 Requests DEBUG 发送post请求 
2020-12-17 15:24:14,873 Requests DEBUG 发送post请求 
2020-12-17 15:24:14,983 Requests DEBUG 发送post请求 
2020-12-17 15:24:15,389 Requests DEBUG 发送post请求 
2020-12-17 15:24:15,733 Requests DEBUG 发送post请求 
2020-12-17 15:24:16,154 Requests DEBUG 发送post请求 
2020-12-17 15:24:16,545 Requests DEBUG 发送post请求 
2020-12-17 15:24:16,936 Requests DEBUG 发送post请求 
2020-12-17 15:24:16,998 Requests DEBUG 发送post请求 
2020-12-17 15:24:17,279 Requests DEBUG 发送post请求 
2020-12-17 15:24:17,654 Requests DEBUG 发送post请求 
2020-12-17 15:24:17,701 Requests DEBUG 发送post请求 
2020-12-17 15:24:17,748 Requests DEBUG 发送post请求 
2020-12-17 15:24:17,826 Requests DEBUG 发送post请求 
2020-12-17 15:24:17,936 Requests DEBUG 发送post请求 
2020-12-17 15:24:18,092 D:\Users\Administrator\PycharmProjects\InterfaceTest\utils\LogUtil.py INFO 报告地址 
2020-12-17 15:58:28,219 Requests DEBUG 发送post请求 
2020-12-17 15:58:28,297 Requests DEBUG 发送post请求 
2020-12-17 15:58:28,344 Requests DEBUG 发送post请求 
2020-12-17 15:58:28,391 Requests DEBUG 发送post请求 
2020-12-17 15:58:28,422 Requests DEBUG 发送post请求 
2020-12-17 15:58:28,484 Requests DEBUG 发送post请求 
2020-12-17 15:58:28,625 Requests DEBUG 发送post请求 
2020-12-17 15:58:28,797 Requests DEBUG 发送post请求 
2020-12-17 15:58:28,828 Requests DEBUG 发送post请求 
2020-12-17 15:58:29,203 Requests DEBUG 发送post请求 
2020-12-17 15:58:29,281 Requests DEBUG 发送post请求 
2020-12-17 15:58:29,328 Requests DEBUG 发送post请求 
2020-12-17 15:58:29,391 Requests DEBUG 发送post请求 
2020-12-17 15:58:29,437 Requests DEBUG 发送post请求 
2020-12-17 15:58:30,109 Requests DEBUG 发送post请求 
2020-12-17 15:58:30,219 Requests DEBUG 发送post请求 
2020-12-17 15:58:30,266 Requests DEBUG 发送post请求 
2020-12-17 15:58:30,297 Requests DEBUG 发送post请求 
2020-12-17 15:58:30,375 Requests DEBUG 发送post请求 
2020-12-17 15:58:30,516 Requests DEBUG 发送post请求 
2020-12-17 15:58:30,625 Requests DEBUG 发送post请求 
2020-12-17 15:58:30,781 Requests DEBUG 发送post请求 
2020-12-17 15:58:31,031 Requests DEBUG 发送post请求 
2020-12-17 15:58:31,156 Requests DEBUG 发送post请求 
2020-12-17 15:58:31,234 Requests DEBUG 发送post请求 
2020-12-17 15:58:32,188 Requests DEBUG 发送post请求 
2020-12-17 15:58:33,234 Requests DEBUG 发送post请求 
2020-12-17 15:58:37,328 Requests DEBUG 发送post请求 
2020-12-17 15:58:39,359 Requests DEBUG 发送post请求 
2020-12-17 15:58:43,517 Requests DEBUG 发送post请求 
2020-12-17 15:58:43,751 Requests DEBUG 发送post请求 
2020-12-17 15:58:43,954 Requests DEBUG 发送post请求 
2020-12-17 15:58:44,142 Requests DEBUG 发送post请求 
2020-12-17 15:58:44,189 Requests DEBUG 发送post请求 
2020-12-17 15:58:44,220 Requests DEBUG 发送post请求 
2020-12-17 15:58:44,267 Requests DEBUG 发送post请求 
2020-12-17 15:58:44,610 Requests DEBUG 发送post请求 
2020-12-17 15:58:44,689 Requests DEBUG 发送post请求 
2020-12-17 15:58:45,017 Requests DEBUG 发送post请求 
2020-12-17 15:58:45,220 Requests DEBUG 发送post请求 
2020-12-17 15:58:45,626 Requests DEBUG 发送post请求 
2020-12-17 15:58:45,985 Requests DEBUG 发送post请求 
2020-12-17 15:58:46,360 Requests DEBUG 发送post请求 
2020-12-17 15:58:46,782 Requests DEBUG 发送post请求 
2020-12-17 15:58:47,204 Requests DEBUG 发送post请求 
2020-12-17 15:58:47,267 Requests DEBUG 发送post请求 
2020-12-17 15:58:47,532 Requests DEBUG 发送post请求 
2020-12-17 15:58:47,892 Requests DEBUG 发送post请求 
2020-12-17 15:58:48,064 Requests DEBUG 发送post请求 
2020-12-17 15:58:48,126 Requests DEBUG 发送post请求 
2020-12-17 15:58:48,298 Requests DEBUG 发送post请求 
2020-12-17 15:58:48,423 Requests DEBUG 发送post请求 
2020-12-17 15:58:48,564 D:\Users\Administrator\PycharmProjects\InterfaceTest\utils\LogUtil.py INFO 报告地址 
2020-12-17 16:14:24,405 Requests DEBUG 发送post请求 
2020-12-17 16:14:24,452 Requests DEBUG 发送post请求 
2020-12-17 16:14:24,515 Requests DEBUG 发送post请求 
2020-12-17 16:14:24,562 Requests DEBUG 发送post请求 
2020-12-17 16:15:52,032 Requests DEBUG 发送post请求 
2020-12-17 16:15:52,048 Requests DEBUG 发送post请求 
2020-12-17 16:15:52,094 Requests DEBUG 发送post请求 
2020-12-17 16:15:52,110 Requests DEBUG 发送post请求 
2020-12-17 16:45:23,864 Requests DEBUG 发送post请求 
2020-12-17 16:49:05,309 Requests DEBUG 发送post请求 
2020-12-17 16:49:48,581 Requests DEBUG 发送post请求 
2020-12-17 16:50:08,926 Requests DEBUG 发送post请求 
2020-12-17 16:52:57,303 Requests DEBUG 发送post请求 
2020-12-17 16:53:47,742 D:\Users\Administrator\PycharmProjects\InterfaceTest\utils\LogUtil.py ERROR 错误请求method:  
2020-12-17 16:57:35,889 Requests DEBUG 发送post请求 
2020-12-17 17:02:39,261 Requests DEBUG 发送post请求 
2020-12-17 17:02:39,316 Requests DEBUG 发送post请求 
2020-12-17 17:04:39,082 Requests DEBUG 发送post请求 
2020-12-17 17:04:39,135 Requests DEBUG 发送post请求 
2020-12-17 17:04:39,184 Requests DEBUG 发送post请求 
2020-12-17 17:05:58,038 Requests DEBUG 发送post请求 
2020-12-17 17:07:06,910 Requests DEBUG 发送post请求 
2020-12-17 17:07:06,925 AssertUtil ERROR 不包含或者body是错误，body is {'MonitorIndexFormulaList': [], 'Page': {'Current': 1, 'Total': 0}, 'ActionInfo': {'Success': True, 'ExceptionMsg': None, 'ExtendContent': None, 'IsExistsDevice': False, 'ActionUser': '', 'LogType': 0, 'ActionDateTime': '/Date(1608196026922+0800)/', 'ActionModel': None, 'LogParams': None, 'FunctionPoint': None}},expected_body is DeviceName': '配电自动化', 'IndexType': 301, 'IndexName': '系统联动', 'IndexFormula': 'YC_20004000=30' 
2020-12-17 17:08:04,389 Requests DEBUG 发送post请求 
2020-12-17 17:09:35,399 Requests DEBUG 发送post请求 
2020-12-17 17:09:35,434 AssertUtil ERROR 不包含或者body是错误，body is {'MonitorIndexFormulaList': [{'ClassType': 0, 'Ext': '{"StartTime":"00:00:00","EndTime":"23:59:59","EndDate":"same"}', 'ID': 9, 'SystemId': 1, 'SystemName': '配电自动化', 'FormulaName': '配电自动化系统联动1', 'AnalyzeType': 6, 'AnalyzeName': '系统联动类', 'SourceID': '1', 'DeviceName': '配电自动化', 'IndexType': 301, 'IndexName': '系统联动', 'IndexFormula': 'YC_20004000=30', 'FormulaParam': '0', 'IsExeute': 1, 'Description': '', 'isPushEAM': 0, 'BounceTime': 0}], 'Page': {'Current': 1, 'Total': 1}, 'ActionInfo': {'Success': True, 'ExceptionMsg': None, 'ExtendContent': None, 'IsExistsDevice': False, 'ActionUser': '', 'LogType': 0, 'ActionDateTime': '/Date(1608196175426+0800)/', 'ActionModel': None, 'LogParams': None, 'FunctionPoint': None}},expected_body is DeviceName': '配电自动化', 'IndexType': 301, 
'IndexName': '系统联动', 'IndexFormula': 'YC_20004000=30' 
2020-12-17 17:10:10,332 Requests DEBUG 发送post请求 
2020-12-17 17:10:10,369 AssertUtil ERROR 不包含或者body是错误，body is {'MonitorIndexFormulaList': [{'ClassType': 0, 'Ext': '{"StartTime":"00:00:00","EndTime":"23:59:59","EndDate":"same"}', 'ID': 9, 'SystemId': 1, 'SystemName': '配电自动化', 'FormulaName': '配电自动化系统联动1', 'AnalyzeType': 6, 'AnalyzeName': '系统联动类', 'SourceID': '1', 'DeviceName': '配电自动化', 'IndexType': 301, 'IndexName': '系统联动', 'IndexFormula': 'YC_20004000=30', 'FormulaParam': '0', 'IsExeute': 1, 'Description': '', 'isPushEAM': 0, 'BounceTime': 0}], 'Page': {'Current': 1, 'Total': 1}, 'ActionInfo': {'Success': True, 'ExceptionMsg': None, 'ExtendContent': None, 'IsExistsDevice': False, 'ActionUser': '', 'LogType': 0, 'ActionDateTime': '/Date(1608196210362+0800)/', 'ActionModel': None, 'LogParams': None, 'FunctionPoint': None}},expected_body is DeviceName': '配电自动化', 'IndexType': 301, 
'IndexName': '系统联动', 'IndexFormula': 'YC_20004000=30' 
2020-12-17 17:12:02,294 Requests DEBUG 发送post请求 
2020-12-17 17:12:38,888 Requests DEBUG 发送post请求 
2020-12-17 17:13:37,607 Requests DEBUG 发送post请求 
2020-12-17 17:24:50,419 Requests DEBUG 发送post请求 
2020-12-17 17:24:50,466 AssertUtil ERROR 不包含或者body是错误，body is {'Exception': '未将对象引用设置到对象的实例。'},expected_body is DeviceName': '配电自动化', 'IndexType': 301, 'IndexName': 
'系统联动', 'IndexFormula': 'YC_20004000=30' 
2020-12-17 17:25:30,990 Requests DEBUG 发送post请求 
2020-12-17 17:25:31,052 AssertUtil ERROR 不包含或者body是错误，body is {'MonitorIndexFormulaList': [{'ClassType': 0, 'Ext': '{"StartTime":"00:00:00","EndTime":"23:59:59","EndDate":"same"}', 'ID': 9, 'SystemId': 1, 'SystemName': '配电自动化', 'FormulaName': '配电自动化系统联动1', 'AnalyzeType': 6, 'AnalyzeName': '系统联动类', 'SourceID': '1', 'DeviceName': '配电自动化', 'IndexType': 301, 'IndexName': '系统联动', 'IndexFormula': 'YC_20004000=30', 'FormulaParam': '0', 'IsExeute': 1, 'Description': '', 'isPushEAM': 0, 'BounceTime': 0}], 'Page': {'Current': 1, 'Total': 1}, 'ActionInfo': {'Success': True, 'ExceptionMsg': None, 'ExtendContent': None, 'IsExistsDevice': False, 'ActionUser': '', 'LogType': 0, 'ActionDateTime': '/Date(1608197131037+0800)/', 'ActionModel': None, 'LogParams': None, 'FunctionPoint': None}},expected_body is DeviceName': '配电自动化', 'IndexType': 301, 'IndexName': 
'系统联动', 'IndexFormula': 'YC_20004000=30' 
2020-12-17 17:26:08,733 Requests DEBUG 发送post请求 
2020-12-17 17:26:08,765 AssertUtil ERROR 不包含或者body是错误，body is {'Exception': '未将对象引用设置到对象的实例。'},expected_body is DeviceName': '配电自动化', 'IndexType': 301, 'IndexName': 
'系统联动', 'IndexFormula': 'YC_20004000=30' 
2020-12-17 17:26:28,621 Requests DEBUG 发送post请求 
2020-12-17 17:27:04,328 Requests DEBUG 发送post请求 
2020-12-17 17:27:04,343 AssertUtil ERROR 不包含或者body是错误，body is {'Exception': '未将对象引用设置到对象的实例。'},expected_body is IndexName': '系统联动', 'IndexFormula': 'YC_20004000=30' 
2020-12-17 17:27:34,739 Requests DEBUG 发送post请求 
2020-12-17 17:28:03,341 Requests DEBUG 发送post请求 
2020-12-17 17:28:03,367 AssertUtil ERROR 不包含或者body是错误，body is {'Exception': '未将对象引用设置到对象的实例。'},expected_body is IndexName': '系统联动', 'IndexFormula': 'YC_20004000=30' 
2020-12-17 17:29:02,746 Requests DEBUG 发送post请求 
2020-12-17 17:29:53,124 Requests DEBUG 发送post请求 
2020-12-17 17:30:07,125 Requests DEBUG 发送post请求 
2020-12-17 17:31:05,008 Requests DEBUG 发送post请求 
2020-12-17 17:31:49,821 Requests DEBUG 发送post请求 
2020-12-17 18:16:08,102 Requests DEBUG 发送post请求 
2020-12-17 18:16:56,162 Requests DEBUG 发送post请求 
2020-12-17 18:17:32,746 Requests DEBUG 发送post请求 
2020-12-17 18:17:32,793 Requests DEBUG 发送post请求 
2020-12-17 18:22:51,322 Requests DEBUG 发送post请求 
2020-12-17 18:23:03,649 Requests DEBUG 发送post请求 
2020-12-17 18:25:05,112 Requests DEBUG 发送post请求 
2020-12-17 18:26:19,641 Requests DEBUG 发送post请求 
2020-12-17 18:35:36,962 Requests DEBUG 发送post请求 
2020-12-17 18:36:51,680 Requests DEBUG 发送post请求 
2020-12-17 18:37:40,298 Requests DEBUG 发送post请求 
2020-12-17 18:42:56,232 Requests DEBUG 发送post请求 
2020-12-17 18:44:13,178 Requests DEBUG 发送post请求 
2020-12-17 18:44:18,896 Requests DEBUG 发送post请求 
2020-12-17 18:44:18,934 AssertUtil ERROR 不包含或者body是错误，body is {'ActionInfo': {'Success': True, 'ExceptionMsg': '', 'ExtendContent': None, 'IsExistsDevice': False, 'ActionUser': '', 'LogType': 0, 'ActionDateTime': '/Date(1608201858927+0800)/', 'ActionModel': None, 'LogParams': None, 'FunctionPoint': None}, 'PointList': [{'PointId': 20002000, 'PointType': 18, 'PointTypeName': '模拟量', 'PointName': '模拟量点1'}, {'PointId': 20002001, 'PointType': 18, 'PointTypeName': '模拟量', 'PointName': '模拟量点2'}, {'PointId': 20002002, 'PointType': 18, 'PointTypeName': '模拟量', 'PointName': '模拟量点3'}, {'PointId': 20002003, 'PointType': 18, 'PointTypeName': '模拟量', 'PointName': '模拟量点4'}, {'PointId': 20002004, 'PointType': 18, 'PointTypeName': '模拟量', 'PointName': '模拟量点5'}, {'PointId': 20002005, 'PointType': 18, 'PointTypeName': '模拟量', 'PointName': '模拟量点6'}, {'PointId': 20002006, 'PointType': 18, 'PointTypeName': '模拟量', 'PointName': '模拟量点7'}, {'PointId': 20002007, 'PointType': 18, 'PointTypeName': '模拟量', 'PointName': '模拟量点8'}, {'PointId': 20002008, 'PointType': 18, 'PointTypeName': '模拟量', 'PointName': '模拟量点9'}, {'PointId': 20002009, 'PointType': 18, 'PointTypeName': '模拟量', 'PointName': '模拟量点10'}, {'PointId': 20002010, 'PointType': 18, 'PointTypeName': '模拟量', 'PointName': '模拟量点11'}, {'PointId': 20002011, 'PointType': 18, 'PointTypeName': '模拟量', 'PointName': '模拟量点12'}, {'PointId': 20002012, 'PointType': 18, 'PointTypeName': '模拟量', 'PointName': '模拟量点13'}, {'PointId': 20002013, 'PointType': 18, 'PointTypeName': '模拟量', 'PointName': '模拟量点14'}, {'PointId': 20002014, 'PointType': 18, 'PointTypeName': '模拟量', 'PointName': '模拟量点15'}, {'PointId': 20002000, 'PointType': 19, 'PointTypeName': '开关量', 'PointName': '通讯状态'}, {'PointId': 20002001, 'PointType': 19, 'PointTypeName': '开关量', 'PointName': '开入量点2'}, {'PointId': 20002002, 'PointType': 19, 'PointTypeName': '开关量', 'PointName': '开入量点3'}, {'PointId': 20002003, 'PointType': 19, 'PointTypeName': '开关量', 'PointName': '开入量点4'}, {'PointId': 20002004, 'PointType': 19, 'PointTypeName': '开关量', 'PointName': '开入量点5'}, {'PointId': 20002005, 'PointType': 19, 'PointTypeName': '开关量', 'PointName': '开入量点6'}, {'PointId': 20002006, 'PointType': 19, 'PointTypeName': '开关量', 'PointName': '开入量点7'}, {'PointId': 20002007, 'PointType': 19, 'PointTypeName': '开关量', 'PointName': '开入量点8'}, {'PointId': 20002008, 'PointType': 19, 'PointTypeName': '开关量', 'PointName': '开入量点9'}, {'PointId': 20002009, 'PointType': 19, 'PointTypeName': '开关量', 'PointName': '开入量点10'}, {'PointId': 20002010, 'PointType': 19, 'PointTypeName': '开关量', 'PointName': '开入量点11'}, {'PointId': 20002011, 'PointType': 19, 'PointTypeName': '开关量', 'PointName': '开入量点12'}, {'PointId': 20002012, 'PointType': 19, 'PointTypeName': '开关量', 'PointName': '开入量点13'}, {'PointId': 20002013, 'PointType': 19, 'PointTypeName': '开关量', 'PointName': '开入量点14'}, {'PointId': 20002014, 'PointType': 19, 'PointTypeName': '开关量', 'PointName': '开入量点15'}, {'PointId': 20002000, 'PointType': 20, 'PointTypeName': '脉冲量', 'PointName': '脉冲量点1'}, {'PointId': 20002001, 'PointType': 20, 'PointTypeName': '脉冲量', 'PointName': '脉冲量点2'}, {'PointId': 20002002, 'PointType': 20, 'PointTypeName': '脉冲量', 'PointName': '脉冲量点3'}, {'PointId': 20002003, 'PointType': 20, 'PointTypeName': '脉冲量', 'PointName': '脉冲量点4'}, {'PointId': 20002004, 'PointType': 20, 'PointTypeName': '脉冲量', 'PointName': '脉冲量点5'}, {'PointId': 20002005, 'PointType': 20, 'PointTypeName': '脉冲量', 'PointName': '脉冲量点6'}, {'PointId': 20002006, 'PointType': 20, 'PointTypeName': '脉冲量', 'PointName': '脉冲量点7'}, {'PointId': 20002007, 'PointType': 20, 'PointTypeName': '脉冲量', 'PointName': '脉冲量点8'}, {'PointId': 20002008, 'PointType': 20, 'PointTypeName': '脉冲量', 'PointName': '脉冲量点9'}, {'PointId': 20002009, 'PointType': 20, 'PointTypeName': '脉冲量', 'PointName': '脉冲量点10'}, {'PointId': 20002010, 'PointType': 20, 'PointTypeName': '脉冲量', 'PointName': '脉冲量点11'}, {'PointId': 20002011, 'PointType': 20, 'PointTypeName': '脉冲量', 'PointName': '脉冲量点12'}, {'PointId': 20002012, 'PointType': 20, 'PointTypeName': '脉冲量', 'PointName': '脉冲量点13'}, {'PointId': 20002013, 'PointType': 20, 'PointTypeName': '脉冲量', 'PointName': '脉冲量点14'}, {'PointId': 20002014, 'PointType': 20, 'PointTypeName': '脉冲量', 'PointName': '脉冲量点15'}]},expected_body is {'PointId': 2000 2014, 'PointType': 20, 'PointTypeName': '脉冲量', 'PointName': '脉冲量点15'} 
2020-12-17 18:44:27,553 Requests DEBUG 发送post请求 
2020-12-17 18:45:38,004 Requests DEBUG 发送post请求 
2020-12-17 18:50:50,403 Requests DEBUG 发送post请求 
2020-12-17 18:51:46,750 Requests DEBUG 发送post请求 
2020-12-17 18:52:19,770 Requests DEBUG 发送post请求 
2020-12-17 18:56:21,514 Requests DEBUG 发送post请求 
2020-12-17 19:02:41,029 Requests DEBUG 发送post请求 
2020-12-17 19:03:27,512 Requests DEBUG 发送post请求 
2020-12-17 19:03:40,355 Requests DEBUG 发送post请求 
2020-12-17 19:06:45,679 Requests DEBUG 发送post请求 
2020-12-17 19:06:45,782 Requests DEBUG 发送post请求 
2020-12-17 19:07:07,591 Requests DEBUG 发送post请求 
2020-12-17 19:07:07,694 Requests DEBUG 发送post请求 
2020-12-17 19:08:46,874 Requests DEBUG 发送post请求 
2020-12-17 19:08:46,978 Requests DEBUG 发送post请求 
2020-12-17 19:17:08,033 Requests DEBUG 发送post请求 
2020-12-17 19:20:29,290 Requests DEBUG 发送post请求 
2020-12-17 19:21:34,009 Requests DEBUG 发送post请求 
2020-12-17 19:21:34,040 Requests DEBUG 发送post请求 
2020-12-17 19:38:28,469 Requests DEBUG 发送post请求 
2020-12-17 19:38:48,050 Requests DEBUG 发送post请求 
2020-12-17 19:39:47,574 Requests DEBUG 发送post请求 
2020-12-17 19:42:18,094 Requests DEBUG 发送post请求 
2020-12-17 19:42:38,993 Requests DEBUG 发送post请求 
2020-12-17 19:47:56,604 Requests DEBUG 发送post请求 
2020-12-17 19:59:39,151 Requests DEBUG 发送post请求 
2020-12-17 20:00:00,207 Requests DEBUG 发送post请求 
2020-12-17 20:00:53,082 Requests DEBUG 发送post请求 
2020-12-17 20:01:35,754 Requests DEBUG 发送post请求 
2020-12-17 20:01:35,817 Requests DEBUG 发送post请求 
2020-12-17 20:01:35,864 Requests DEBUG 发送post请求 
2020-12-17 20:01:35,911 Requests DEBUG 发送post请求 
2020-12-17 20:01:35,942 Requests DEBUG 发送post请求 
2020-12-17 20:01:36,004 Requests DEBUG 发送post请求 
2020-12-17 20:01:36,082 Requests DEBUG 发送post请求 
2020-12-17 20:01:36,176 Requests DEBUG 发送post请求 
2020-12-17 20:01:36,223 Requests DEBUG 发送post请求 
2020-12-17 20:01:36,254 Requests DEBUG 发送post请求 
