2020-12-29 11:28:28,263 Requests DEBUG 发送post请求 
2020-12-29 11:28:28,606 Requests DEBUG 发送post请求 
2020-12-29 11:28:28,716 Requests DEBUG 发送post请求 
2020-12-29 11:28:28,763 Requests DEBUG 发送post请求 
2020-12-29 11:28:28,794 Requests DEBUG 发送post请求 
2020-12-29 11:28:28,888 Requests DEBUG 发送post请求 
2020-12-29 11:28:28,981 Requests DEBUG 发送post请求 
2020-12-29 11:28:29,216 AssertUtil ERROR 不包含或者body是错误，body is {'IsSucess': False, 'TreeName': None, 'ExceptionMeg': "系统检测到重复提交\r\n公式名称为'配电自动化系统联动5'公式是否有此类指标公式配置数据\r\n或者对象ID和指标是否重复\r\n"},expected_body is IsSucess': True 
2020-12-29 11:28:29,388 Requests DEBUG 发送post请求 
2020-12-29 11:28:29,419 Requests DEBUG 发送post请求 
2020-12-29 11:28:29,497 Requests DEBUG 发送post请求 
2020-12-29 11:28:29,653 Requests DEBUG 发送post请求 
2020-12-29 11:28:29,825 Requests DEBUG 发送post请求 
2020-12-29 11:28:29,981 Requests DEBUG 发送post请求 
2020-12-29 11:28:30,013 Requests DEBUG 发送post请求 
2020-12-29 11:28:30,075 Requests DEBUG 发送post请求 
2020-12-29 11:28:30,138 Requests DEBUG 发送post请求 
2020-12-29 11:28:30,200 Requests DEBUG 发送post请求 
2020-12-29 11:28:30,263 Requests DEBUG 发送post请求 
2020-12-29 11:28:30,560 Requests DEBUG 发送post请求 
2020-12-29 11:28:30,638 Requests DEBUG 发送post请求 
2020-12-29 11:28:31,794 AssertUtil ERROR 不包含或者body是错误，body is {'Exception': '无法连接到远程服务器'},expected_body is <root label='数据来源列表'/ 
2020-12-29 11:28:31,841 Requests DEBUG 发送post请求 
2020-12-29 11:28:32,857 AssertUtil ERROR 不包含或者body是错误，body is {'Exception': '无法连接到远程服务器'},expected_body is <dataSou label='1设备1：' id='1' type='NTS-240GS'/> 
2020-12-29 11:28:32,872 Requests DEBUG 发送post请求 
2020-12-29 11:28:33,935 AssertUtil ERROR 不包含或者body是错误，body is {'Exception': '无法连接到远程服务器'},expected_body is <record label='模拟量点1' tabelID='18' recordID='20002000'/> 
2020-12-29 11:28:33,966 Requests DEBUG 发送post请求 
2020-12-29 11:28:34,044 Requests DEBUG 发送post请求 
2020-12-29 11:28:34,169 Requests DEBUG 发送post请求 
2020-12-29 11:28:34,216 Requests DEBUG 发送post请求 
2020-12-29 11:28:34,294 Requests DEBUG 发送post请求 
2020-12-29 11:28:34,653 Requests DEBUG 发送post请求 
2020-12-29 11:28:34,700 Requests DEBUG 发送post请求 
2020-12-29 11:28:34,841 Requests DEBUG 发送post请求 
2020-12-29 11:28:34,888 Requests DEBUG 发送post请求 
2020-12-29 11:28:34,935 Requests DEBUG 发送post请求 
2020-12-29 11:28:35,169 Requests DEBUG 发送post请求 
2020-12-29 11:28:35,482 Requests DEBUG 发送post请求 
2020-12-29 11:28:35,560 Requests DEBUG 发送post请求 
2020-12-29 11:28:35,903 Requests DEBUG 发送post请求 
2020-12-29 11:28:35,997 Requests DEBUG 发送post请求 
2020-12-29 11:28:36,263 Requests DEBUG 发送post请求 
2020-12-29 11:28:36,513 Requests DEBUG 发送post请求 
2020-12-29 11:28:36,607 Requests DEBUG 发送post请求 
2020-12-29 11:28:36,669 Requests DEBUG 发送post请求 
2020-12-29 11:28:36,888 Requests DEBUG 发送post请求 
2020-12-29 11:28:36,950 Requests DEBUG 发送post请求 
2020-12-29 11:28:37,044 Requests DEBUG 发送post请求 
2020-12-29 11:28:37,185 D:\Users\Administrator\PycharmProjects\InterfaceTest\utils\LogUtil.py INFO 报告地址 
2020-12-29 11:40:19,717 Requests DEBUG 发送post请求 
2020-12-29 11:42:09,468 Requests DEBUG 发送post请求 
2020-12-29 11:42:09,530 Requests DEBUG 发送post请求 
2020-12-29 11:42:09,577 Requests DEBUG 发送post请求 
2020-12-29 11:42:09,640 Requests DEBUG 发送post请求 
2020-12-29 11:42:09,689 Requests DEBUG 发送post请求 
2020-12-29 11:42:09,782 Requests DEBUG 发送post请求 
2020-12-29 11:42:09,923 Requests DEBUG 发送post请求 
2020-12-29 11:42:10,032 Requests DEBUG 发送post请求 
2020-12-29 11:42:10,079 Requests DEBUG 发送post请求 
2020-12-29 11:42:10,126 Requests DEBUG 发送post请求 
2020-12-29 11:42:10,267 Requests DEBUG 发送post请求 
2020-12-29 11:42:10,345 Requests DEBUG 发送post请求 
2020-12-29 11:42:10,454 Requests DEBUG 发送post请求 
2020-12-29 11:42:10,486 Requests DEBUG 发送post请求 
2020-12-29 11:42:10,532 Requests DEBUG 发送post请求 
2020-12-29 11:42:10,595 Requests DEBUG 发送post请求 
2020-12-29 11:42:10,611 Requests DEBUG 发送post请求 
2020-12-29 11:42:10,642 Requests DEBUG 发送post请求 
2020-12-29 11:42:10,812 Requests DEBUG 发送post请求 
2020-12-29 11:42:10,859 Requests DEBUG 发送post请求 
2020-12-29 11:42:11,156 Requests DEBUG 发送post请求 
2020-12-29 11:42:12,230 Requests DEBUG 发送post请求 
2020-12-29 11:42:13,185 Requests DEBUG 发送post请求 
2020-12-29 11:42:13,263 Requests DEBUG 发送post请求 
2020-12-29 11:42:13,330 Requests DEBUG 发送post请求 
2020-12-29 11:42:13,385 Requests DEBUG 发送post请求 
2020-12-29 11:42:13,441 Requests DEBUG 发送post请求 
2020-12-29 11:42:13,535 Requests DEBUG 发送post请求 
2020-12-29 11:42:13,576 Requests DEBUG 发送post请求 
2020-12-29 11:42:13,674 Requests DEBUG 发送post请求 
2020-12-29 11:42:13,703 Requests DEBUG 发送post请求 
2020-12-29 11:42:13,739 Requests DEBUG 发送post请求 
2020-12-29 11:42:13,882 Requests DEBUG 发送post请求 
2020-12-29 11:42:13,998 Requests DEBUG 发送post请求 
2020-12-29 11:42:14,042 Requests DEBUG 发送post请求 
2020-12-29 11:42:14,192 Requests DEBUG 发送post请求 
2020-12-29 11:42:14,261 Requests DEBUG 发送post请求 
2020-12-29 11:42:14,440 Requests DEBUG 发送post请求 
2020-12-29 11:42:14,581 Requests DEBUG 发送post请求 
2020-12-29 11:42:14,666 Requests DEBUG 发送post请求 
2020-12-29 11:42:14,712 Requests DEBUG 发送post请求 
2020-12-29 11:42:14,864 Requests DEBUG 发送post请求 
2020-12-29 11:42:14,938 Requests DEBUG 发送post请求 
2020-12-29 11:42:15,063 Requests DEBUG 发送post请求 
2020-12-29 11:42:15,115 D:\Users\Administrator\PycharmProjects\InterfaceTest\utils\LogUtil.py INFO 报告地址 
