2020-12-30 09:42:38,893 Requests DEBUG 发送post请求 
2020-12-30 09:45:33,496 Requests DEBUG 发送post请求 
2020-12-30 09:45:40,895 Requests DEBUG 发送post请求 
2020-12-30 09:45:40,910 AssertUtil ERROR 不包含或者body是错误，body is {'AreaInfoList': [{'ParentName': "<font color='red'>顶级节点</font>", 'Isvirtual': '实设备', 'ID': 10, 'AREAID': 10, 'CNAME': '变配电系统', 'PROJECTID': 1, 'STATIONID': 1, 'FLAG': 1, 'PARENTID': 0, 'TREETYPE': 7, 'ISDISPLAY': 1, 'PIC': None, 'CLASSID': 7, 'INFOVALUE': 1.0, 'RetendCapacity': 0.0, 'REMARK1': '', 'AREANUM': 1.0, 'PERSONNUM': 1, 'WATERMELONAREA': 1.0, 'LOCATION': None, 'ISVIRTUAL': 0, 'AREAORDER': 0, 'IsTransGroup': 0, 'IsTransGroupStr': '否', 'UnitType': ''}], 'Page': {'Current': 1, 'Total': 1}},expected_body is 'Isvirtua l': '实设备', 'ID': 10, 'AREAID': 10, 'CNAME': '变配电系统' 
2020-12-30 09:45:48,451 Requests DEBUG 发送post请求 
2020-12-30 09:47:18,525 Requests DEBUG 发送post请求 
2020-12-30 09:48:20,547 Requests DEBUG 发送post请求 
2020-12-30 09:48:20,656 Requests DEBUG 发送post请求 
2020-12-30 09:50:37,372 Requests DEBUG 发送post请求 
2020-12-30 09:52:17,920 Requests DEBUG 发送post请求 
2020-12-30 09:52:26,048 Requests DEBUG 发送post请求 
2020-12-30 09:52:26,141 AssertUtil ERROR 不包含或者body是错误，body is [{'id': 10, 'name': '变配电系统', 'open': True, 'pId': '0'}, {'id': 15, 'name': '暖通空调系统', 'open': True, 'pId': '0'}, {'id': 11, 'name': 'A区变配电', 'open': False, 'pId': '10'}, {'id': 12, 'name': 'B区变配电', 'open': False, 'pId': '10'}, {'id': 16, 'name': '1#', 'open': False, 'pId': '15'}, {'id': 17, 'name': '2#', 'open': False, 'pId': '15'}],expected_body is {'id': 11, 'name': '变配电系统', 'open': True, 'pId': '0'}, {'id': 15, 'name': '暖通空调系统', 'open': True, 'pId': '0'} 
2020-12-30 09:52:31,504 Requests DEBUG 发送post请求 
2020-12-30 09:53:40,430 Requests DEBUG 发送post请求 
2020-12-30 09:55:16,914 Requests DEBUG 发送post请求 
2020-12-30 09:56:50,038 Requests DEBUG 发送post请求 
2020-12-30 09:58:49,602 Requests DEBUG 发送post请求 
2020-12-30 09:58:57,970 Requests DEBUG 发送post请求 
2020-12-30 09:59:05,363 Requests DEBUG 发送post请求 
2020-12-30 09:59:13,171 Requests DEBUG 发送post请求 
2020-12-30 10:01:35,512 Requests DEBUG 发送post请求 
2020-12-30 10:13:59,823 Requests DEBUG 发送post请求 
2020-12-30 10:14:18,382 Requests DEBUG 发送post请求 
2020-12-30 10:15:43,533 Requests DEBUG 发送post请求 
2020-12-30 10:23:46,841 Requests DEBUG 发送post请求 
2020-12-30 10:32:15,734 Requests DEBUG 发送post请求 
2020-12-30 10:48:05,388 Requests DEBUG 发送post请求 
2020-12-30 10:51:06,370 Requests DEBUG 发送post请求 
2020-12-30 10:53:56,805 Requests DEBUG 发送post请求 
2020-12-30 10:53:56,836 Requests DEBUG 发送post请求 
2020-12-30 10:53:56,883 Requests DEBUG 发送post请求 
2020-12-30 10:53:57,023 Requests DEBUG 发送post请求 
2020-12-30 10:53:57,086 Requests DEBUG 发送post请求 
2020-12-30 10:53:57,164 Requests DEBUG 发送post请求 
2020-12-30 10:53:57,226 Requests DEBUG 发送post请求 
2020-12-30 10:53:58,930 Requests DEBUG 发送post请求 
2020-12-30 10:55:54,493 Requests DEBUG 发送post请求 
2020-12-30 10:55:54,540 Requests DEBUG 发送post请求 
2020-12-30 10:55:54,572 Requests DEBUG 发送post请求 
2020-12-30 10:55:54,712 Requests DEBUG 发送post请求 
2020-12-30 10:55:54,775 Requests DEBUG 发送post请求 
2020-12-30 10:55:54,837 Requests DEBUG 发送post请求 
2020-12-30 10:55:54,915 Requests DEBUG 发送post请求 
2020-12-30 10:55:56,681 Requests DEBUG 发送post请求 
2020-12-30 11:05:46,682 Requests DEBUG 发送post请求 
2020-12-30 11:05:46,714 Requests DEBUG 发送post请求 
2020-12-30 11:05:46,745 Requests DEBUG 发送post请求 
2020-12-30 11:05:46,854 Requests DEBUG 发送post请求 
2020-12-30 11:05:46,948 Requests DEBUG 发送post请求 
2020-12-30 11:05:46,995 Requests DEBUG 发送post请求 
2020-12-30 11:05:47,089 Requests DEBUG 发送post请求 
2020-12-30 11:05:49,198 Requests DEBUG 发送post请求 
2020-12-30 11:05:51,558 Requests DEBUG 发送post请求 
2020-12-30 11:05:51,620 Requests DEBUG 发送post请求 
2020-12-30 11:05:51,667 Requests DEBUG 发送post请求 
2020-12-30 11:07:38,979 Requests DEBUG 发送post请求 
2020-12-30 11:11:35,980 Requests DEBUG 发送post请求 
2020-12-30 11:19:54,873 Requests DEBUG 发送post请求 
2020-12-30 11:25:49,097 Requests DEBUG 发送post请求 
2020-12-30 11:30:05,807 Requests DEBUG 发送post请求 
2020-12-30 11:32:17,471 Requests DEBUG 发送post请求 
2020-12-30 11:33:22,783 Requests DEBUG 发送post请求 
2020-12-30 11:43:40,370 Requests DEBUG 发送post请求 
2020-12-30 11:45:41,449 Requests DEBUG 发送post请求 
2020-12-30 12:05:23,046 Requests DEBUG 发送post请求 
2020-12-30 12:09:35,178 Requests DEBUG 发送post请求 
2020-12-30 12:09:35,256 Requests DEBUG 发送post请求 
2020-12-30 12:10:28,027 Requests DEBUG 发送post请求 
2020-12-30 12:10:28,129 Requests DEBUG 发送post请求 
2020-12-30 12:10:28,195 Requests DEBUG 发送post请求 
2020-12-30 12:10:28,237 Requests DEBUG 发送post请求 
2020-12-30 14:16:36,645 Requests DEBUG 发送post请求 
2020-12-30 14:22:26,758 Requests DEBUG 发送post请求 
2020-12-30 14:32:56,596 Requests DEBUG 发送post请求 
2020-12-30 14:43:32,466 Requests DEBUG 发送post请求 
2020-12-30 14:46:07,253 Requests DEBUG 发送post请求 
2020-12-30 14:49:38,152 Requests DEBUG 发送post请求 
2020-12-30 14:51:33,364 Requests DEBUG 发送post请求 
2020-12-30 14:52:22,457 Requests DEBUG 发送post请求 
2020-12-30 14:52:40,137 Requests DEBUG 发送post请求 
2020-12-30 14:53:15,731 Requests DEBUG 发送post请求 
2020-12-30 14:54:06,490 Requests DEBUG 发送post请求 
2020-12-30 14:55:33,192 Requests DEBUG 发送post请求 
2020-12-30 14:55:44,977 Requests DEBUG 发送post请求 
2020-12-30 14:56:13,068 Requests DEBUG 发送post请求 
2020-12-30 14:56:26,159 Requests DEBUG 发送post请求 
2020-12-30 14:56:55,668 Requests DEBUG 发送post请求 
2020-12-30 15:00:35,400 Requests DEBUG 发送post请求 
2020-12-30 15:01:59,599 Requests DEBUG 发送post请求 
2020-12-30 15:02:18,574 Requests DEBUG 发送post请求 
2020-12-30 15:04:57,604 Requests DEBUG 发送post请求 
2020-12-30 15:06:06,227 Requests DEBUG 发送post请求 
2020-12-30 15:08:43,945 Requests DEBUG 发送post请求 
2020-12-30 15:10:17,744 Requests DEBUG 发送post请求 
2020-12-30 15:11:18,204 Requests DEBUG 发送post请求 
2020-12-30 15:12:47,868 Requests DEBUG 发送post请求 
2020-12-30 15:13:51,878 Requests DEBUG 发送post请求 
2020-12-30 15:22:55,393 Requests DEBUG 发送post请求 
2020-12-30 15:29:38,729 Requests DEBUG 发送post请求 
2020-12-30 16:00:53,642 Requests DEBUG 发送post请求 
2020-12-30 16:01:28,206 Requests DEBUG 发送post请求 
2020-12-30 16:01:44,929 Requests DEBUG 发送post请求 
2020-12-30 16:02:02,348 Requests DEBUG 发送post请求 
2020-12-30 16:02:54,207 Requests DEBUG 发送post请求 
2020-12-30 16:04:00,893 Requests DEBUG 发送post请求 
2020-12-30 16:07:04,531 Requests DEBUG 发送post请求 
2020-12-30 16:07:32,091 Requests DEBUG 发送post请求 
2020-12-30 16:07:49,532 Requests DEBUG 发送post请求 
2020-12-30 16:09:23,390 Requests DEBUG 发送post请求 
2020-12-30 16:12:46,728 Requests DEBUG 发送post请求 
2020-12-30 16:26:36,978 Requests DEBUG 发送post请求 
2020-12-30 16:27:07,534 Requests DEBUG 发送post请求 
2020-12-30 16:31:29,120 Requests DEBUG 发送post请求 
2020-12-30 16:33:13,134 Requests DEBUG 发送post请求 
2020-12-30 16:33:13,324 Requests DEBUG 发送post请求 
2020-12-30 16:33:13,468 Requests DEBUG 发送post请求 
2020-12-30 16:36:27,316 Requests DEBUG 发送post请求 
2020-12-30 16:36:27,425 Requests DEBUG 发送post请求 
2020-12-30 16:36:27,515 Requests DEBUG 发送post请求 
2020-12-30 16:36:27,591 Requests DEBUG 发送post请求 
2020-12-30 16:36:27,642 Requests DEBUG 发送post请求 
2020-12-30 16:36:27,807 Requests DEBUG 发送post请求 
2020-12-30 16:36:27,910 Requests DEBUG 发送post请求 
2020-12-30 16:36:28,076 Requests DEBUG 发送post请求 
2020-12-30 16:36:28,114 Requests DEBUG 发送post请求 
2020-12-30 16:40:19,861 Requests DEBUG 发送post请求 
2020-12-30 16:40:19,900 Requests DEBUG 发送post请求 
2020-12-30 16:40:19,928 Requests DEBUG 发送post请求 
2020-12-30 16:40:19,960 Requests DEBUG 发送post请求 
2020-12-30 16:40:19,993 Requests DEBUG 发送post请求 
2020-12-30 16:40:20,034 Requests DEBUG 发送post请求 
2020-12-30 16:40:20,069 Requests DEBUG 发送post请求 
2020-12-30 16:40:20,102 Requests DEBUG 发送post请求 
2020-12-30 16:40:20,141 Requests DEBUG 发送post请求 
2020-12-30 16:40:20,400 Requests DEBUG 发送post请求 
2020-12-30 16:40:20,448 Requests DEBUG 发送post请求 
2020-12-30 16:40:20,771 Requests DEBUG 发送post请求 
2020-12-30 16:40:20,917 Requests DEBUG 发送post请求 
2020-12-30 16:42:17,296 Requests DEBUG 发送post请求 
2020-12-30 16:42:17,332 Requests DEBUG 发送post请求 
2020-12-30 16:42:17,385 Requests DEBUG 发送post请求 
2020-12-30 16:42:17,422 Requests DEBUG 发送post请求 
2020-12-30 16:42:17,482 Requests DEBUG 发送post请求 
2020-12-30 16:42:17,531 Requests DEBUG 发送post请求 
2020-12-30 16:42:17,551 Requests DEBUG 发送post请求 
2020-12-30 16:42:17,622 Requests DEBUG 发送post请求 
2020-12-30 16:42:17,746 Requests DEBUG 发送post请求 
2020-12-30 16:42:17,822 Requests DEBUG 发送post请求 
2020-12-30 16:42:17,847 Requests DEBUG 发送post请求 
2020-12-30 16:42:17,881 Requests DEBUG 发送post请求 
2020-12-30 16:42:18,012 Requests DEBUG 发送post请求 
2020-12-30 16:42:18,218 Requests DEBUG 发送post请求 
2020-12-30 16:42:18,292 Requests DEBUG 发送post请求 
2020-12-30 16:42:18,389 Requests DEBUG 发送post请求 
2020-12-30 16:42:18,471 Requests DEBUG 发送post请求 
2020-12-30 16:42:18,639 Requests DEBUG 发送post请求 
2020-12-30 16:42:18,808 Requests DEBUG 发送post请求 
2020-12-30 16:42:18,834 AssertUtil ERROR 不包含或者body是错误，body is {'LinkagePageConfiginfoList': [{'Id': 1, 'CNAME': 'test001', 'LinkagerEffective': '有效', 'Station': '已启动', 'CarryTime': '/Date(1609313399137+0800)/', 'LinkagerEffectiveId': 1, 'StationId': 1, 'UpdateTime': '/Date(1604470412303+0800)/'}], 'GroupMaxId': 13, 'ItemIdMaxId': 14, 'Page': {'Current': 1, 'Total': 1}, 'ActionInfo': {'Success': True, 'ExceptionMsg': None, 'ExtendContent': None, 'IsExistsDevice': False, 'ActionUser': '', 'LogType': 0, 'ActionDateTime': '/Date(1609317738831+0800)/', 'ActionModel': None, 'LogParams': None, 'FunctionPoint': None}},expected_body is Id': 1, 'CNAME': 'test001', 'LinkagerEffective': '有效', 'Station': '未启动' 
2020-12-30 16:42:18,971 Requests DEBUG 发送post请求 
2020-12-30 16:42:19,006 Requests DEBUG 发送post请求 
2020-12-30 16:42:19,071 Requests DEBUG 发送post请求 
2020-12-30 16:42:19,142 Requests DEBUG 发送post请求 
2020-12-30 16:42:19,171 AssertUtil ERROR 不包含或者body是错误，body is {'IsSucess': False, 'TreeName': None, 'ExceptionMeg': '删除失败,因为该数据具有推送记录!'},expected_body is ExceptionMeg': '删除成功!' 
2020-12-30 16:42:19,188 Requests DEBUG 发送post请求 
2020-12-30 16:42:19,212 Requests DEBUG 发送post请求 
2020-12-30 16:42:19,248 Requests DEBUG 发送post请求 
2020-12-30 16:42:19,328 Requests DEBUG 发送post请求 
2020-12-30 16:42:19,385 Requests DEBUG 发送post请求 
2020-12-30 16:42:19,431 Requests DEBUG 发送post请求 
2020-12-30 16:42:19,506 Requests DEBUG 发送post请求 
2020-12-30 16:42:21,256 Requests DEBUG 发送post请求 
2020-12-30 16:42:24,840 Requests DEBUG 发送post请求 
2020-12-30 16:42:24,885 Requests DEBUG 发送post请求 
2020-12-30 16:42:24,950 Requests DEBUG 发送post请求 
2020-12-30 16:43:46,127 Requests DEBUG 发送post请求 
2020-12-30 16:43:46,156 Requests DEBUG 发送post请求 
2020-12-30 16:43:46,218 Requests DEBUG 发送post请求 
2020-12-30 16:43:46,237 Requests DEBUG 发送post请求 
2020-12-30 16:43:46,266 Requests DEBUG 发送post请求 
2020-12-30 16:43:46,298 Requests DEBUG 发送post请求 
2020-12-30 16:43:46,317 Requests DEBUG 发送post请求 
2020-12-30 16:43:46,360 Requests DEBUG 发送post请求 
2020-12-30 16:43:46,402 Requests DEBUG 发送post请求 
2020-12-30 16:43:46,457 Requests DEBUG 发送post请求 
2020-12-30 16:43:46,494 Requests DEBUG 发送post请求 
2020-12-30 16:43:46,587 Requests DEBUG 发送post请求 
2020-12-30 16:43:46,644 Requests DEBUG 发送post请求 
2020-12-30 16:43:46,785 Requests DEBUG 发送post请求 
2020-12-30 16:43:46,826 Requests DEBUG 发送post请求 
2020-12-30 16:43:46,908 Requests DEBUG 发送post请求 
2020-12-30 16:43:46,977 Requests DEBUG 发送post请求 
2020-12-30 16:43:47,018 Requests DEBUG 发送post请求 
2020-12-30 16:43:47,070 Requests DEBUG 发送post请求 
2020-12-30 16:43:47,096 Requests DEBUG 发送post请求 
2020-12-30 16:43:47,120 Requests DEBUG 发送post请求 
2020-12-30 16:43:47,238 Requests DEBUG 发送post请求 
2020-12-30 16:43:47,294 Requests DEBUG 发送post请求 
2020-12-30 16:43:47,323 AssertUtil ERROR 不包含或者body是错误，body is {'IsSucess': False, 'TreeName': None, 'ExceptionMeg': '删除失败,因为该数据具有推送记录!'},expected_body is ExceptionMeg': '删除成功!' 
2020-12-30 16:43:47,420 Requests DEBUG 发送post请求 
2020-12-30 16:43:47,443 Requests DEBUG 发送post请求 
2020-12-30 16:43:47,465 Requests DEBUG 发送post请求 
2020-12-30 16:43:47,566 Requests DEBUG 发送post请求 
2020-12-30 16:43:47,619 Requests DEBUG 发送post请求 
2020-12-30 16:43:47,642 Requests DEBUG 发送post请求 
2020-12-30 16:43:47,693 Requests DEBUG 发送post请求 
2020-12-30 16:43:50,732 Requests DEBUG 发送post请求 
2020-12-30 16:43:52,260 Requests DEBUG 发送post请求 
2020-12-30 16:43:52,303 Requests DEBUG 发送post请求 
2020-12-30 16:43:52,346 Requests DEBUG 发送post请求 
2020-12-30 16:43:52,408 D:\Users\Administrator\PycharmProjects\InterfaceTest\utils\LogUtil.py INFO 报告地址 
2020-12-30 16:53:39,260 Requests DEBUG 发送post请求 
2020-12-30 16:55:27,277 Requests DEBUG 发送post请求 
2020-12-30 16:55:41,657 Requests DEBUG 发送post请求 
2020-12-30 16:59:08,739 Requests DEBUG 发送post请求 
2020-12-30 17:00:05,184 Requests DEBUG 发送post请求 
2020-12-30 17:00:22,443 Requests DEBUG 发送post请求 
2020-12-30 17:08:23,823 Requests DEBUG 发送post请求 
2020-12-30 17:09:13,529 Requests DEBUG 发送post请求 
2020-12-30 17:20:08,678 Requests DEBUG 发送post请求 
2020-12-30 17:22:24,152 Requests DEBUG 发送post请求 
2020-12-30 17:23:41,502 Requests DEBUG 发送post请求 
2020-12-30 17:23:54,141 Requests DEBUG 发送post请求 
2020-12-30 17:24:22,392 Requests DEBUG 发送post请求 
2020-12-30 17:27:45,141 Requests DEBUG 发送post请求 
2020-12-30 17:27:45,260 Requests DEBUG 发送post请求 
2020-12-30 17:27:45,332 Requests DEBUG 发送post请求 
2020-12-30 17:27:45,401 Requests DEBUG 发送post请求 
2020-12-30 17:27:45,425 Requests DEBUG 发送post请求 
2020-12-30 17:27:45,469 Requests DEBUG 发送post请求 
2020-12-30 17:27:45,507 Requests DEBUG 发送post请求 
2020-12-30 17:27:45,612 Requests DEBUG 发送post请求 
2020-12-30 17:27:45,650 Requests DEBUG 发送post请求 
2020-12-30 17:27:45,688 Requests DEBUG 发送post请求 
2020-12-30 17:27:45,716 Requests DEBUG 发送post请求 
2020-12-30 17:27:45,741 Requests DEBUG 发送post请求 
2020-12-30 17:27:45,792 Requests DEBUG 发送post请求 
2020-12-30 17:27:45,825 Requests DEBUG 发送post请求 
2020-12-30 17:27:45,886 Requests DEBUG 发送post请求 
2020-12-30 17:27:45,925 Requests DEBUG 发送post请求 
2020-12-30 17:27:45,997 Requests DEBUG 发送post请求 
2020-12-30 17:27:46,039 Requests DEBUG 发送post请求 
2020-12-30 17:27:46,212 Requests DEBUG 发送post请求 
2020-12-30 17:27:46,273 Requests DEBUG 发送post请求 
2020-12-30 17:27:47,112 Requests DEBUG 发送post请求 
2020-12-30 17:27:47,171 Requests DEBUG 发送post请求 
2020-12-30 17:27:48,123 Requests DEBUG 发送post请求 
2020-12-30 17:27:48,150 Requests DEBUG 发送post请求 
2020-12-30 17:27:48,194 Requests DEBUG 发送post请求 
2020-12-30 17:27:48,219 Requests DEBUG 发送post请求 
2020-12-30 17:27:48,253 Requests DEBUG 发送post请求 
2020-12-30 17:27:48,301 Requests DEBUG 发送post请求 
2020-12-30 17:27:48,324 Requests DEBUG 发送post请求 
2020-12-30 17:27:48,362 Requests DEBUG 发送post请求 
2020-12-30 17:27:48,429 Requests DEBUG 发送post请求 
2020-12-30 17:27:48,491 Requests DEBUG 发送post请求 
2020-12-30 17:27:48,518 Requests DEBUG 发送post请求 
2020-12-30 17:27:48,544 Requests DEBUG 发送post请求 
2020-12-30 17:27:48,675 Requests DEBUG 发送post请求 
2020-12-30 17:27:48,877 Requests DEBUG 发送post请求 
2020-12-30 17:27:48,938 Requests DEBUG 发送post请求 
2020-12-30 17:27:49,109 Requests DEBUG 发送post请求 
2020-12-30 17:27:49,255 Requests DEBUG 发送post请求 
2020-12-30 17:27:49,428 Requests DEBUG 发送post请求 
2020-12-30 17:27:49,586 Requests DEBUG 发送post请求 
2020-12-30 17:27:49,616 Requests DEBUG 发送post请求 
2020-12-30 17:27:49,655 Requests DEBUG 发送post请求 
2020-12-30 17:27:49,705 Requests DEBUG 发送post请求 
2020-12-30 17:27:49,752 Requests DEBUG 发送post请求 
2020-12-30 17:27:49,809 Requests DEBUG 发送post请求 
2020-12-30 17:27:49,845 Requests DEBUG 发送post请求 
2020-12-30 17:27:49,904 Requests DEBUG 发送post请求 
2020-12-30 17:27:49,964 Requests DEBUG 发送post请求 
2020-12-30 17:27:49,991 Requests DEBUG 发送post请求 
2020-12-30 17:27:50,024 Requests DEBUG 发送post请求 
2020-12-30 17:27:50,061 Requests DEBUG 发送post请求 
2020-12-30 17:27:50,256 Requests DEBUG 发送post请求 
2020-12-30 17:27:50,303 Requests DEBUG 发送post请求 
2020-12-30 17:27:50,341 Requests DEBUG 发送post请求 
2020-12-30 17:27:50,506 Requests DEBUG 发送post请求 
2020-12-30 17:27:52,316 Requests DEBUG 发送post请求 
2020-12-30 17:27:53,436 Requests DEBUG 发送post请求 
2020-12-30 17:27:53,494 Requests DEBUG 发送post请求 
2020-12-30 17:27:53,542 Requests DEBUG 发送post请求 
2020-12-30 17:27:53,577 D:\Users\Administrator\PycharmProjects\InterfaceTest\utils\LogUtil.py INFO 报告地址 
