2021-01-08 11:18:24,895 D:\Users\Administrator\PycharmProjects\InterfaceTest\utils\LogUtil.py ERROR Mysql 执行失败 
2021-01-08 11:18:24,936 D:\Users\Administrator\PycharmProjects\InterfaceTest\utils\LogUtil.py ERROR fetchone() takes no arguments (1 given) 
2021-01-08 11:21:13,049 D:\Users\Administrator\PycharmProjects\InterfaceTest\utils\LogUtil.py ERROR Mysql 执行失败 
2021-01-08 11:21:13,050 D:\Users\Administrator\PycharmProjects\InterfaceTest\utils\LogUtil.py ERROR (207, b"Invalid column name 'campuscode'.DB-Lib error message 20018, severity 16:\nGeneral SQL Server error: Check messages from the SQL Server\n") 
2021-01-08 11:22:19,947 D:\Users\Administrator\PycharmProjects\InterfaceTest\utils\LogUtil.py ERROR Mysql 执行失败 
2021-01-08 11:22:19,947 D:\Users\Administrator\PycharmProjects\InterfaceTest\utils\LogUtil.py ERROR (207, b"Invalid column name 'r1olecode'.DB-Lib error message 20018, severity 16:\nGeneral SQL Server error: Check messages from the SQL Server\n") 
2021-01-08 14:09:07,434 Requests DEBUG 发送post请求 
2021-01-08 14:10:07,415 Requests DEBUG 发送post请求 
2021-01-08 14:10:23,456 Requests DEBUG 发送post请求 
2021-01-08 14:35:59,543 Requests DEBUG 发送post请求 
2021-01-08 14:41:10,444 Requests DEBUG 发送post请求 
2021-01-08 14:41:42,645 Requests DEBUG 发送post请求 
2021-01-08 14:43:48,938 Requests DEBUG 发送post请求 
2021-01-08 14:44:10,091 Requests DEBUG 发送post请求 
2021-01-08 14:46:27,643 Requests DEBUG 发送post请求 
2021-01-08 14:53:09,523 Requests DEBUG 发送post请求 
2021-01-08 15:02:19,181 Requests DEBUG 发送post请求 
2021-01-08 15:29:16,827 D:\Users\Administrator\PycharmProjects\InterfaceTest\utils\LogUtil.py INFO 报告地址 
2021-01-08 15:30:25,974 Requests DEBUG 发送post请求 
2021-01-08 15:30:26,116 Requests DEBUG 发送post请求 
2021-01-08 15:30:26,296 Requests DEBUG 发送post请求 
2021-01-08 15:30:26,363 Requests DEBUG 发送post请求 
2021-01-08 15:30:26,420 Requests DEBUG 发送post请求 
2021-01-08 15:30:26,568 Requests DEBUG 发送post请求 
2021-01-08 15:30:26,800 Requests DEBUG 发送post请求 
2021-01-08 15:30:26,882 Requests DEBUG 发送post请求 
2021-01-08 15:30:31,006 Requests DEBUG 发送post请求 
2021-01-08 15:30:31,102 Requests DEBUG 发送post请求 
2021-01-08 15:30:31,213 Requests DEBUG 发送post请求 
2021-01-08 15:30:31,280 Requests DEBUG 发送post请求 
2021-01-08 15:30:33,278 Requests DEBUG 发送post请求 
2021-01-08 15:30:33,488 Requests DEBUG 发送post请求 
2021-01-08 15:30:33,544 Requests DEBUG 发送post请求 
2021-01-08 15:30:33,605 Requests DEBUG 发送post请求 
2021-01-08 15:30:34,129 Requests DEBUG 发送post请求 
2021-01-08 15:30:34,471 Requests DEBUG 发送post请求 
2021-01-08 15:30:34,763 Requests DEBUG 发送post请求 
2021-01-08 15:30:35,091 Requests DEBUG 发送post请求 
2021-01-08 15:30:35,727 Requests DEBUG 发送post请求 
2021-01-08 15:30:35,914 Requests DEBUG 发送post请求 
2021-01-08 15:30:36,039 Requests DEBUG 发送post请求 
2021-01-08 15:30:37,250 Requests DEBUG 发送post请求 
2021-01-08 15:30:38,241 Requests DEBUG 发送post请求 
2021-01-08 15:30:39,366 Requests DEBUG 发送post请求 
2021-01-08 15:30:40,400 Requests DEBUG 发送post请求 
2021-01-08 15:30:41,387 Requests DEBUG 发送post请求 
2021-01-08 15:30:41,801 Requests DEBUG 发送post请求 
2021-01-08 15:30:42,100 Requests DEBUG 发送post请求 
2021-01-08 15:30:42,322 Requests DEBUG 发送post请求 
2021-01-08 15:30:42,368 Requests DEBUG 发送post请求 
2021-01-08 15:30:42,418 Requests DEBUG 发送post请求 
2021-01-08 15:30:42,471 Requests DEBUG 发送post请求 
2021-01-08 15:30:43,501 Requests DEBUG 发送post请求 
2021-01-08 15:30:43,632 Requests DEBUG 发送post请求 
2021-01-08 15:30:44,239 Requests DEBUG 发送post请求 
2021-01-08 15:30:45,253 Requests DEBUG 发送post请求 
2021-01-08 15:30:46,137 Requests DEBUG 发送post请求 
2021-01-08 15:30:46,920 Requests DEBUG 发送post请求 
2021-01-08 15:30:47,575 Requests DEBUG 发送post请求 
2021-01-08 15:30:48,219 Requests DEBUG 发送post请求 
2021-01-08 15:30:48,894 Requests DEBUG 发送post请求 
2021-01-08 15:30:49,093 Requests DEBUG 发送post请求 
2021-01-08 15:30:51,637 Requests DEBUG 发送post请求 
2021-01-08 15:30:52,388 Requests DEBUG 发送post请求 
2021-01-08 15:30:52,986 Requests DEBUG 发送post请求 
2021-01-08 15:30:53,068 Requests DEBUG 发送post请求 
2021-01-08 15:30:53,488 Requests DEBUG 发送post请求 
2021-01-08 15:30:53,699 Requests DEBUG 发送post请求 
2021-01-08 15:30:53,913 Requests DEBUG 发送post请求 
2021-01-08 15:30:54,260 Requests DEBUG 发送post请求 
2021-01-08 15:30:54,415 Requests DEBUG 发送post请求 
2021-01-08 15:30:54,476 Requests DEBUG 发送post请求 
2021-01-08 15:30:54,608 Requests DEBUG 发送post请求 
2021-01-08 15:30:54,737 Requests DEBUG 发送post请求 
2021-01-08 15:30:54,867 Requests DEBUG 发送post请求 
2021-01-08 15:30:55,000 Requests DEBUG 发送post请求 
2021-01-08 15:30:55,147 Requests DEBUG 发送post请求 
2021-01-08 15:30:55,271 Requests DEBUG 发送post请求 
2021-01-08 15:30:55,416 Requests DEBUG 发送post请求 
2021-01-08 15:30:55,544 Requests DEBUG 发送post请求 
2021-01-08 15:30:55,669 Requests DEBUG 发送post请求 
2021-01-08 15:30:55,783 Requests DEBUG 发送post请求 
2021-01-08 15:30:55,881 Requests DEBUG 发送post请求 
2021-01-08 15:30:55,978 Requests DEBUG 发送post请求 
2021-01-08 15:30:56,180 Requests DEBUG 发送post请求 
2021-01-08 15:30:56,238 Requests DEBUG 发送post请求 
2021-01-08 15:30:56,505 Requests DEBUG 发送post请求 
2021-01-08 15:30:56,589 Requests DEBUG 发送post请求 
2021-01-08 15:30:56,809 Requests DEBUG 发送post请求 
2021-01-08 15:30:56,879 Requests DEBUG 发送post请求 
2021-01-08 15:30:56,984 Requests DEBUG 发送post请求 
2021-01-08 15:30:57,045 Requests DEBUG 发送post请求 
2021-01-08 15:30:57,108 Requests DEBUG 发送post请求 
2021-01-08 15:30:57,166 Requests DEBUG 发送post请求 
2021-01-08 15:30:57,561 Requests DEBUG 发送post请求 
2021-01-08 15:30:57,657 Requests DEBUG 发送post请求 
2021-01-08 15:30:59,426 Requests DEBUG 发送post请求 
2021-01-08 15:31:00,451 Requests DEBUG 发送post请求 
2021-01-08 15:31:01,444 Requests DEBUG 发送post请求 
2021-01-08 15:31:01,532 Requests DEBUG 发送post请求 
2021-01-08 15:31:01,616 Requests DEBUG 发送post请求 
2021-01-08 15:31:01,679 Requests DEBUG 发送post请求 
2021-01-08 15:31:01,746 Requests DEBUG 发送post请求 
2021-01-08 15:31:02,351 Requests DEBUG 发送post请求 
2021-01-08 15:31:02,467 Requests DEBUG 发送post请求 
2021-01-08 15:31:02,529 Requests DEBUG 发送post请求 
2021-01-08 15:31:02,623 Requests DEBUG 发送post请求 
2021-01-08 15:31:02,798 Requests DEBUG 发送post请求 
2021-01-08 15:31:02,911 Requests DEBUG 发送post请求 
2021-01-08 15:31:02,966 Requests DEBUG 发送post请求 
2021-01-08 15:31:03,027 Requests DEBUG 发送post请求 
2021-01-08 15:31:03,333 Requests DEBUG 发送post请求 
2021-01-08 15:31:03,742 Requests DEBUG 发送post请求 
2021-01-08 15:31:03,875 Requests DEBUG 发送post请求 
2021-01-08 15:31:04,107 Requests DEBUG 发送post请求 
2021-01-08 15:31:04,248 Requests DEBUG 发送post请求 
2021-01-08 15:31:04,537 Requests DEBUG 发送post请求 
2021-01-08 15:31:04,812 Requests DEBUG 发送post请求 
2021-01-08 15:31:04,915 Requests DEBUG 发送post请求 
2021-01-08 15:31:04,989 Requests DEBUG 发送post请求 
2021-01-08 15:31:05,200 Requests DEBUG 发送post请求 
2021-01-08 15:31:05,283 Requests DEBUG 发送post请求 
2021-01-08 15:31:05,404 Requests DEBUG 发送post请求 
2021-01-08 15:31:05,487 Requests DEBUG 发送post请求 
2021-01-08 15:31:05,601 Requests DEBUG 发送post请求 
2021-01-08 15:31:05,703 Requests DEBUG 发送post请求 
2021-01-08 15:31:05,783 Requests DEBUG 发送post请求 
2021-01-08 15:31:05,878 Requests DEBUG 发送post请求 
2021-01-08 15:31:05,929 Requests DEBUG 发送post请求 
2021-01-08 15:31:05,993 Requests DEBUG 发送post请求 
2021-01-08 15:31:06,088 Requests DEBUG 发送post请求 
2021-01-08 15:31:06,247 Requests DEBUG 发送post请求 
2021-01-08 15:31:06,354 Requests DEBUG 发送post请求 
2021-01-08 15:31:06,427 Requests DEBUG 发送post请求 
2021-01-08 15:31:06,518 Requests DEBUG 发送post请求 
2021-01-08 15:31:06,589 Requests DEBUG 发送post请求 
2021-01-08 15:31:06,756 Requests DEBUG 发送post请求 
2021-01-08 15:31:06,819 Requests DEBUG 发送post请求 
2021-01-08 15:31:06,980 Requests DEBUG 发送post请求 
2021-01-08 15:31:07,081 Requests DEBUG 发送post请求 
2021-01-08 15:31:07,151 Requests DEBUG 发送post请求 
2021-01-08 15:31:07,264 Requests DEBUG 发送post请求 
2021-01-08 15:31:09,876 Requests DEBUG 发送post请求 
2021-01-08 15:31:11,761 Requests DEBUG 发送post请求 
2021-01-08 15:31:11,846 Requests DEBUG 发送post请求 
2021-01-08 15:31:11,966 Requests DEBUG 发送post请求 
2021-01-08 15:31:12,035 Requests DEBUG 发送post请求 
2021-01-08 15:31:12,166 Requests DEBUG 发送post请求 
2021-01-08 15:31:12,209 D:\Users\Administrator\PycharmProjects\InterfaceTest\utils\LogUtil.py INFO 报告地址 
2021-01-08 15:32:50,479 Requests DEBUG 发送post请求 
2021-01-08 15:32:50,607 Requests DEBUG 发送post请求 
2021-01-08 15:32:50,669 Requests DEBUG 发送post请求 
2021-01-08 15:32:50,722 Requests DEBUG 发送post请求 
2021-01-08 15:32:50,782 Requests DEBUG 发送post请求 
2021-01-08 15:32:50,866 Requests DEBUG 发送post请求 
2021-01-08 15:32:50,928 Requests DEBUG 发送post请求 
2021-01-08 15:32:51,006 Requests DEBUG 发送post请求 
2021-01-08 15:32:51,155 Requests DEBUG 发送post请求 
2021-01-08 15:32:51,197 Requests DEBUG 发送post请求 
2021-01-08 15:32:51,236 Requests DEBUG 发送post请求 
2021-01-08 15:32:51,293 Requests DEBUG 发送post请求 
2021-01-08 15:32:51,427 Requests DEBUG 发送post请求 
2021-01-08 15:32:51,568 Requests DEBUG 发送post请求 
2021-01-08 15:32:51,617 Requests DEBUG 发送post请求 
2021-01-08 15:32:51,669 Requests DEBUG 发送post请求 
2021-01-08 15:32:51,776 Requests DEBUG 发送post请求 
2021-01-08 15:32:51,927 Requests DEBUG 发送post请求 
2021-01-08 15:32:52,051 Requests DEBUG 发送post请求 
2021-01-08 15:32:52,244 Requests DEBUG 发送post请求 
2021-01-08 15:32:52,398 Requests DEBUG 发送post请求 
2021-01-08 15:32:52,581 Requests DEBUG 发送post请求 
2021-01-08 15:32:52,686 Requests DEBUG 发送post请求 
2021-01-08 15:32:53,709 Requests DEBUG 发送post请求 
2021-01-08 15:32:54,754 Requests DEBUG 发送post请求 
2021-01-08 15:32:55,867 Requests DEBUG 发送post请求 
2021-01-08 15:32:56,941 Requests DEBUG 发送post请求 
2021-01-08 15:32:57,942 Requests DEBUG 发送post请求 
2021-01-08 15:32:58,176 Requests DEBUG 发送post请求 
2021-01-08 15:32:58,394 Requests DEBUG 发送post请求 
2021-01-08 15:32:58,448 Requests DEBUG 发送post请求 
2021-01-08 15:32:58,509 Requests DEBUG 发送post请求 
2021-01-08 15:32:58,563 Requests DEBUG 发送post请求 
2021-01-08 15:32:58,618 Requests DEBUG 发送post请求 
2021-01-08 15:32:58,868 Requests DEBUG 发送post请求 
2021-01-08 15:32:58,975 Requests DEBUG 发送post请求 
2021-01-08 15:32:59,214 Requests DEBUG 发送post请求 
2021-01-08 15:32:59,319 Requests DEBUG 发送post请求 
2021-01-08 15:32:59,786 Requests DEBUG 发送post请求 
2021-01-08 15:33:00,250 Requests DEBUG 发送post请求 
2021-01-08 15:33:00,720 Requests DEBUG 发送post请求 
2021-01-08 15:33:01,184 Requests DEBUG 发送post请求 
2021-01-08 15:33:01,635 Requests DEBUG 发送post请求 
2021-01-08 15:33:01,713 Requests DEBUG 发送post请求 
2021-01-08 15:33:02,040 Requests DEBUG 发送post请求 
2021-01-08 15:33:02,422 Requests DEBUG 发送post请求 
2021-01-08 15:33:02,468 Requests DEBUG 发送post请求 
2021-01-08 15:33:02,530 Requests DEBUG 发送post请求 
2021-01-08 15:33:02,646 Requests DEBUG 发送post请求 
2021-01-08 15:33:02,749 Requests DEBUG 发送post请求 
2021-01-08 15:33:02,841 Requests DEBUG 发送post请求 
2021-01-08 15:33:02,885 AssertUtil ERROR 不包含或者body是错误，body is {'IsSucess': False, 'TreeName': None, 'ExceptionMeg': "系统检测到重复提交\r\n公式名称为'配电自动化(1)1设备1：越下限'公式是否有此类指标公式配置数据\r\n或者对象ID和指标是否重复\r\n"},expected_body is IsSucess': True 
2021-01-08 15:33:03,051 Requests DEBUG 发送post请求 
2021-01-08 15:33:03,104 Requests DEBUG 发送post请求 
2021-01-08 15:33:03,167 Requests DEBUG 发送post请求 
2021-01-08 15:33:03,230 Requests DEBUG 发送post请求 
2021-01-08 15:33:03,293 Requests DEBUG 发送post请求 
2021-01-08 15:33:03,360 Requests DEBUG 发送post请求 
2021-01-08 15:33:03,421 Requests DEBUG 发送post请求 
2021-01-08 15:33:03,463 AssertUtil ERROR 不包含或者body是错误，body is {'IsSucess': False, 'TreeName': None, 'ExceptionMeg': "系统检测到重复提交\r\n公式名称为'智能照明3(CODE1-13)总供冷量(kW)'公式是否有此类指标公式配置数据\r\n或者对象ID和指标是否重复\r\n"},expected_body is IsSucess': True 
2021-01-08 15:33:03,506 Requests DEBUG 发送post请求 
2021-01-08 15:33:03,571 Requests DEBUG 发送post请求 
2021-01-08 15:33:03,634 Requests DEBUG 发送post请求 
2021-01-08 15:33:03,687 Requests DEBUG 发送post请求 
2021-01-08 15:33:03,737 Requests DEBUG 发送post请求 
2021-01-08 15:33:03,776 Requests DEBUG 发送post请求 
2021-01-08 15:33:03,844 Requests DEBUG 发送post请求 
2021-01-08 15:33:03,911 Requests DEBUG 发送post请求 
2021-01-08 15:33:03,942 AssertUtil ERROR 不包含或者body是错误，body is {'IsSucess': False, 'TreeName': None, 'ExceptionMeg': "系统检测到重复提交\r\n公式名称为'配电自动化系统联动5'公式是否有此类指标公式配置数据\r\n或者对象ID和指标是否重复\r\n"},expected_body is IsSucess': True 
2021-01-08 15:33:03,976 Requests DEBUG 发送post请求 
2021-01-08 15:33:04,022 Requests DEBUG 发送post请求 
2021-01-08 15:33:04,056 Requests DEBUG 发送post请求 
2021-01-08 15:33:04,125 Requests DEBUG 发送post请求 
2021-01-08 15:33:04,161 Requests DEBUG 发送post请求 
2021-01-08 15:33:04,212 Requests DEBUG 发送post请求 
2021-01-08 15:33:04,263 Requests DEBUG 发送post请求 
2021-01-08 15:33:04,326 Requests DEBUG 发送post请求 
2021-01-08 15:33:04,390 Requests DEBUG 发送post请求 
2021-01-08 15:33:04,437 Requests DEBUG 发送post请求 
2021-01-08 15:33:04,497 Requests DEBUG 发送post请求 
2021-01-08 15:33:04,555 Requests DEBUG 发送post请求 
2021-01-08 15:33:04,965 Requests DEBUG 发送post请求 
2021-01-08 15:33:05,994 Requests DEBUG 发送post请求 
2021-01-08 15:33:06,988 Requests DEBUG 发送post请求 
2021-01-08 15:33:07,041 Requests DEBUG 发送post请求 
2021-01-08 15:33:07,123 Requests DEBUG 发送post请求 
2021-01-08 15:33:07,173 Requests DEBUG 发送post请求 
2021-01-08 15:33:07,217 Requests DEBUG 发送post请求 
2021-01-08 15:33:07,462 Requests DEBUG 发送post请求 
2021-01-08 15:33:07,521 Requests DEBUG 发送post请求 
2021-01-08 15:33:07,568 Requests DEBUG 发送post请求 
2021-01-08 15:33:07,639 Requests DEBUG 发送post请求 
2021-01-08 15:33:07,701 Requests DEBUG 发送post请求 
2021-01-08 15:33:07,781 Requests DEBUG 发送post请求 
2021-01-08 15:33:07,830 Requests DEBUG 发送post请求 
2021-01-08 15:33:07,884 Requests DEBUG 发送post请求 
2021-01-08 15:33:08,081 Requests DEBUG 发送post请求 
2021-01-08 15:33:08,172 Requests DEBUG 发送post请求 
2021-01-08 15:33:08,223 Requests DEBUG 发送post请求 
2021-01-08 15:33:08,359 Requests DEBUG 发送post请求 
2021-01-08 15:33:08,473 Requests DEBUG 发送post请求 
2021-01-08 15:33:08,749 Requests DEBUG 发送post请求 
2021-01-08 15:33:09,028 Requests DEBUG 发送post请求 
2021-01-08 15:33:09,079 Requests DEBUG 发送post请求 
2021-01-08 15:33:09,134 Requests DEBUG 发送post请求 
2021-01-08 15:33:09,219 Requests DEBUG 发送post请求 
2021-01-08 15:33:09,304 Requests DEBUG 发送post请求 
2021-01-08 15:33:09,406 Requests DEBUG 发送post请求 
2021-01-08 15:33:09,469 Requests DEBUG 发送post请求 
2021-01-08 15:33:09,555 Requests DEBUG 发送post请求 
2021-01-08 15:33:09,652 Requests DEBUG 发送post请求 
2021-01-08 15:33:09,717 Requests DEBUG 发送post请求 
2021-01-08 15:33:09,813 Requests DEBUG 发送post请求 
2021-01-08 15:33:09,873 Requests DEBUG 发送post请求 
2021-01-08 15:33:09,926 Requests DEBUG 发送post请求 
2021-01-08 15:33:09,972 Requests DEBUG 发送post请求 
2021-01-08 15:33:10,042 Requests DEBUG 发送post请求 
2021-01-08 15:33:10,126 Requests DEBUG 发送post请求 
2021-01-08 15:33:10,242 Requests DEBUG 发送post请求 
2021-01-08 15:33:10,324 Requests DEBUG 发送post请求 
2021-01-08 15:33:10,371 Requests DEBUG 发送post请求 
2021-01-08 15:33:10,439 Requests DEBUG 发送post请求 
2021-01-08 15:33:10,503 Requests DEBUG 发送post请求 
2021-01-08 15:33:10,667 Requests DEBUG 发送post请求 
2021-01-08 15:33:10,768 Requests DEBUG 发送post请求 
2021-01-08 15:33:10,826 Requests DEBUG 发送post请求 
2021-01-08 15:33:10,931 Requests DEBUG 发送post请求 
2021-01-08 15:33:13,078 Requests DEBUG 发送post请求 
2021-01-08 15:33:15,045 Requests DEBUG 发送post请求 
2021-01-08 15:33:15,258 Requests DEBUG 发送post请求 
2021-01-08 15:33:15,461 Requests DEBUG 发送post请求 
2021-01-08 15:33:15,498 Requests DEBUG 发送post请求 
2021-01-08 15:33:15,771 Requests DEBUG 发送post请求 
2021-01-08 15:43:55,782 Requests DEBUG 发送post请求 
2021-01-08 15:43:55,873 Requests DEBUG 发送post请求 
2021-01-08 15:43:55,959 Requests DEBUG 发送post请求 
2021-01-08 15:43:56,021 Requests DEBUG 发送post请求 
2021-01-08 15:43:56,074 Requests DEBUG 发送post请求 
2021-01-08 15:43:56,171 Requests DEBUG 发送post请求 
2021-01-08 15:43:56,314 Requests DEBUG 发送post请求 
2021-01-08 15:43:56,369 Requests DEBUG 发送post请求 
2021-01-08 15:43:56,790 Requests DEBUG 发送post请求 
2021-01-08 15:43:56,842 Requests DEBUG 发送post请求 
2021-01-08 15:43:56,900 Requests DEBUG 发送post请求 
2021-01-08 15:43:56,959 Requests DEBUG 发送post请求 
2021-01-08 15:43:57,150 Requests DEBUG 发送post请求 
2021-01-08 15:43:57,350 Requests DEBUG 发送post请求 
2021-01-08 15:43:57,408 Requests DEBUG 发送post请求 
2021-01-08 15:43:57,467 Requests DEBUG 发送post请求 
2021-01-08 15:43:57,714 Requests DEBUG 发送post请求 
2021-01-08 15:43:58,007 Requests DEBUG 发送post请求 
2021-01-08 15:43:58,293 Requests DEBUG 发送post请求 
2021-01-08 15:43:58,628 Requests DEBUG 发送post请求 
2021-01-08 15:43:59,049 Requests DEBUG 发送post请求 
2021-01-08 15:43:59,213 Requests DEBUG 发送post请求 
2021-01-08 15:43:59,336 Requests DEBUG 发送post请求 
2021-01-08 15:44:00,572 Requests DEBUG 发送post请求 
2021-01-08 15:44:01,566 D:\Users\Administrator\PycharmProjects\InterfaceTest\utils\LogUtil.py INFO 报告地址 
2021-01-08 15:57:03,474 Requests DEBUG 发送post请求 
2021-01-08 15:57:03,610 Requests DEBUG 发送post请求 
2021-01-08 15:57:03,646 AssertUtil ERROR 不包含或者body是错误，body is {'ActionInfo': {'Success': True, 'ExceptionMsg': '', 'ExtendContent': None, 'IsExistsDevice': False, 'ActionUser': '', 'LogType': 0, 'ActionDateTime': '/Date(1610092623640+0800)/', 'ActionModel': None, 'LogParams': None, 'FunctionPoint': None}, 'StationList': [{'StationId': 0, 'StationName': '管理机厂站'}, {'StationId': 1, 'StationName': '前置厂站1'}, {'StationId': 8, 'StationName': 'PLC'}]},expected_body is 'StationList': [{'StationId': 0, 'StationName': '管理机厂站'}, {'StationId': 1, 'StationName': '前置厂站1'}] 
2021-01-08 15:57:03,789 Requests DEBUG 发送post请求 
2021-01-08 15:57:03,946 Requests DEBUG 发送post请求 
2021-01-08 15:57:04,016 Requests DEBUG 发送post请求 
2021-01-08 15:57:04,085 Requests DEBUG 发送post请求 
2021-01-08 15:57:04,138 Requests DEBUG 发送post请求 
2021-01-08 15:57:04,260 Requests DEBUG 发送post请求 
2021-01-08 15:57:04,333 Requests DEBUG 发送post请求 
2021-01-08 15:57:04,412 AssertUtil ERROR 不包含或者body是错误，body is {'Success': True, 'ExceptionMsg': '新增成功！', 'ExtendContent': None, 'IsExistsDevice': False, 'ActionUser': '', 'LogType': 0, 'ActionDateTime': '/Date(1610092624407+0800)/', 'ActionModel': None, 'LogParams': None, 'FunctionPoint': None},expected_body is 'Success': False, 'ExceptionMsg': '摄像头IP出现重复，请重设！' 
2021-01-08 15:57:04,465 Requests DEBUG 发送post请求 
2021-01-08 15:57:04,558 Requests DEBUG 发送post请求 
2021-01-08 15:57:04,649 Requests DEBUG 发送post请求 
2021-01-08 15:57:04,826 Requests DEBUG 发送post请求 
2021-01-08 15:57:04,932 Requests DEBUG 发送post请求 
2021-01-08 15:57:05,085 Requests DEBUG 发送post请求 
2021-01-08 15:57:05,185 Requests DEBUG 发送post请求 
2021-01-08 15:57:05,266 Requests DEBUG 发送post请求 
2021-01-08 15:57:05,624 Requests DEBUG 发送post请求 
2021-01-08 15:57:05,905 Requests DEBUG 发送post请求 
2021-01-08 15:57:06,197 Requests DEBUG 发送post请求 
2021-01-08 15:57:06,919 Requests DEBUG 发送post请求 
2021-01-08 15:57:07,320 Requests DEBUG 发送post请求 
2021-01-08 15:57:07,360 Requests DEBUG 发送post请求 
2021-01-08 15:57:07,408 Requests DEBUG 发送post请求 
2021-01-08 15:57:07,725 Requests DEBUG 发送post请求 
2021-01-08 15:57:07,909 Requests DEBUG 发送post请求 
2021-01-08 15:57:08,024 Requests DEBUG 发送post请求 
2021-01-08 15:57:08,737 Requests DEBUG 发送post请求 
2021-01-08 15:57:08,801 Requests DEBUG 发送post请求 
2021-01-08 15:57:08,853 Requests DEBUG 发送post请求 
2021-01-08 15:57:09,050 Requests DEBUG 发送post请求 
2021-01-08 15:57:09,137 Requests DEBUG 发送post请求 
2021-01-08 15:57:09,216 Requests DEBUG 发送post请求 
2021-01-08 15:57:09,295 Requests DEBUG 发送post请求 
2021-01-08 15:57:09,359 Requests DEBUG 发送post请求 
2021-01-08 15:57:09,405 Requests DEBUG 发送post请求 
2021-01-08 15:57:09,510 Requests DEBUG 发送post请求 
2021-01-08 15:57:09,635 Requests DEBUG 发送post请求 
2021-01-08 15:57:09,689 Requests DEBUG 发送post请求 
2021-01-08 15:57:10,027 Requests DEBUG 发送post请求 
2021-01-08 15:57:10,079 Requests DEBUG 发送post请求 
2021-01-08 15:57:10,138 Requests DEBUG 发送post请求 
2021-01-08 15:57:10,240 Requests DEBUG 发送post请求 
2021-01-08 15:57:10,432 Requests DEBUG 发送post请求 
2021-01-08 15:57:10,622 Requests DEBUG 发送post请求 
2021-01-08 15:57:10,681 Requests DEBUG 发送post请求 
2021-01-08 15:57:10,742 Requests DEBUG 发送post请求 
2021-01-08 15:57:10,960 Requests DEBUG 发送post请求 
2021-01-08 15:57:11,114 Requests DEBUG 发送post请求 
2021-01-08 15:57:11,225 Requests DEBUG 发送post请求 
2021-01-08 15:57:11,392 Requests DEBUG 发送post请求 
2021-01-08 15:57:11,662 Requests DEBUG 发送post请求 
2021-01-08 15:57:12,011 Requests DEBUG 发送post请求 
2021-01-08 15:57:12,139 Requests DEBUG 发送post请求 
2021-01-08 15:57:13,373 Requests DEBUG 发送post请求 
2021-01-08 15:59:09,735 Requests DEBUG 发送post请求 
2021-01-08 15:59:09,827 Requests DEBUG 发送post请求 
2021-01-08 15:59:09,897 Requests DEBUG 发送post请求 
2021-01-08 15:59:09,960 Requests DEBUG 发送post请求 
2021-01-08 15:59:10,019 Requests DEBUG 发送post请求 
2021-01-08 15:59:10,121 Requests DEBUG 发送post请求 
2021-01-08 15:59:10,232 Requests DEBUG 发送post请求 
2021-01-08 15:59:10,276 Requests DEBUG 发送post请求 
2021-01-08 15:59:10,605 Requests DEBUG 发送post请求 
2021-01-08 15:59:10,640 Requests DEBUG 发送post请求 
2021-01-08 15:59:10,688 Requests DEBUG 发送post请求 
2021-01-08 15:59:10,732 Requests DEBUG 发送post请求 
2021-01-08 15:59:10,933 Requests DEBUG 发送post请求 
2021-01-08 15:59:11,122 Requests DEBUG 发送post请求 
2021-01-08 15:59:11,164 Requests DEBUG 发送post请求 
2021-01-08 15:59:11,217 Requests DEBUG 发送post请求 
2021-01-08 15:59:11,547 Requests DEBUG 发送post请求 
2021-01-08 15:59:11,837 Requests DEBUG 发送post请求 
2021-01-08 15:59:12,117 Requests DEBUG 发送post请求 
2021-01-08 15:59:12,437 Requests DEBUG 发送post请求 
2021-01-08 15:59:12,824 Requests DEBUG 发送post请求 
2021-01-08 15:59:12,997 Requests DEBUG 发送post请求 
2021-01-08 15:59:13,103 Requests DEBUG 发送post请求 
2021-01-08 15:59:14,551 Requests DEBUG 发送post请求 
2021-01-08 16:07:30,053 Requests DEBUG 发送post请求 
2021-01-08 16:07:30,217 Requests DEBUG 发送post请求 
2021-01-08 16:07:30,251 AssertUtil ERROR 不包含或者body是错误，body is {'ActionInfo': {'Success': True, 'ExceptionMsg': '', 'ExtendContent': None, 'IsExistsDevice': False, 'ActionUser': '', 'LogType': 0, 'ActionDateTime': '/Date(1610093250246+0800)/', 'ActionModel': None, 'LogParams': None, 'FunctionPoint': None}, 'StationList': [{'StationId': 0, 'StationName': '管理机厂站'}, {'StationId': 1, 'StationName': '前置厂站1'}, {'StationId': 8, 'StationName': 'PLC'}]},expected_body is 'StationList': [{'StationId': 0, 'StationName': '管理机厂站'}, {'StationId': 1, 'StationName': '前置厂站1'}] 
2021-01-08 16:07:30,422 Requests DEBUG 发送post请求 
2021-01-08 16:07:30,602 Requests DEBUG 发送post请求 
2021-01-08 16:07:30,660 Requests DEBUG 发送post请求 
2021-01-08 16:07:30,794 Requests DEBUG 发送post请求 
2021-01-08 16:07:30,856 Requests DEBUG 发送post请求 
2021-01-08 16:07:30,967 Requests DEBUG 发送post请求 
2021-01-08 16:07:31,077 Requests DEBUG 发送post请求 
2021-01-08 16:07:31,185 AssertUtil ERROR 不包含或者body是错误，body is {'Success': True, 'ExceptionMsg': '新增成功！', 'ExtendContent': None, 'IsExistsDevice': False, 'ActionUser': '', 'LogType': 0, 'ActionDateTime': '/Date(1610093251179+0800)/', 'ActionModel': None, 'LogParams': None, 'FunctionPoint': None},expected_body is 'Success': False, 'ExceptionMsg': '摄像头IP出现重复，请重设！' 
2021-01-08 16:07:31,235 Requests DEBUG 发送post请求 
2021-01-08 16:07:31,343 Requests DEBUG 发送post请求 
2021-01-08 16:07:31,424 Requests DEBUG 发送post请求 
2021-01-08 16:07:31,753 Requests DEBUG 发送post请求 
2021-01-08 16:07:31,862 Requests DEBUG 发送post请求 
2021-01-08 16:07:31,998 Requests DEBUG 发送post请求 
2021-01-08 16:07:32,062 Requests DEBUG 发送post请求 
2021-01-08 16:07:32,142 Requests DEBUG 发送post请求 
2021-01-08 16:07:32,556 Requests DEBUG 发送post请求 
2021-01-08 16:07:32,892 Requests DEBUG 发送post请求 
2021-01-08 16:07:33,264 Requests DEBUG 发送post请求 
2021-01-08 16:07:39,118 Requests DEBUG 发送post请求 
2021-01-08 16:07:41,078 Requests DEBUG 发送post请求 
2021-01-08 16:07:41,112 Requests DEBUG 发送post请求 
2021-01-08 16:07:41,353 Requests DEBUG 发送post请求 
2021-01-08 16:07:47,027 Requests DEBUG 发送post请求 
2021-01-08 16:07:52,634 Requests DEBUG 发送post请求 
2021-01-08 16:07:58,170 Requests DEBUG 发送post请求 
2021-01-08 16:07:59,923 Requests DEBUG 发送post请求 
2021-01-08 16:08:00,330 Requests DEBUG 发送post请求 
2021-01-08 16:08:00,418 Requests DEBUG 发送post请求 
2021-01-08 16:08:01,091 Requests DEBUG 发送post请求 
2021-01-08 16:08:01,316 Requests DEBUG 发送post请求 
2021-01-08 16:08:01,668 Requests DEBUG 发送post请求 
2021-01-08 16:08:01,841 Requests DEBUG 发送post请求 
2021-01-08 16:08:01,914 Requests DEBUG 发送post请求 
2021-01-08 16:08:01,967 Requests DEBUG 发送post请求 
2021-01-08 16:08:02,079 Requests DEBUG 发送post请求 
2021-01-08 16:08:02,679 Requests DEBUG 发送post请求 
2021-01-08 16:08:02,734 Requests DEBUG 发送post请求 
2021-01-08 16:08:08,372 Requests DEBUG 发送post请求 
2021-01-08 16:08:08,504 Requests DEBUG 发送post请求 
2021-01-08 16:08:09,127 Requests DEBUG 发送post请求 
2021-01-08 16:08:09,313 Requests DEBUG 发送post请求 
2021-01-08 16:08:14,949 Requests DEBUG 发送post请求 
2021-01-08 16:08:20,557 Requests DEBUG 发送post请求 
2021-01-08 16:08:20,958 Requests DEBUG 发送post请求 
2021-01-08 16:08:21,102 Requests DEBUG 发送post请求 
2021-01-08 16:08:26,731 Requests DEBUG 发送post请求 
2021-01-08 16:08:29,410 Requests DEBUG 发送post请求 
2021-01-08 16:08:30,443 Requests DEBUG 发送post请求 
2021-01-08 16:08:30,788 Requests DEBUG 发送post请求 
2021-01-08 16:08:35,525 Requests DEBUG 发送post请求 
2021-01-08 16:08:40,404 Requests DEBUG 发送post请求 
2021-01-08 16:08:41,121 Requests DEBUG 发送post请求 
2021-01-08 16:08:43,082 Requests DEBUG 发送post请求 
2021-01-08 16:17:29,627 Requests DEBUG 发送post请求 
2021-01-08 16:17:29,780 Requests DEBUG 发送post请求 
2021-01-08 16:17:29,811 AssertUtil ERROR 不包含或者body是错误，body is {'ActionInfo': {'Success': True, 'ExceptionMsg': '', 'ExtendContent': None, 'IsExistsDevice': False, 'ActionUser': '', 'LogType': 0, 'ActionDateTime': '/Date(1610093849806+0800)/', 'ActionModel': None, 'LogParams': None, 'FunctionPoint': None}, 'StationList': [{'StationId': 0, 'StationName': '管理机厂站'}, {'StationId': 1, 'StationName': '前置厂站1'}, {'StationId': 8, 'StationName': 'PLC'}]},expected_body is 'StationList': [{'StationId': 0, 'StationName': '管理机厂站'}, {'StationId': 1, 'StationName': '前置厂站1'}] 
2021-01-08 16:17:29,962 Requests DEBUG 发送post请求 
2021-01-08 16:17:30,130 Requests DEBUG 发送post请求 
2021-01-08 16:17:30,201 Requests DEBUG 发送post请求 
2021-01-08 16:17:30,315 Requests DEBUG 发送post请求 
2021-01-08 16:17:30,368 Requests DEBUG 发送post请求 
2021-01-08 16:17:30,499 Requests DEBUG 发送post请求 
2021-01-08 16:17:30,627 Requests DEBUG 发送post请求 
2021-01-08 16:17:30,701 AssertUtil ERROR 不包含或者body是错误，body is {'Success': True, 'ExceptionMsg': '新增成功！', 'ExtendContent': None, 'IsExistsDevice': False, 'ActionUser': '', 'LogType': 0, 'ActionDateTime': '/Date(1610093850697+0800)/', 'ActionModel': None, 'LogParams': None, 'FunctionPoint': None},expected_body is 'Success': False, 'ExceptionMsg': '摄像头IP出现重复，请重设！' 
2021-01-08 16:17:30,749 Requests DEBUG 发送post请求 
2021-01-08 16:17:30,841 Requests DEBUG 发送post请求 
2021-01-08 16:17:30,963 Requests DEBUG 发送post请求 
2021-01-08 16:17:31,145 Requests DEBUG 发送post请求 
2021-01-08 16:17:31,216 Requests DEBUG 发送post请求 
2021-01-08 16:17:31,401 Requests DEBUG 发送post请求 
2021-01-08 16:17:31,474 Requests DEBUG 发送post请求 
2021-01-08 16:17:31,557 Requests DEBUG 发送post请求 
2021-01-08 16:17:32,323 Requests DEBUG 发送post请求 
2021-01-08 16:17:32,620 Requests DEBUG 发送post请求 
2021-01-08 16:17:32,897 Requests DEBUG 发送post请求 
2021-01-08 16:17:36,565 Requests DEBUG 发送post请求 
2021-01-08 16:17:37,558 Requests DEBUG 发送post请求 
2021-01-08 16:17:37,606 Requests DEBUG 发送post请求 
2021-01-08 16:17:37,661 Requests DEBUG 发送post请求 
2021-01-08 16:17:38,030 Requests DEBUG 发送post请求 
2021-01-08 16:17:38,315 Requests DEBUG 发送post请求 
2021-01-08 16:17:38,499 Requests DEBUG 发送post请求 
2021-01-08 16:17:39,364 Requests DEBUG 发送post请求 
2021-01-08 16:17:39,495 Requests DEBUG 发送post请求 
2021-01-08 16:17:39,575 Requests DEBUG 发送post请求 
2021-01-08 16:17:39,890 Requests DEBUG 发送post请求 
2021-01-08 16:17:40,111 Requests DEBUG 发送post请求 
2021-01-08 16:17:40,241 Requests DEBUG 发送post请求 
2021-01-08 16:17:40,318 Requests DEBUG 发送post请求 
2021-01-08 16:17:40,380 Requests DEBUG 发送post请求 
2021-01-08 16:17:40,439 Requests DEBUG 发送post请求 
2021-01-08 16:17:40,546 Requests DEBUG 发送post请求 
2021-01-08 16:17:40,656 Requests DEBUG 发送post请求 
2021-01-08 16:17:40,709 Requests DEBUG 发送post请求 
2021-01-08 16:17:45,187 Requests DEBUG 发送post请求 
2021-01-08 16:17:45,264 Requests DEBUG 发送post请求 
2021-01-08 16:17:45,365 Requests DEBUG 发送post请求 
2021-01-08 16:17:45,471 Requests DEBUG 发送post请求 
2021-01-08 16:17:46,714 Requests DEBUG 发送post请求 
2021-01-08 16:17:49,161 Requests DEBUG 发送post请求 
2021-01-08 16:17:49,302 Requests DEBUG 发送post请求 
2021-01-08 16:17:49,364 Requests DEBUG 发送post请求 
2021-01-08 16:17:49,946 Requests DEBUG 发送post请求 
2021-01-08 16:17:50,328 Requests DEBUG 发送post请求 
2021-01-08 16:17:50,616 Requests DEBUG 发送post请求 
2021-01-08 16:17:50,951 Requests DEBUG 发送post请求 
2021-01-08 16:17:54,076 Requests DEBUG 发送post请求 
2021-01-08 16:17:55,826 Requests DEBUG 发送post请求 
2021-01-08 16:17:56,158 Requests DEBUG 发送post请求 
2021-01-08 16:17:58,611 Requests DEBUG 发送post请求 
2021-01-08 16:22:31,554 Requests DEBUG 发送post请求 
2021-01-08 16:22:31,679 Requests DEBUG 发送post请求 
2021-01-08 16:22:31,709 AssertUtil ERROR 不包含或者body是错误，body is {'ActionInfo': {'Success': True, 'ExceptionMsg': '', 'ExtendContent': None, 'IsExistsDevice': False, 'ActionUser': '', 'LogType': 0, 'ActionDateTime': '/Date(1610094151705+0800)/', 'ActionModel': None, 'LogParams': None, 'FunctionPoint': None}, 'StationList': [{'StationId': 0, 'StationName': '管理机厂站'}, {'StationId': 1, 'StationName': '前置厂站1'}, {'StationId': 8, 'StationName': 'PLC'}]},expected_body is 'StationList': [{'StationId': 0, 'StationName': '管理机厂站'}, {'StationId': 1, 'StationName': '前置厂站1'}] 
2021-01-08 16:22:31,904 Requests DEBUG 发送post请求 
2021-01-08 16:22:32,066 Requests DEBUG 发送post请求 
2021-01-08 16:22:32,132 Requests DEBUG 发送post请求 
2021-01-08 16:22:32,266 Requests DEBUG 发送post请求 
2021-01-08 16:22:32,320 Requests DEBUG 发送post请求 
2021-01-08 16:22:32,934 Requests DEBUG 发送post请求 
2021-01-08 16:22:33,022 Requests DEBUG 发送post请求 
2021-01-08 16:22:33,104 AssertUtil ERROR 不包含或者body是错误，body is {'Success': True, 'ExceptionMsg': '新增成功！', 'ExtendContent': None, 'IsExistsDevice': False, 'ActionUser': '', 'LogType': 0, 'ActionDateTime': '/Date(1610094153100+0800)/', 'ActionModel': None, 'LogParams': None, 'FunctionPoint': None},expected_body is 'Success': False, 'ExceptionMsg': '摄像头IP出现重复，请重设！' 
2021-01-08 16:22:33,153 Requests DEBUG 发送post请求 
2021-01-08 16:22:33,257 Requests DEBUG 发送post请求 
2021-01-08 16:22:33,355 Requests DEBUG 发送post请求 
2021-01-08 16:22:33,550 Requests DEBUG 发送post请求 
2021-01-08 16:22:33,651 Requests DEBUG 发送post请求 
2021-01-08 16:22:33,799 Requests DEBUG 发送post请求 
2021-01-08 16:22:33,893 Requests DEBUG 发送post请求 
2021-01-08 16:22:33,974 Requests DEBUG 发送post请求 
2021-01-08 16:22:34,447 Requests DEBUG 发送post请求 
2021-01-08 16:22:34,765 Requests DEBUG 发送post请求 
2021-01-08 16:22:35,049 Requests DEBUG 发送post请求 
2021-01-08 16:22:39,225 Requests DEBUG 发送post请求 
2021-01-08 16:22:39,989 Requests DEBUG 发送post请求 
2021-01-08 16:22:40,025 Requests DEBUG 发送post请求 
2021-01-08 16:22:40,077 Requests DEBUG 发送post请求 
2021-01-08 16:22:40,459 Requests DEBUG 发送post请求 
2021-01-08 16:22:40,750 Requests DEBUG 发送post请求 
2021-01-08 16:22:40,936 Requests DEBUG 发送post请求 
2021-01-08 16:22:41,680 Requests DEBUG 发送post请求 
2021-01-08 16:22:41,748 Requests DEBUG 发送post请求 
2021-01-08 16:22:41,892 Requests DEBUG 发送post请求 
2021-01-08 16:22:42,534 Requests DEBUG 发送post请求 
2021-01-08 16:22:42,631 Requests DEBUG 发送post请求 
2021-01-08 16:22:42,753 Requests DEBUG 发送post请求 
2021-01-08 16:22:42,843 Requests DEBUG 发送post请求 
2021-01-08 16:22:42,900 Requests DEBUG 发送post请求 
2021-01-08 16:22:42,956 Requests DEBUG 发送post请求 
2021-01-08 16:22:43,063 Requests DEBUG 发送post请求 
2021-01-08 16:22:43,163 Requests DEBUG 发送post请求 
2021-01-08 16:22:43,196 Requests DEBUG 发送post请求 
2021-01-08 16:22:47,399 Requests DEBUG 发送post请求 
2021-01-08 16:22:47,486 Requests DEBUG 发送post请求 
2021-01-08 16:22:47,556 Requests DEBUG 发送post请求 
2021-01-08 16:22:47,619 Requests DEBUG 发送post请求 
2021-01-08 16:22:51,143 Requests DEBUG 发送post请求 
2021-01-08 16:22:54,628 Requests DEBUG 发送post请求 
2021-01-08 16:22:54,783 Requests DEBUG 发送post请求 
2021-01-08 16:22:54,841 Requests DEBUG 发送post请求 
2021-01-08 16:22:55,130 Requests DEBUG 发送post请求 
2021-01-08 16:22:55,485 Requests DEBUG 发送post请求 
2021-01-08 16:22:55,813 Requests DEBUG 发送post请求 
2021-01-08 16:22:56,121 Requests DEBUG 发送post请求 
2021-01-08 16:22:59,569 Requests DEBUG 发送post请求 
2021-01-08 16:23:02,780 Requests DEBUG 发送post请求 
2021-01-08 16:23:03,138 Requests DEBUG 发送post请求 
2021-01-08 16:23:04,056 Requests DEBUG 发送post请求 
2021-01-08 16:28:44,600 Requests DEBUG 发送post请求 
2021-01-08 16:28:44,726 Requests DEBUG 发送post请求 
2021-01-08 16:28:44,806 Requests DEBUG 发送post请求 
2021-01-08 16:28:44,875 Requests DEBUG 发送post请求 
2021-01-08 16:28:44,933 Requests DEBUG 发送post请求 
2021-01-08 16:28:45,037 Requests DEBUG 发送post请求 
2021-01-08 16:28:45,161 Requests DEBUG 发送post请求 
2021-01-08 16:28:45,210 Requests DEBUG 发送post请求 
2021-01-08 16:28:50,919 Requests DEBUG 发送post请求 
2021-01-08 16:28:51,143 Requests DEBUG 发送post请求 
2021-01-08 16:28:51,346 Requests DEBUG 发送post请求 
2021-01-08 16:28:51,399 Requests DEBUG 发送post请求 
2021-01-08 16:28:57,009 Requests DEBUG 发送post请求 
2021-01-08 16:29:02,580 Requests DEBUG 发送post请求 
2021-01-08 16:29:03,795 Requests DEBUG 发送post请求 
2021-01-08 16:29:03,862 Requests DEBUG 发送post请求 
2021-01-08 16:29:09,484 Requests DEBUG 发送post请求 
2021-01-08 16:29:15,143 Requests DEBUG 发送post请求 
2021-01-08 16:29:19,171 Requests DEBUG 发送post请求 
2021-01-08 16:29:22,454 Requests DEBUG 发送post请求 
2021-01-08 16:29:28,038 Requests DEBUG 发送post请求 
2021-01-08 16:29:33,339 Requests DEBUG 发送post请求 
2021-01-08 16:29:34,858 Requests DEBUG 发送post请求 
2021-01-08 16:29:39,403 Requests DEBUG 发送post请求 
2021-01-08 16:36:37,014 Requests DEBUG 发送post请求 
2021-01-08 16:36:37,148 Requests DEBUG 发送post请求 
2021-01-08 16:36:37,229 Requests DEBUG 发送post请求 
2021-01-08 16:36:37,275 Requests DEBUG 发送post请求 
2021-01-08 16:36:37,307 Requests DEBUG 发送post请求 
2021-01-08 16:36:37,372 Requests DEBUG 发送post请求 
2021-01-08 16:36:37,588 Requests DEBUG 发送post请求 
2021-01-08 16:36:37,623 Requests DEBUG 发送post请求 
2021-01-08 16:36:43,271 Requests DEBUG 发送post请求 
2021-01-08 16:36:43,867 Requests DEBUG 发送post请求 
2021-01-08 16:36:44,276 Requests DEBUG 发送post请求 
2021-01-08 16:39:16,317 Requests DEBUG 发送post请求 
2021-01-08 16:39:16,546 Requests DEBUG 发送post请求 
2021-01-08 16:39:16,665 Requests DEBUG 发送post请求 
2021-01-08 16:39:16,722 Requests DEBUG 发送post请求 
2021-01-08 16:39:16,956 Requests DEBUG 发送post请求 
2021-01-08 16:39:17,024 Requests DEBUG 发送post请求 
2021-01-08 16:39:17,222 Requests DEBUG 发送post请求 
2021-01-08 16:39:17,250 Requests DEBUG 发送post请求 
2021-01-08 16:39:22,680 Requests DEBUG 发送post请求 
2021-01-08 16:39:22,832 Requests DEBUG 发送post请求 
2021-01-08 16:39:22,979 Requests DEBUG 发送post请求 
2021-01-08 16:40:06,720 Requests DEBUG 发送post请求 
2021-01-08 16:40:06,992 Requests DEBUG 发送post请求 
2021-01-08 16:40:07,103 Requests DEBUG 发送post请求 
2021-01-08 16:40:07,151 Requests DEBUG 发送post请求 
2021-01-08 16:40:26,012 Requests DEBUG 发送post请求 
2021-01-08 16:40:26,065 Requests DEBUG 发送post请求 
2021-01-08 16:40:26,088 Requests DEBUG 发送post请求 
2021-01-08 16:40:26,111 Requests DEBUG 发送post请求 
2021-01-08 16:40:26,133 Requests DEBUG 发送post请求 
2021-01-08 16:42:06,365 Requests DEBUG 发送post请求 
2021-01-08 16:42:06,573 Requests DEBUG 发送post请求 
2021-01-08 16:42:06,825 Requests DEBUG 发送post请求 
2021-01-08 16:42:06,879 Requests DEBUG 发送post请求 
2021-01-08 16:42:06,943 Requests DEBUG 发送post请求 
2021-01-08 16:42:14,840 Requests DEBUG 发送post请求 
2021-01-08 16:42:15,259 Requests DEBUG 发送post请求 
2021-01-08 16:42:15,292 AssertUtil ERROR 不包含或者body是错误，body is {'ActionInfo': {'Success': True, 'ExceptionMsg': '', 'ExtendContent': None, 'IsExistsDevice': False, 'ActionUser': '', 'LogType': 0, 'ActionDateTime': '/Date(1610095335287+0800)/', 'ActionModel': None, 'LogParams': None, 'FunctionPoint': None}, 'StationList': [{'StationId': 0, 'StationName': '管理机厂站'}, {'StationId': 1, 'StationName': '前置厂站1'}, {'StationId': 8, 'StationName': 'PLC'}]},expected_body is 'StationList': [{'StationId': 0, 'StationName': '管理机厂站'}, {'StationId': 1, 'StationName': '前置厂站1'}] 
2021-01-08 16:42:15,480 Requests DEBUG 发送post请求 
2021-01-08 16:42:15,628 Requests DEBUG 发送post请求 
2021-01-08 16:42:15,700 Requests DEBUG 发送post请求 
2021-01-08 16:42:15,886 Requests DEBUG 发送post请求 
2021-01-08 16:42:15,938 Requests DEBUG 发送post请求 
2021-01-08 16:42:16,357 Requests DEBUG 发送post请求 
2021-01-08 16:42:16,522 Requests DEBUG 发送post请求 
2021-01-08 16:42:16,733 AssertUtil ERROR 不包含或者body是错误，body is {'Success': True, 'ExceptionMsg': '新增成功！', 'ExtendContent': None, 'IsExistsDevice': False, 'ActionUser': '', 'LogType': 0, 'ActionDateTime': '/Date(1610095336728+0800)/', 'ActionModel': None, 'LogParams': None, 'FunctionPoint': None},expected_body is 'Success': False, 'ExceptionMsg': '摄像头IP出现重复，请重设！' 
2021-01-08 16:42:16,784 Requests DEBUG 发送post请求 
2021-01-08 16:42:16,894 Requests DEBUG 发送post请求 
2021-01-08 16:42:17,013 Requests DEBUG 发送post请求 
2021-01-08 16:42:17,220 Requests DEBUG 发送post请求 
2021-01-08 16:42:17,316 Requests DEBUG 发送post请求 
2021-01-08 16:42:17,526 Requests DEBUG 发送post请求 
2021-01-08 16:42:17,619 Requests DEBUG 发送post请求 
2021-01-08 16:42:17,686 Requests DEBUG 发送post请求 
2021-01-08 16:42:17,853 Requests DEBUG 发送post请求 
2021-01-08 16:42:17,992 Requests DEBUG 发送post请求 
2021-01-08 16:42:18,068 Requests DEBUG 发送post请求 
2021-01-08 16:42:18,112 Requests DEBUG 发送post请求 
2021-01-08 16:42:49,569 Requests DEBUG 发送post请求 
2021-01-08 16:42:49,661 Requests DEBUG 发送post请求 
2021-01-08 16:42:49,781 Requests DEBUG 发送post请求 
2021-01-08 16:42:49,846 Requests DEBUG 发送post请求 
2021-01-08 16:42:49,913 Requests DEBUG 发送post请求 
2021-01-08 16:46:35,127 Requests DEBUG 发送post请求 
2021-01-08 16:46:35,346 Requests DEBUG 发送post请求 
2021-01-08 16:46:35,507 Requests DEBUG 发送post请求 
2021-01-08 16:46:35,572 Requests DEBUG 发送post请求 
2021-01-08 16:46:35,645 Requests DEBUG 发送post请求 
2021-01-08 16:46:35,754 Requests DEBUG 发送post请求 
2021-01-08 16:47:30,863 Requests DEBUG 发送post请求 
2021-01-08 16:47:31,083 Requests DEBUG 发送post请求 
2021-01-08 16:47:31,178 Requests DEBUG 发送post请求 
2021-01-08 16:47:31,244 Requests DEBUG 发送post请求 
2021-01-08 16:47:31,321 Requests DEBUG 发送post请求 
2021-01-08 16:49:54,671 Requests DEBUG 发送post请求 
2021-01-08 16:49:55,051 Requests DEBUG 发送post请求 
2021-01-08 16:49:55,163 Requests DEBUG 发送post请求 
2021-01-08 16:49:55,212 Requests DEBUG 发送post请求 
2021-01-08 16:49:55,264 Requests DEBUG 发送post请求 
2021-01-08 16:52:20,739 Requests DEBUG 发送post请求 
2021-01-08 16:52:20,818 Requests DEBUG 发送post请求 
2021-01-08 16:52:20,886 Requests DEBUG 发送post请求 
2021-01-08 16:52:20,959 Requests DEBUG 发送post请求 
2021-01-08 16:52:21,020 Requests DEBUG 发送post请求 
2021-01-08 16:52:21,099 Requests DEBUG 发送post请求 
2021-01-08 16:52:52,648 Requests DEBUG 发送post请求 
2021-01-08 16:52:52,730 Requests DEBUG 发送post请求 
2021-01-08 16:52:52,797 Requests DEBUG 发送post请求 
2021-01-08 16:52:52,858 Requests DEBUG 发送post请求 
2021-01-08 16:52:52,918 Requests DEBUG 发送post请求 
2021-01-08 16:52:53,018 Requests DEBUG 发送post请求 
2021-01-08 17:01:43,137 Requests DEBUG 发送post请求 
2021-01-08 17:01:43,351 Requests DEBUG 发送post请求 
2021-01-08 17:01:43,442 Requests DEBUG 发送post请求 
2021-01-08 17:01:43,510 Requests DEBUG 发送post请求 
2021-01-08 17:01:43,580 Requests DEBUG 发送post请求 
2021-01-08 17:01:43,658 Requests DEBUG 发送post请求 
2021-01-08 17:02:45,239 Requests DEBUG 发送post请求 
2021-01-08 17:02:45,327 Requests DEBUG 发送post请求 
2021-01-08 17:02:45,393 Requests DEBUG 发送post请求 
2021-01-08 17:02:45,463 Requests DEBUG 发送post请求 
2021-01-08 17:02:45,533 Requests DEBUG 发送post请求 
2021-01-08 17:02:45,628 Requests DEBUG 发送post请求 
2021-01-08 17:06:28,664 Requests DEBUG 发送post请求 
2021-01-08 17:06:29,024 Requests DEBUG 发送post请求 
2021-01-08 17:06:29,517 Requests DEBUG 发送post请求 
2021-01-08 17:06:29,718 Requests DEBUG 发送post请求 
2021-01-08 17:06:29,858 Requests DEBUG 发送post请求 
2021-01-08 17:06:29,931 Requests DEBUG 发送post请求 
2021-01-08 17:06:30,005 Requests DEBUG 发送post请求 
2021-01-08 17:06:30,108 Requests DEBUG 发送post请求 
2021-01-08 17:08:08,186 Requests DEBUG 发送post请求 
2021-01-08 17:08:08,930 Requests DEBUG 发送post请求 
2021-01-08 17:08:09,096 Requests DEBUG 发送post请求 
2021-01-08 17:08:09,208 Requests DEBUG 发送post请求 
2021-01-08 17:08:09,279 Requests DEBUG 发送post请求 
2021-01-08 17:08:09,351 Requests DEBUG 发送post请求 
2021-01-08 17:08:09,457 Requests DEBUG 发送post请求 
2021-01-08 17:10:55,157 Requests DEBUG 发送post请求 
2021-01-08 17:10:55,424 Requests DEBUG 发送post请求 
2021-01-08 17:10:55,554 Requests DEBUG 发送post请求 
2021-01-08 17:10:55,613 Requests DEBUG 发送post请求 
2021-01-08 17:10:55,673 Requests DEBUG 发送post请求 
2021-01-08 17:10:55,766 Requests DEBUG 发送post请求 
2021-01-08 17:36:06,262 Requests DEBUG 发送post请求 
2021-01-08 17:36:11,733 Requests DEBUG 发送post请求 
2021-01-08 17:36:12,099 AssertUtil ERROR 不包含或者body是错误，body is {'ActionInfo': {'Success': True, 'ExceptionMsg': '', 'ExtendContent': None, 'IsExistsDevice': False, 'ActionUser': '', 'LogType': 0, 'ActionDateTime': '/Date(1610098572095+0800)/', 'ActionModel': None, 'LogParams': None, 'FunctionPoint': None}, 'StationList': [{'StationId': 0, 'StationName': '管理机厂站'}, {'StationId': 1, 'StationName': '前置厂站1'}, {'StationId': 8, 'StationName': 'PLC'}]},expected_body is 'StationList': [{'StationId': 0, 'StationName': '管理机厂站'}, {'StationId': 1, 'StationName': '前置厂站1'}] 
2021-01-08 17:36:12,132 Requests DEBUG 发送post请求 
2021-01-08 17:36:12,976 Requests DEBUG 发送post请求 
2021-01-08 17:36:13,051 Requests DEBUG 发送post请求 
2021-01-08 17:36:13,267 Requests DEBUG 发送post请求 
2021-01-08 17:36:13,300 Requests DEBUG 发送post请求 
2021-01-08 17:36:14,420 Requests DEBUG 发送post请求 
2021-01-08 17:36:14,559 Requests DEBUG 发送post请求 
2021-01-08 17:36:14,695 AssertUtil ERROR 不包含或者body是错误，body is {'Success': True, 'ExceptionMsg': '新增成功！', 'ExtendContent': None, 'IsExistsDevice': False, 'ActionUser': '', 'LogType': 0, 'ActionDateTime': '/Date(1610098574691+0800)/', 'ActionModel': None, 'LogParams': None, 'FunctionPoint': None},expected_body is 'Success': False, 'ExceptionMsg': '摄像头IP出现重复，请重设！' 
2021-01-08 17:36:14,740 Requests DEBUG 发送post请求 
2021-01-08 17:36:14,818 Requests DEBUG 发送post请求 
2021-01-08 17:36:14,928 Requests DEBUG 发送post请求 
2021-01-08 17:36:15,426 Requests DEBUG 发送post请求 
2021-01-08 17:36:15,539 Requests DEBUG 发送post请求 
2021-01-08 17:36:15,755 Requests DEBUG 发送post请求 
2021-01-08 17:36:15,865 Requests DEBUG 发送post请求 
2021-01-08 17:36:15,934 Requests DEBUG 发送post请求 
2021-01-08 17:36:16,206 Requests DEBUG 发送post请求 
2021-01-08 17:36:16,361 Requests DEBUG 发送post请求 
2021-01-08 17:36:16,431 Requests DEBUG 发送post请求 
2021-01-08 17:36:16,488 Requests DEBUG 发送post请求 
2021-01-08 17:36:16,561 Requests DEBUG 发送post请求 
2021-01-08 17:36:42,736 Requests DEBUG 发送post请求 
2021-01-08 17:36:42,859 Requests DEBUG 发送post请求 
2021-01-08 17:36:43,035 Requests DEBUG 发送post请求 
2021-01-08 17:36:43,081 Requests DEBUG 发送post请求 
2021-01-08 17:36:43,120 Requests DEBUG 发送post请求 
2021-01-08 17:36:43,191 Requests DEBUG 发送post请求 
