2021-01-11 10:12:22,322 Requests DEBUG 发送post请求 
2021-01-11 10:12:22,541 Requests DEBUG 发送post请求 
2021-01-11 10:12:22,666 Requests DEBUG 发送post请求 
2021-01-11 10:12:22,697 Requests DEBUG 发送post请求 
2021-01-11 10:12:22,759 Requests DEBUG 发送post请求 
2021-01-11 10:12:22,837 Requests DEBUG 发送post请求 
2021-01-11 10:12:22,947 Requests DEBUG 发送post请求 
2021-01-11 10:12:23,041 Requests DEBUG 发送post请求 
2021-01-11 10:12:23,087 Requests DEBUG 发送post请求 
2021-01-11 10:12:26,884 Requests DEBUG 发送post请求 
2021-01-11 10:12:33,166 Requests DEBUG 发送post请求 
2021-01-11 10:12:33,244 Requests DEBUG 发送post请求 
2021-01-11 10:12:33,275 AssertUtil ERROR 不包含或者body是错误，body is {'ActionInfo': {'ErrorCode': 0, 'Success': True, 'ExceptionMsg': None, 'ActionName': None, 'ActionUser': None, 'ActionTime': '/Date(1610331153259+0800)/', 'LogType': 0, 'ActionDateTime': '/Date(1610331153259+0800)/', 'ActionModel': None, 'LogParams': None, 'FunctionPoint': None}, 'ReportList': [{'Id': 12, 'CName': 'test01', 'Desp': '', 'ReportType': 1, 'RoleNo': None}, {'Id': 13, 'CName': 'test02', 'Desp': '', 'ReportType': 1, 'RoleNo': None}, {'Id': 14, 'CName': 'test03', 'Desp': '', 'ReportType': 1, 'RoleNo': None}, {'Id': 15, 'CName': 'test04', 'Desp': '', 'ReportType': 1, 'RoleNo': None}, {'Id': 16, 'CName': 'test05', 'Desp': '', 'ReportType': 1, 'RoleNo': None}, {'Id': 17, 'CName': 'test06', 'Desp': '', 'ReportType': 1, 'RoleNo': None}, {'Id': 18, 'CName': 'test07', 'Desp': '', 'ReportType': 1, 'RoleNo': None}, {'Id': 19, 'CName': 'test08', 'Desp': '', 'ReportType': 1, 'RoleNo': None}, {'Id': 20, 'CName': 'test09', 'Desp': '', 'ReportType': 1, 'RoleNo': None}, {'Id': 22, 'CName': 'test10', 'Desp': '', 'ReportType': 1, 'RoleNo': None}], 'PageInfo': {'Current': 1, 'Total': 16}},expected_body is PageInfo': {'Current': 1, 'Total': 15} 
2021-01-11 10:12:33,447 Requests DEBUG 发送post请求 
2021-01-11 10:12:33,494 Requests DEBUG 发送post请求 
2021-01-11 10:12:33,541 Requests DEBUG 发送post请求 
2021-01-11 10:12:33,619 Requests DEBUG 发送post请求 
2021-01-11 10:12:33,681 Requests DEBUG 发送post请求 
2021-01-11 10:12:33,697 AssertUtil ERROR 不包含或者body是错误，body is {'ErrorCode': 0, 'Success': False, 'ExceptionMsg': '报表名称：test18,已经被其他用户配置报表类型是横向的配置！', 'ActionName': None, 'ActionUser': None, 'ActionTime': '/Date(1610331153697+0800)/', 'LogType': 0, 'ActionDateTime': '/Date(1610331153697+0800)/', 'ActionModel': None, 'LogParams': None, 'FunctionPoint': None},expected_body is ErrorCode': 0, 'Success': True, 'ExceptionMsg': '保存成功！' 
2021-01-11 10:12:33,744 Requests DEBUG 发送post请求 
2021-01-11 10:12:33,791 Requests DEBUG 发送post请求 
2021-01-11 10:12:33,931 Requests DEBUG 发送post请求 
2021-01-11 10:13:35,788 Requests DEBUG 发送post请求 
2021-01-11 10:13:35,835 Requests DEBUG 发送post请求 
2021-01-11 10:13:35,913 Requests DEBUG 发送post请求 
2021-01-11 10:13:35,960 Requests DEBUG 发送post请求 
2021-01-11 10:13:36,007 Requests DEBUG 发送post请求 
2021-01-11 10:13:36,101 Requests DEBUG 发送post请求 
2021-01-11 10:13:40,304 Requests DEBUG 发送post请求 
2021-01-11 10:13:40,367 Requests DEBUG 发送post请求 
2021-01-11 10:13:40,445 Requests DEBUG 发送post请求 
2021-01-11 10:13:40,492 Requests DEBUG 发送post请求 
2021-01-11 10:13:40,538 Requests DEBUG 发送post请求 
2021-01-11 10:13:40,617 Requests DEBUG 发送post请求 
2021-01-11 10:13:44,507 Requests DEBUG 发送post请求 
2021-01-11 10:13:44,554 Requests DEBUG 发送post请求 
2021-01-11 10:13:44,585 Requests DEBUG 发送post请求 
2021-01-11 10:13:44,617 Requests DEBUG 发送post请求 
2021-01-11 10:13:44,648 Requests DEBUG 发送post请求 
2021-01-11 10:13:44,710 Requests DEBUG 发送post请求 
2021-01-11 10:18:06,597 Requests DEBUG 发送post请求 
2021-01-11 10:18:06,894 Requests DEBUG 发送post请求 
2021-01-11 10:18:06,972 Requests DEBUG 发送post请求 
2021-01-11 10:18:07,004 AssertUtil ERROR 不包含或者body是错误，body is {'ActionInfo': {'ErrorCode': 0, 'Success': True, 'ExceptionMsg': None, 'ActionName': None, 'ActionUser': None, 'ActionTime': '/Date(1610331486988+0800)/', 'LogType': 0, 'ActionDateTime': '/Date(1610331487004+0800)/', 'ActionModel': None, 'LogParams': None, 'FunctionPoint': None}, 'ReportList': [{'Id': 12, 'CName': 'test01', 'Desp': '', 'ReportType': 1, 'RoleNo': None}, {'Id': 13, 'CName': 'test02', 'Desp': '', 'ReportType': 1, 'RoleNo': None}, {'Id': 14, 'CName': 'test03', 'Desp': '', 'ReportType': 1, 'RoleNo': None}, {'Id': 15, 'CName': 'test04', 'Desp': '', 'ReportType': 1, 'RoleNo': None}, {'Id': 16, 'CName': 'test05', 'Desp': '', 'ReportType': 1, 'RoleNo': None}, {'Id': 17, 'CName': 'test06', 'Desp': '', 'ReportType': 1, 'RoleNo': None}, {'Id': 18, 'CName': 'test07', 'Desp': '', 'ReportType': 1, 'RoleNo': None}, {'Id': 19, 'CName': 'test08', 'Desp': '', 'ReportType': 1, 'RoleNo': None}, {'Id': 20, 'CName': 'test09', 'Desp': '', 'ReportType': 1, 'RoleNo': None}, {'Id': 22, 'CName': 'test10', 'Desp': '', 'ReportType': 1, 'RoleNo': None}], 'PageInfo': {'Current': 1, 'Total': 16}},expected_body is PageInfo': {'Current': 1, 'Total': 15} 
2021-01-11 10:18:07,144 Requests DEBUG 发送post请求 
2021-01-11 10:18:07,207 Requests DEBUG 发送post请求 
2021-01-11 10:18:07,269 Requests DEBUG 发送post请求 
2021-01-11 10:18:07,347 Requests DEBUG 发送post请求 
2021-01-11 10:18:55,008 Requests DEBUG 发送post请求 
2021-01-11 10:18:55,227 Requests DEBUG 发送post请求 
2021-01-11 10:18:55,305 Requests DEBUG 发送post请求 
2021-01-11 10:18:55,337 AssertUtil ERROR 不包含或者body是错误，body is {'ActionInfo': {'ErrorCode': 0, 'Success': True, 'ExceptionMsg': None, 'ActionName': None, 'ActionUser': None, 'ActionTime': '/Date(1610331535321+0800)/', 'LogType': 0, 'ActionDateTime': '/Date(1610331535321+0800)/', 'ActionModel': None, 'LogParams': None, 'FunctionPoint': None}, 'ReportList': [{'Id': 12, 'CName': 'test01', 'Desp': '', 'ReportType': 1, 'RoleNo': None}, {'Id': 13, 'CName': 'test02', 'Desp': '', 'ReportType': 1, 'RoleNo': None}, {'Id': 14, 'CName': 'test03', 'Desp': '', 'ReportType': 1, 'RoleNo': None}, {'Id': 15, 'CName': 'test04', 'Desp': '', 'ReportType': 1, 'RoleNo': None}, {'Id': 16, 'CName': 'test05', 'Desp': '', 'ReportType': 1, 'RoleNo': None}, {'Id': 17, 'CName': 'test06', 'Desp': '', 'ReportType': 1, 'RoleNo': None}, {'Id': 18, 'CName': 'test07', 'Desp': '', 'ReportType': 1, 'RoleNo': None}, {'Id': 19, 'CName': 'test08', 'Desp': '', 'ReportType': 1, 'RoleNo': None}, {'Id': 20, 'CName': 'test09', 'Desp': '', 'ReportType': 1, 'RoleNo': None}, {'Id': 22, 'CName': 'test10', 'Desp': '', 'ReportType': 1, 'RoleNo': None}], 'PageInfo': {'Current': 1, 'Total': 16}},expected_body is PageInfo': {'Current': 1, 'Total': 15} 
2021-01-11 10:18:55,462 Requests DEBUG 发送post请求 
2021-01-11 10:18:55,493 Requests DEBUG 发送post请求 
2021-01-11 10:18:55,540 Requests DEBUG 发送post请求 
2021-01-11 10:18:55,618 Requests DEBUG 发送post请求 
2021-01-11 10:19:33,609 Requests DEBUG 发送post请求 
2021-01-11 10:19:59,431 Requests DEBUG 发送post请求 
2021-01-11 10:20:44,955 Requests DEBUG 发送post请求 
2021-01-11 10:20:55,615 Requests DEBUG 发送post请求 
2021-01-11 10:21:09,381 Requests DEBUG 发送post请求 
2021-01-11 10:21:09,459 Requests DEBUG 发送post请求 
2021-01-11 10:21:09,490 Requests DEBUG 发送post请求 
2021-01-11 10:21:09,521 AssertUtil ERROR 不包含或者body是错误，body is {'ActionInfo': {'ErrorCode': 0, 'Success': True, 'ExceptionMsg': None, 'ActionName': None, 'ActionUser': None, 'ActionTime': '/Date(1610331669521+0800)/', 'LogType': 0, 'ActionDateTime': '/Date(1610331669521+0800)/', 'ActionModel': None, 'LogParams': None, 'FunctionPoint': None}, 'ReportList': [{'Id': 12, 'CName': 'test01', 'Desp': '', 'ReportType': 1, 'RoleNo': None}, {'Id': 13, 'CName': 'test02', 'Desp': '', 'ReportType': 1, 'RoleNo': None}, {'Id': 14, 'CName': 'test03', 'Desp': '', 'ReportType': 1, 'RoleNo': None}, {'Id': 15, 'CName': 'test04', 'Desp': '', 'ReportType': 1, 'RoleNo': None}, {'Id': 16, 'CName': 'test05', 'Desp': '', 'ReportType': 1, 'RoleNo': None}, {'Id': 17, 'CName': 'test06', 'Desp': '', 'ReportType': 1, 'RoleNo': None}, {'Id': 18, 'CName': 'test07', 'Desp': '', 'ReportType': 1, 'RoleNo': None}, {'Id': 19, 'CName': 'test08', 'Desp': '', 'ReportType': 1, 'RoleNo': None}, {'Id': 20, 'CName': 'test09', 'Desp': '', 'ReportType': 1, 'RoleNo': None}, {'Id': 22, 'CName': 'test10', 'Desp': '', 'ReportType': 1, 'RoleNo': None}], 'PageInfo': {'Current': 1, 'Total': 16}},expected_body is PageInfo': {'Current': 1, 'Total': 15} 
2021-01-11 10:21:09,568 Requests DEBUG 发送post请求 
2021-01-11 10:21:09,584 Requests DEBUG 发送post请求 
2021-01-11 10:21:09,615 Requests DEBUG 发送post请求 
2021-01-11 10:21:09,678 Requests DEBUG 发送post请求 
2021-01-11 10:22:01,394 Requests DEBUG 发送post请求 
2021-01-11 10:26:43,848 Requests DEBUG 发送post请求 
2021-01-11 10:26:43,911 Requests DEBUG 发送post请求 
2021-01-11 10:26:44,005 Requests DEBUG 发送post请求 
2021-01-11 10:26:44,051 Requests DEBUG 发送post请求 
2021-01-11 10:26:44,114 Requests DEBUG 发送post请求 
2021-01-11 10:26:44,145 Requests DEBUG 发送post请求 
2021-01-11 10:26:44,239 Requests DEBUG 发送post请求 
2021-01-11 10:26:44,301 Requests DEBUG 发送post请求 
2021-01-11 10:26:44,411 Requests DEBUG 发送post请求 
2021-01-11 10:26:44,458 Requests DEBUG 发送post请求 
2021-01-11 10:26:44,583 Requests DEBUG 发送post请求 
2021-01-11 10:26:44,650 Requests DEBUG 发送post请求 
2021-01-11 10:26:44,728 Requests DEBUG 发送post请求 
2021-01-11 10:28:09,669 Requests DEBUG 发送post请求 
2021-01-11 10:28:09,716 Requests DEBUG 发送post请求 
2021-01-11 10:28:09,778 Requests DEBUG 发送post请求 
2021-01-11 10:28:09,825 Requests DEBUG 发送post请求 
2021-01-11 10:28:09,888 Requests DEBUG 发送post请求 
2021-01-11 10:28:09,935 Requests DEBUG 发送post请求 
2021-01-11 10:28:10,013 Requests DEBUG 发送post请求 
2021-01-11 10:28:10,060 Requests DEBUG 发送post请求 
2021-01-11 10:28:10,122 Requests DEBUG 发送post请求 
2021-01-11 10:28:10,153 Requests DEBUG 发送post请求 
2021-01-11 10:28:10,231 Requests DEBUG 发送post请求 
2021-01-11 10:28:10,278 Requests DEBUG 发送post请求 
2021-01-11 10:28:10,356 Requests DEBUG 发送post请求 
2021-01-11 10:29:52,641 Requests DEBUG 发送post请求 
2021-01-11 10:29:52,703 Requests DEBUG 发送post请求 
2021-01-11 10:29:52,766 Requests DEBUG 发送post请求 
2021-01-11 10:29:52,813 Requests DEBUG 发送post请求 
2021-01-11 10:29:52,844 Requests DEBUG 发送post请求 
2021-01-11 10:29:52,922 Requests DEBUG 发送post请求 
2021-01-11 10:29:52,985 Requests DEBUG 发送post请求 
2021-01-11 10:29:53,110 Requests DEBUG 发送post请求 
2021-01-11 10:29:53,156 Requests DEBUG 发送post请求 
2021-01-11 10:29:53,297 Requests DEBUG 发送post请求 
2021-01-11 10:29:53,453 Requests DEBUG 发送post请求 
2021-01-11 10:29:53,500 Requests DEBUG 发送post请求 
2021-01-11 10:29:53,563 Requests DEBUG 发送post请求 
2021-01-11 10:40:42,500 Requests DEBUG 发送post请求 
2021-01-11 10:41:07,559 Requests DEBUG 发送post请求 
2021-01-11 10:41:07,778 Requests DEBUG 发送post请求 
2021-01-11 10:41:07,825 AssertUtil ERROR 不包含或者body是错误，body is {'ActionInfo': {'Success': True, 'ExceptionMsg': '', 'ExtendContent': None, 'IsExistsDevice': False, 'ActionUser': '', 'LogType': 0, 'ActionDateTime': '/Date(1610332867809+0800)/', 'ActionModel': None, 'LogParams': None, 'FunctionPoint': None}, 'StationList': [{'StationId': 0, 'StationName': '管理机厂站'}, {'StationId': 1, 'StationName': '前置厂站1'}, {'StationId': 8, 'StationName': 'PLC'}]},expected_body is 'StationList': [{'StationId': 0, 'StationName': '管理机厂站'}, {'StationId': 1, 'StationName': '前置厂站1'}] 
2021-01-11 10:41:07,950 Requests DEBUG 发送post请求 
2021-01-11 10:41:08,215 Requests DEBUG 发送post请求 
2021-01-11 10:41:08,278 Requests DEBUG 发送post请求 
2021-01-11 10:41:08,403 Requests DEBUG 发送post请求 
2021-01-11 10:41:08,450 Requests DEBUG 发送post请求 
2021-01-11 10:41:08,543 Requests DEBUG 发送post请求 
2021-01-11 10:41:08,700 Requests DEBUG 发送post请求 
2021-01-11 10:41:08,918 AssertUtil ERROR 不包含或者body是错误，body is {'Success': True, 'ExceptionMsg': '新增成功！', 'ExtendContent': None, 'IsExistsDevice': False, 'ActionUser': '', 'LogType': 0, 'ActionDateTime': '/Date(1610332868918+0800)/', 'ActionModel': None, 'LogParams': None, 'FunctionPoint': None},expected_body is 'Success': False, 'ExceptionMsg': '摄像头IP出现重复，请重设！' 
2021-01-11 10:41:08,965 Requests DEBUG 发送post请求 
2021-01-11 10:41:09,059 Requests DEBUG 发送post请求 
2021-01-11 10:41:09,246 Requests DEBUG 发送post请求 
2021-01-11 10:41:09,450 Requests DEBUG 发送post请求 
2021-01-11 10:41:09,559 Requests DEBUG 发送post请求 
2021-01-11 10:41:09,715 Requests DEBUG 发送post请求 
2021-01-11 10:41:09,856 Requests DEBUG 发送post请求 
2021-01-11 10:41:09,934 Requests DEBUG 发送post请求 
2021-01-11 10:41:09,996 Requests DEBUG 发送post请求 
2021-01-11 10:41:10,043 Requests DEBUG 发送post请求 
2021-01-11 10:41:10,090 Requests DEBUG 发送post请求 
2021-01-11 10:41:10,137 Requests DEBUG 发送post请求 
2021-01-11 10:41:10,231 Requests DEBUG 发送post请求 
2021-01-11 10:41:10,356 Requests DEBUG 发送post请求 
2021-01-11 10:41:10,543 Requests DEBUG 发送post请求 
2021-01-11 10:41:10,590 Requests DEBUG 发送post请求 
2021-01-11 10:41:10,918 Requests DEBUG 发送post请求 
2021-01-11 10:41:10,981 Requests DEBUG 发送post请求 
2021-01-11 10:41:11,028 Requests DEBUG 发送post请求 
2021-01-11 10:41:11,090 Requests DEBUG 发送post请求 
2021-01-11 10:43:28,443 Requests DEBUG 发送post请求 
2021-01-11 10:43:28,505 Requests DEBUG 发送post请求 
2021-01-11 10:43:28,552 Requests DEBUG 发送post请求 
2021-01-11 10:43:28,630 Requests DEBUG 发送post请求 
2021-01-11 10:43:28,677 Requests DEBUG 发送post请求 
2021-01-11 10:43:28,771 Requests DEBUG 发送post请求 
2021-01-11 10:43:28,818 Requests DEBUG 发送post请求 
2021-01-11 10:43:28,912 Requests DEBUG 发送post请求 
2021-01-11 10:43:28,990 Requests DEBUG 发送post请求 
2021-01-11 10:43:29,115 Requests DEBUG 发送post请求 
2021-01-11 10:43:29,162 Requests DEBUG 发送post请求 
2021-01-11 10:43:29,208 Requests DEBUG 发送post请求 
2021-01-11 10:43:29,255 Requests DEBUG 发送post请求 
2021-01-11 11:09:40,186 Requests DEBUG 发送post请求 
2021-01-11 11:09:40,248 Requests DEBUG 发送post请求 
2021-01-11 11:09:40,326 Requests DEBUG 发送post请求 
2021-01-11 11:09:40,404 Requests DEBUG 发送post请求 
2021-01-11 11:09:40,514 Requests DEBUG 发送post请求 
2021-01-11 11:09:40,561 Requests DEBUG 发送post请求 
2021-01-11 11:09:40,608 Requests DEBUG 发送post请求 
2021-01-11 11:09:40,670 Requests DEBUG 发送post请求 
2021-01-11 11:09:40,733 Requests DEBUG 发送post请求 
2021-01-11 11:09:40,842 AssertUtil ERROR 不包含或者body是错误，body is {'ActionInfo': {'ErrorCode': 0, 'Success': False, 'ExceptionMsg': '索引超出范围。必须为非负值并小于集合大小。\r\n参数名: index', 'ActionName': None, 'ActionUser': None, 'ActionTime': '/Date(1610334580748+0800)/', 'LogType': 0, 'ActionDateTime': '/Date(1610334580842+0800)/', 'ActionModel': None, 'LogParams': None, 'FunctionPoint': None}, 'tableData': [], 'tableStyle': [], 'description': ''},expected_body is ErrorCode': 0, 'Success': True, 'ExceptionMsg': None, ' 
2021-01-11 11:09:40,998 Requests DEBUG 发送post请求 
2021-01-11 11:09:41,014 AssertUtil ERROR 不包含或者body是错误，body is {'ActionInfo': {'ErrorCode': 0, 'Success': True, 'ExceptionMsg': '', 'ActionName': None, 'ActionUser': None, 'ActionTime': '/Date(1610334581014+0800)/', 'LogType': 0, 'ActionDateTime': '/Date(1610334581014+0800)/', 'ActionModel': None, 'LogParams': None, 'FunctionPoint': None}, 'list': []},expected_body is list': [{'DeviceId': 1, 'TableNum': 18, 'SampleId': 20002001}] 
2021-01-11 11:09:41,061 Requests DEBUG 发送post请求 
2021-01-11 11:09:41,108 Requests DEBUG 发送post请求 
2021-01-11 11:09:41,154 Requests DEBUG 发送post请求 
2021-01-11 11:11:07,465 Requests DEBUG 发送post请求 
2021-01-11 11:11:07,512 Requests DEBUG 发送post请求 
2021-01-11 11:11:07,606 Requests DEBUG 发送post请求 
2021-01-11 11:11:07,684 Requests DEBUG 发送post请求 
2021-01-11 11:11:07,793 Requests DEBUG 发送post请求 
2021-01-11 11:11:07,840 Requests DEBUG 发送post请求 
2021-01-11 11:11:07,887 Requests DEBUG 发送post请求 
2021-01-11 11:11:07,934 Requests DEBUG 发送post请求 
2021-01-11 11:11:15,425 Requests DEBUG 发送post请求 
2021-01-11 11:11:15,488 Requests DEBUG 发送post请求 
2021-01-11 11:11:15,550 Requests DEBUG 发送post请求 
2021-01-11 11:11:15,613 Requests DEBUG 发送post请求 
2021-01-11 11:11:15,754 Requests DEBUG 发送post请求 
2021-01-11 11:11:15,800 Requests DEBUG 发送post请求 
2021-01-11 11:11:15,847 Requests DEBUG 发送post请求 
2021-01-11 11:11:15,910 Requests DEBUG 发送post请求 
2021-01-11 11:11:22,178 Requests DEBUG 发送post请求 
2021-01-11 11:11:22,225 Requests DEBUG 发送post请求 
2021-01-11 11:11:22,303 Requests DEBUG 发送post请求 
2021-01-11 11:11:22,350 Requests DEBUG 发送post请求 
2021-01-11 11:11:22,460 Requests DEBUG 发送post请求 
2021-01-11 11:11:22,506 Requests DEBUG 发送post请求 
2021-01-11 11:11:22,553 Requests DEBUG 发送post请求 
2021-01-11 11:11:22,600 Requests DEBUG 发送post请求 
2021-01-11 11:25:35,624 Requests DEBUG 发送post请求 
2021-01-11 11:25:35,671 Requests DEBUG 发送post请求 
2021-01-11 11:25:35,764 Requests DEBUG 发送post请求 
2021-01-11 11:25:35,811 Requests DEBUG 发送post请求 
2021-01-11 11:25:35,921 Requests DEBUG 发送post请求 
2021-01-11 11:25:35,967 Requests DEBUG 发送post请求 
2021-01-11 11:25:36,030 Requests DEBUG 发送post请求 
2021-01-11 11:25:36,092 Requests DEBUG 发送post请求 
2021-01-11 11:25:36,202 Requests DEBUG 发送post请求 
2021-01-11 11:40:22,595 Requests DEBUG 发送post请求 
2021-01-11 11:40:22,658 Requests DEBUG 发送post请求 
2021-01-11 11:40:22,736 Requests DEBUG 发送post请求 
2021-01-11 11:40:22,892 Requests DEBUG 发送post请求 
2021-01-11 11:40:23,017 Requests DEBUG 发送post请求 
2021-01-11 11:40:23,064 Requests DEBUG 发送post请求 
2021-01-11 11:40:23,111 Requests DEBUG 发送post请求 
2021-01-11 11:40:23,158 Requests DEBUG 发送post请求 
2021-01-11 11:40:23,220 Requests DEBUG 发送post请求 
2021-01-11 11:40:23,236 AssertUtil ERROR 不包含或者body是错误，body is {'ActionInfo': {'ErrorCode': 0, 'Success': False, 'ExceptionMsg': '索引超出范围。必须为非负值并小于集合大小。\r\n参数名: index', 'ActionName': None, 'ActionUser': None, 'ActionTime': '/Date(1610336423236+0800)/', 'LogType': 0, 'ActionDateTime': '/Date(1610336423236+0800)/', 'ActionModel': None, 'LogParams': None, 'FunctionPoint': None}, 'tableData': [], 'tableStyle': [], 'description': ''},expected_body is ErrorCode': 0, 'Success': True, 'ExceptionMsg': None, ' 
2021-01-11 11:40:23,376 Requests DEBUG 发送post请求 
2021-01-11 11:40:23,392 AssertUtil ERROR 不包含或者body是错误，body is {'ActionInfo': {'ErrorCode': 0, 'Success': True, 'ExceptionMsg': '', 'ActionName': None, 'ActionUser': None, 'ActionTime': '/Date(1610336423392+0800)/', 'LogType': 0, 'ActionDateTime': '/Date(1610336423392+0800)/', 'ActionModel': None, 'LogParams': None, 'FunctionPoint': None}, 'list': []},expected_body is list': [{'DeviceId': 1, 'TableNum': 18, 'SampleId': 20002001}] 
2021-01-11 11:40:23,439 Requests DEBUG 发送post请求 
2021-01-11 11:40:23,501 Requests DEBUG 发送post请求 
2021-01-11 11:40:23,548 Requests DEBUG 发送post请求 
2021-01-11 11:40:23,580 AssertUtil ERROR 不包含或者body是错误，body is 未将对象引用设置到对象的实例。,expected_body is status': 'success' 
2021-01-11 11:40:23,611 Requests DEBUG 发送post请求 
2021-01-11 11:40:23,642 AssertUtil ERROR 不包含或者body是错误，body is 未将对象引用设置到对象的实例。,expected_body is status': 'success' 
2021-01-11 11:40:23,673 Requests DEBUG 发送post请求 
2021-01-11 11:41:21,737 Requests DEBUG 发送post请求 
2021-01-11 11:41:21,784 Requests DEBUG 发送post请求 
2021-01-11 11:41:21,878 Requests DEBUG 发送post请求 
2021-01-11 11:41:21,925 Requests DEBUG 发送post请求 
2021-01-11 11:41:22,034 Requests DEBUG 发送post请求 
2021-01-11 11:41:22,097 Requests DEBUG 发送post请求 
2021-01-11 11:41:22,143 Requests DEBUG 发送post请求 
2021-01-11 11:41:22,190 Requests DEBUG 发送post请求 
2021-01-11 11:41:22,237 Requests DEBUG 发送post请求 
2021-01-11 11:41:22,300 Requests DEBUG 发送post请求 
2021-01-11 11:41:22,347 AssertUtil ERROR 不包含或者body是错误，body is {'ActionInfo': {'ErrorCode': 0, 'Success': True, 'ExceptionMsg': '', 'ActionName': None, 'ActionUser': None, 'ActionTime': '/Date(1610336482331+0800)/', 'LogType': 0, 'ActionDateTime': '/Date(1610336482331+0800)/', 'ActionModel': None, 'LogParams': None, 'FunctionPoint': None}, 'list': [{'DeviceId': 1, 'TableNum': 18, 'SampleId': 20002000}]},expected_body is list': [{'DeviceId': 1, 'TableNum': 18, 'SampleId': 20002001}] 
2021-01-11 11:41:22,487 Requests DEBUG 发送post请求 
2021-01-11 11:41:55,226 Requests DEBUG 发送post请求 
2021-01-11 11:41:55,272 Requests DEBUG 发送post请求 
2021-01-11 11:41:55,366 Requests DEBUG 发送post请求 
2021-01-11 11:41:55,413 Requests DEBUG 发送post请求 
2021-01-11 11:41:55,538 Requests DEBUG 发送post请求 
2021-01-11 11:41:55,585 Requests DEBUG 发送post请求 
2021-01-11 11:41:55,647 Requests DEBUG 发送post请求 
2021-01-11 11:41:55,694 Requests DEBUG 发送post请求 
2021-01-11 11:41:55,757 Requests DEBUG 发送post请求 
2021-01-11 11:41:55,804 Requests DEBUG 发送post请求 
2021-01-11 13:45:34,604 Requests DEBUG 发送post请求 
2021-01-11 13:45:34,655 Requests DEBUG 发送post请求 
2021-01-11 13:45:34,743 Requests DEBUG 发送post请求 
2021-01-11 13:45:34,880 Requests DEBUG 发送post请求 
2021-01-11 13:45:34,989 Requests DEBUG 发送post请求 
2021-01-11 13:45:35,052 Requests DEBUG 发送post请求 
2021-01-11 13:45:35,098 Requests DEBUG 发送post请求 
2021-01-11 13:45:35,145 Requests DEBUG 发送post请求 
2021-01-11 13:45:35,192 Requests DEBUG 发送post请求 
2021-01-11 13:45:35,255 Requests DEBUG 发送post请求 
2021-01-11 13:51:02,680 Requests DEBUG 发送post请求 
2021-01-11 13:52:06,871 Requests DEBUG 发送post请求 
2021-01-11 13:52:45,091 Requests DEBUG 发送post请求 
2021-01-11 13:53:55,462 Requests DEBUG 发送post请求 
2021-01-11 13:54:39,493 Requests DEBUG 发送post请求 
2021-01-11 13:55:19,823 Requests DEBUG 发送post请求 
2021-01-11 13:56:39,254 Requests DEBUG 发送post请求 
2021-01-11 13:57:33,483 Requests DEBUG 发送post请求 
2021-01-11 13:57:33,530 Requests DEBUG 发送post请求 
2021-01-11 13:57:33,608 Requests DEBUG 发送post请求 
2021-01-11 13:57:33,686 Requests DEBUG 发送post请求 
2021-01-11 13:57:33,827 Requests DEBUG 发送post请求 
2021-01-11 13:57:33,889 Requests DEBUG 发送post请求 
2021-01-11 13:57:33,936 Requests DEBUG 发送post请求 
2021-01-11 13:57:33,999 Requests DEBUG 发送post请求 
2021-01-11 13:57:34,030 Requests DEBUG 发送post请求 
2021-01-11 13:57:34,061 AssertUtil ERROR 不包含或者body是错误，body is {'ActionInfo': {'ErrorCode': 0, 'Success': False, 'ExceptionMsg': '索引超出范围。必须为非负值并小于集合大小。\r\n参数名: index', 'ActionName': None, 'ActionUser': None, 'ActionTime': '/Date(1610344654046+0800)/', 'LogType': 0, 'ActionDateTime': '/Date(1610344654061+0800)/', 'ActionModel': None, 'LogParams': None, 'FunctionPoint': None}, 'tableData': [], 'tableStyle': [], 'description': ''},expected_body is ErrorCode': 0, 'Success': True, 'ExceptionMsg': None, ' 
2021-01-11 13:57:34,139 Requests DEBUG 发送post请求 
2021-01-11 13:57:34,155 AssertUtil ERROR 不包含或者body是错误，body is {'ActionInfo': {'ErrorCode': 0, 'Success': True, 'ExceptionMsg': '', 'ActionName': None, 'ActionUser': None, 'ActionTime': '/Date(1610344654139+0800)/', 'LogType': 0, 'ActionDateTime': '/Date(1610344654139+0800)/', 'ActionModel': None, 'LogParams': None, 'FunctionPoint': None}, 'list': []},expected_body is list': [{'DeviceId': 1, 'TableNum': 18, 'SampleId': 20002000}] 
2021-01-11 13:57:34,171 Requests DEBUG 发送post请求 
2021-01-11 13:57:34,202 Requests DEBUG 发送post请求 
2021-01-11 13:57:34,217 Requests DEBUG 发送post请求 
2021-01-11 13:57:34,233 AssertUtil ERROR 不包含或者body是错误，body is 未将对象引用设置到对象的实例。,expected_body is status': 'success' 
2021-01-11 13:57:34,249 Requests DEBUG 发送post请求 
2021-01-11 13:57:34,264 AssertUtil ERROR 不包含或者body是错误，body is 未将对象引用设置到对象的实例。,expected_body is status': 'success' 
2021-01-11 13:57:34,280 Requests DEBUG 发送post请求 
2021-01-11 13:59:23,480 Requests DEBUG 发送post请求 
2021-01-11 14:00:04,755 Requests DEBUG 发送post请求 
2021-01-11 14:01:13,388 Requests DEBUG 发送post请求 
2021-01-11 14:01:13,435 Requests DEBUG 发送post请求 
2021-01-11 14:01:13,513 Requests DEBUG 发送post请求 
2021-01-11 14:01:13,576 Requests DEBUG 发送post请求 
2021-01-11 14:01:13,592 AssertUtil ERROR 不包含或者body是错误，body is {'ErrorCode': 0, 'Success': False, 'ExceptionMsg': '报表名称：test01,已经被其他用户配置报表类型是横向的配置！', 'ActionName': None, 'ActionUser': None, 'ActionTime': '/Date(1610344873592+0800)/', 'LogType': 0, 'ActionDateTime': '/Date(1610344873592+0800)/', 'ActionModel': None, 'LogParams': None, 'FunctionPoint': None},expected_body is ErrorCode': 0, 'Success': True, 'ExceptionMsg': '保存成功！' 
2021-01-11 14:01:13,732 Requests DEBUG 发送post请求 
2021-01-11 14:01:13,795 Requests DEBUG 发送post请求 
2021-01-11 14:01:13,857 Requests DEBUG 发送post请求 
2021-01-11 14:01:13,920 Requests DEBUG 发送post请求 
2021-01-11 14:01:13,982 Requests DEBUG 发送post请求 
2021-01-11 14:01:14,029 Requests DEBUG 发送post请求 
2021-01-11 14:01:14,092 Requests DEBUG 发送post请求 
2021-01-11 14:01:14,138 Requests DEBUG 发送post请求 
2021-01-11 14:01:14,185 Requests DEBUG 发送post请求 
2021-01-11 14:01:14,326 Requests DEBUG 发送post请求 
2021-01-11 14:01:36,420 Requests DEBUG 发送post请求 
2021-01-11 14:01:36,467 Requests DEBUG 发送post请求 
2021-01-11 14:01:36,529 Requests DEBUG 发送post请求 
2021-01-11 14:01:36,592 Requests DEBUG 发送post请求 
2021-01-11 14:01:36,717 Requests DEBUG 发送post请求 
2021-01-11 14:01:36,764 Requests DEBUG 发送post请求 
2021-01-11 14:01:36,810 Requests DEBUG 发送post请求 
2021-01-11 14:01:36,857 Requests DEBUG 发送post请求 
2021-01-11 14:01:36,920 Requests DEBUG 发送post请求 
2021-01-11 14:01:36,935 AssertUtil ERROR 不包含或者body是错误，body is {'ActionInfo': {'ErrorCode': 0, 'Success': False, 'ExceptionMsg': '索引超出范围。必须为非负值并小于集合大小。\r\n参数名: index', 'ActionName': None, 'ActionUser': None, 'ActionTime': '/Date(1610344896935+0800)/', 'LogType': 0, 'ActionDateTime': '/Date(1610344896935+0800)/', 'ActionModel': None, 'LogParams': None, 'FunctionPoint': None}, 'tableData': [], 'tableStyle': [], 'description': ''},expected_body is ErrorCode': 0, 'Success': True, 'ExceptionMsg': None, ' 
2021-01-11 14:01:37,076 Requests DEBUG 发送post请求 
2021-01-11 14:01:37,092 AssertUtil ERROR 不包含或者body是错误，body is {'ActionInfo': {'ErrorCode': 0, 'Success': True, 'ExceptionMsg': '', 'ActionName': None, 'ActionUser': None, 'ActionTime': '/Date(1610344897092+0800)/', 'LogType': 0, 'ActionDateTime': '/Date(1610344897092+0800)/', 'ActionModel': None, 'LogParams': None, 'FunctionPoint': None}, 'list': []},expected_body is list': [{'DeviceId': 1, 'TableNum': 18, 'SampleId': 20002000}] 
2021-01-11 14:01:37,217 Requests DEBUG 发送post请求 
2021-01-11 14:01:37,264 Requests DEBUG 发送post请求 
2021-01-11 14:01:37,310 Requests DEBUG 发送post请求 
2021-01-11 14:01:37,342 AssertUtil ERROR 不包含或者body是错误，body is 未将对象引用设置到对象的实例。,expected_body is status': 'success' 
2021-01-11 14:01:37,389 Requests DEBUG 发送post请求 
2021-01-11 14:01:37,404 AssertUtil ERROR 不包含或者body是错误，body is 未将对象引用设置到对象的实例。,expected_body is status': 'success' 
2021-01-11 14:02:49,764 Requests DEBUG 发送post请求 
2021-01-11 14:02:49,827 Requests DEBUG 发送post请求 
2021-01-11 14:02:49,905 Requests DEBUG 发送post请求 
2021-01-11 14:02:49,999 Requests DEBUG 发送post请求 
2021-01-11 14:02:50,108 Requests DEBUG 发送post请求 
2021-01-11 14:02:50,171 Requests DEBUG 发送post请求 
2021-01-11 14:02:50,217 Requests DEBUG 发送post请求 
2021-01-11 14:02:50,264 Requests DEBUG 发送post请求 
2021-01-11 14:02:50,311 Requests DEBUG 发送post请求 
2021-01-11 14:02:50,342 AssertUtil ERROR 不包含或者body是错误，body is {'ActionInfo': {'ErrorCode': 0, 'Success': False, 'ExceptionMsg': '索引超出范围。必须为非负值并小于集合大小。\r\n参数名: index', 'ActionName': None, 'ActionUser': None, 'ActionTime': '/Date(1610344970327+0800)/', 'LogType': 0, 'ActionDateTime': '/Date(1610344970327+0800)/', 'ActionModel': None, 'LogParams': None, 'FunctionPoint': None}, 'tableData': [], 'tableStyle': [], 'description': ''},expected_body is ErrorCode': 0, 'Success': True, 'ExceptionMsg': None, ' 
2021-01-11 14:02:50,467 Requests DEBUG 发送post请求 
2021-01-11 14:02:50,483 AssertUtil ERROR 不包含或者body是错误，body is {'ActionInfo': {'ErrorCode': 0, 'Success': True, 'ExceptionMsg': '', 'ActionName': None, 'ActionUser': None, 'ActionTime': '/Date(1610344970483+0800)/', 'LogType': 0, 'ActionDateTime': '/Date(1610344970483+0800)/', 'ActionModel': None, 'LogParams': None, 'FunctionPoint': None}, 'list': []},expected_body is list': [{'DeviceId': 1, 'TableNum': 18, 'SampleId': 20002000}] 
2021-01-11 14:02:50,530 Requests DEBUG 发送post请求 
2021-01-11 14:02:50,577 Requests DEBUG 发送post请求 
2021-01-11 14:02:50,624 Requests DEBUG 发送post请求 
2021-01-11 14:02:50,655 AssertUtil ERROR 不包含或者body是错误，body is 未将对象引用设置到对象的实例。,expected_body is status': 'success' 
2021-01-11 14:02:50,702 Requests DEBUG 发送post请求 
2021-01-11 14:02:50,733 AssertUtil ERROR 不包含或者body是错误，body is 未将对象引用设置到对象的实例。,expected_body is status': 'success' 
2021-01-11 14:05:05,558 Requests DEBUG 发送post请求 
2021-01-11 14:05:05,589 Requests DEBUG 发送post请求 
2021-01-11 14:05:05,667 Requests DEBUG 发送post请求 
2021-01-11 14:05:05,761 Requests DEBUG 发送post请求 
2021-01-11 14:05:05,870 Requests DEBUG 发送post请求 
2021-01-11 14:05:05,917 Requests DEBUG 发送post请求 
2021-01-11 14:05:05,964 Requests DEBUG 发送post请求 
2021-01-11 14:05:06,011 Requests DEBUG 发送post请求 
2021-01-11 14:05:06,058 Requests DEBUG 发送post请求 
2021-01-11 14:05:06,089 AssertUtil ERROR 不包含或者body是错误，body is {'ActionInfo': {'ErrorCode': 0, 'Success': False, 'ExceptionMsg': '索引超出范围。必须为非负值并小于集合大小。\r\n参数名: index', 'ActionName': None, 'ActionUser': None, 'ActionTime': '/Date(1610345106074+0800)/', 'LogType': 0, 'ActionDateTime': '/Date(1610345106074+0800)/', 'ActionModel': None, 'LogParams': None, 'FunctionPoint': None}, 'tableData': [], 'tableStyle': [], 'description': ''},expected_body is ErrorCode': 0, 'Success': True, 'ExceptionMsg': None, ' 
2021-01-11 14:05:06,230 Requests DEBUG 发送post请求 
2021-01-11 14:05:06,245 AssertUtil ERROR 不包含或者body是错误，body is {'ActionInfo': {'ErrorCode': 0, 'Success': True, 'ExceptionMsg': '', 'ActionName': None, 'ActionUser': None, 'ActionTime': '/Date(1610345106245+0800)/', 'LogType': 0, 'ActionDateTime': '/Date(1610345106245+0800)/', 'ActionModel': None, 'LogParams': None, 'FunctionPoint': None}, 'list': []},expected_body is list': [{'DeviceId': 1, 'TableNum': 18, 'SampleId': 20002000}] 
2021-01-11 14:05:06,292 Requests DEBUG 发送post请求 
2021-01-11 14:05:06,339 Requests DEBUG 发送post请求 
2021-01-11 14:05:06,402 Requests DEBUG 发送post请求 
2021-01-11 14:05:06,449 AssertUtil ERROR 不包含或者body是错误，body is 未将对象引用设置到对象的实例。,expected_body is status': 'success' 
2021-01-11 14:05:06,495 Requests DEBUG 发送post请求 
2021-01-11 14:05:06,527 AssertUtil ERROR 不包含或者body是错误，body is 未将对象引用设置到对象的实例。,expected_body is status': 'success' 
2021-01-11 14:06:27,268 Requests DEBUG 发送post请求 
2021-01-11 14:06:27,331 Requests DEBUG 发送post请求 
2021-01-11 14:06:27,425 Requests DEBUG 发送post请求 
2021-01-11 14:06:27,487 Requests DEBUG 发送post请求 
2021-01-11 14:06:27,534 AssertUtil ERROR 不包含或者body是错误，body is {'ErrorCode': 0, 'Success': False, 'ExceptionMsg': '报表名称：test01,已经被其他用户配置报表类型是横向的配置！', 'ActionName': None, 'ActionUser': None, 'ActionTime': '/Date(1610345187503+0800)/', 'LogType': 0, 'ActionDateTime': '/Date(1610345187503+0800)/', 'ActionModel': None, 'LogParams': None, 'FunctionPoint': None},expected_body is ErrorCode': 0, 'Success': True, 'ExceptionMsg': '保存成功！' 
2021-01-11 14:06:27,675 Requests DEBUG 发送post请求 
2021-01-11 14:06:46,873 Requests DEBUG 发送post请求 
2021-01-11 14:06:46,936 Requests DEBUG 发送post请求 
2021-01-11 14:06:47,014 Requests DEBUG 发送post请求 
2021-01-11 14:06:47,092 Requests DEBUG 发送post请求 
2021-01-11 14:06:47,201 Requests DEBUG 发送post请求 
2021-01-11 14:07:37,957 Requests DEBUG 发送post请求 
2021-01-11 14:07:38,019 Requests DEBUG 发送post请求 
2021-01-11 14:07:38,066 Requests DEBUG 发送post请求 
2021-01-11 14:07:38,129 Requests DEBUG 发送post请求 
2021-01-11 14:07:38,160 AssertUtil ERROR 不包含或者body是错误，body is {'ActionInfo': {'ErrorCode': 0, 'Success': False, 'ExceptionMsg': '索引超出范围。必须为非负值并小于集合大小。\r\n参数名: index', 'ActionName': None, 'ActionUser': None, 'ActionTime': '/Date(1610345258144+0800)/', 'LogType': 0, 'ActionDateTime': '/Date(1610345258160+0800)/', 'ActionModel': None, 'LogParams': None, 'FunctionPoint': None}, 'tableData': [], 'tableStyle': [], 'description': ''},expected_body is ErrorCode': 0, 'Success': True, 'ExceptionMsg': None, ' 
2021-01-11 14:07:38,300 Requests DEBUG 发送post请求 
2021-01-11 14:07:38,316 AssertUtil ERROR 不包含或者body是错误，body is {'ActionInfo': {'ErrorCode': 0, 'Success': True, 'ExceptionMsg': '', 'ActionName': None, 'ActionUser': None, 'ActionTime': '/Date(1610345258316+0800)/', 'LogType': 0, 'ActionDateTime': '/Date(1610345258316+0800)/', 'ActionModel': None, 'LogParams': None, 'FunctionPoint': None}, 'list': []},expected_body is list': [{'DeviceId': 1, 'TableNum': 18, 'SampleId': 20002000}] 
2021-01-11 14:07:38,363 Requests DEBUG 发送post请求 
2021-01-11 14:07:38,410 Requests DEBUG 发送post请求 
2021-01-11 14:09:02,242 Requests DEBUG 发送post请求 
2021-01-11 14:09:02,289 Requests DEBUG 发送post请求 
2021-01-11 14:09:02,336 Requests DEBUG 发送post请求 
2021-01-11 14:09:02,383 Requests DEBUG 发送post请求 
2021-01-11 14:09:02,399 AssertUtil ERROR 不包含或者body是错误，body is {'ActionInfo': {'ErrorCode': 0, 'Success': False, 'ExceptionMsg': '索引超出范围。必须为非负值并小于集合大小。\r\n参数名: index', 'ActionName': None, 'ActionUser': None, 'ActionTime': '/Date(1610345342399+0800)/', 'LogType': 0, 'ActionDateTime': '/Date(1610345342399+0800)/', 'ActionModel': None, 'LogParams': None, 'FunctionPoint': None}, 'tableData': [], 'tableStyle': [], 'description': ''},expected_body is ErrorCode': 0, 'Success': True, 'ExceptionMsg': None, ' 
2021-01-11 14:09:02,539 Requests DEBUG 发送post请求 
2021-01-11 14:09:02,555 AssertUtil ERROR 不包含或者body是错误，body is {'ActionInfo': {'ErrorCode': 0, 'Success': True, 'ExceptionMsg': '', 'ActionName': None, 'ActionUser': None, 'ActionTime': '/Date(1610345342555+0800)/', 'LogType': 0, 'ActionDateTime': '/Date(1610345342555+0800)/', 'ActionModel': None, 'LogParams': None, 'FunctionPoint': None}, 'list': []},expected_body is list': [{'DeviceId': 1, 'TableNum': 18, 'SampleId': 20002000}] 
2021-01-11 14:09:02,602 Requests DEBUG 发送post请求 
2021-01-11 14:09:02,649 Requests DEBUG 发送post请求 
2021-01-11 14:09:11,556 Requests DEBUG 发送post请求 
2021-01-11 14:09:11,603 Requests DEBUG 发送post请求 
2021-01-11 14:09:11,650 Requests DEBUG 发送post请求 
2021-01-11 14:09:11,681 Requests DEBUG 发送post请求 
2021-01-11 14:09:11,728 AssertUtil ERROR 不包含或者body是错误，body is {'ActionInfo': {'ErrorCode': 0, 'Success': False, 'ExceptionMsg': '索引超出范围。必须为非负值并小于集合大小。\r\n参数名: index', 'ActionName': None, 'ActionUser': None, 'ActionTime': '/Date(1610345351712+0800)/', 'LogType': 0, 'ActionDateTime': '/Date(1610345351712+0800)/', 'ActionModel': None, 'LogParams': None, 'FunctionPoint': None}, 'tableData': [], 'tableStyle': [], 'description': ''},expected_body is ErrorCode': 0, 'Success': True, 'ExceptionMsg': None, ' 
2021-01-11 14:09:11,853 Requests DEBUG 发送post请求 
2021-01-11 14:09:11,869 AssertUtil ERROR 不包含或者body是错误，body is {'ActionInfo': {'ErrorCode': 0, 'Success': True, 'ExceptionMsg': '', 'ActionName': None, 'ActionUser': None, 'ActionTime': '/Date(1610345351869+0800)/', 'LogType': 0, 'ActionDateTime': '/Date(1610345351869+0800)/', 'ActionModel': None, 'LogParams': None, 'FunctionPoint': None}, 'list': []},expected_body is list': [{'DeviceId': 1, 'TableNum': 18, 'SampleId': 20002000}] 
2021-01-11 14:09:11,916 Requests DEBUG 发送post请求 
2021-01-11 14:09:11,962 Requests DEBUG 发送post请求 
2021-01-11 14:09:42,884 Requests DEBUG 发送post请求 
2021-01-11 14:09:42,915 Requests DEBUG 发送post请求 
2021-01-11 14:09:42,946 Requests DEBUG 发送post请求 
2021-01-11 14:09:42,978 Requests DEBUG 发送post请求 
2021-01-11 14:09:42,993 AssertUtil ERROR 不包含或者body是错误，body is {'ActionInfo': {'ErrorCode': 0, 'Success': False, 'ExceptionMsg': '索引超出范围。必须为非负值并小于集合大小。\r\n参数名: index', 'ActionName': None, 'ActionUser': None, 'ActionTime': '/Date(1610345382993+0800)/', 'LogType': 0, 'ActionDateTime': '/Date(1610345382993+0800)/', 'ActionModel': None, 'LogParams': None, 'FunctionPoint': None}, 'tableData': [], 'tableStyle': [], 'description': ''},expected_body is ErrorCode': 0, 'Success': True, 'ExceptionMsg': None, ' 
2021-01-11 14:09:43,118 Requests DEBUG 发送post请求 
2021-01-11 14:09:43,134 AssertUtil ERROR 不包含或者body是错误，body is {'ActionInfo': {'ErrorCode': 0, 'Success': True, 'ExceptionMsg': '', 'ActionName': None, 'ActionUser': None, 'ActionTime': '/Date(1610345383134+0800)/', 'LogType': 0, 'ActionDateTime': '/Date(1610345383134+0800)/', 'ActionModel': None, 'LogParams': None, 'FunctionPoint': None}, 'list': []},expected_body is list': [{'DeviceId': 1, 'TableNum': 18, 'SampleId': 20002000}] 
2021-01-11 14:10:46,988 Requests DEBUG 发送post请求 
2021-01-11 14:10:47,003 AssertUtil ERROR 不包含或者body是错误，body is {'ActionInfo': {'ErrorCode': 0, 'Success': True, 'ExceptionMsg': '', 'ActionName': None, 'ActionUser': None, 'ActionTime': '/Date(1610345447003+0800)/', 'LogType': 0, 'ActionDateTime': '/Date(1610345447003+0800)/', 'ActionModel': None, 'LogParams': None, 'FunctionPoint': None}, 'list': []},expected_body is list': [{'DeviceId': 1, 'TableNum': 18, 'SampleId': 20002000}] 
2021-01-11 14:10:47,144 Requests DEBUG 发送post请求 
2021-01-11 14:10:47,191 Requests DEBUG 发送post请求 
2021-01-11 14:11:36,243 Requests DEBUG 发送post请求 
2021-01-11 14:15:52,819 Requests DEBUG 发送post请求 
2021-01-11 14:15:52,866 Requests DEBUG 发送post请求 
2021-01-11 14:15:52,944 Requests DEBUG 发送post请求 
2021-01-11 14:15:53,007 Requests DEBUG 发送post请求 
2021-01-11 14:15:53,116 Requests DEBUG 发送post请求 
2021-01-11 14:15:53,163 Requests DEBUG 发送post请求 
2021-01-11 14:15:53,226 Requests DEBUG 发送post请求 
2021-01-11 14:15:53,273 Requests DEBUG 发送post请求 
2021-01-11 14:15:53,429 D:\Users\Administrator\PycharmProjects\InterfaceTest\utils\LogUtil.py INFO 报告地址 
2021-01-11 14:17:16,674 Requests DEBUG 发送post请求 
2021-01-11 14:17:16,737 Requests DEBUG 发送post请求 
2021-01-11 14:17:16,815 Requests DEBUG 发送post请求 
2021-01-11 14:17:16,893 Requests DEBUG 发送post请求 
2021-01-11 14:17:16,987 Requests DEBUG 发送post请求 
2021-01-11 14:17:17,049 Requests DEBUG 发送post请求 
2021-01-11 14:17:17,112 Requests DEBUG 发送post请求 
2021-01-11 14:17:17,159 Requests DEBUG 发送post请求 
2021-01-11 14:17:17,206 Requests DEBUG 发送post请求 
2021-01-11 14:19:13,206 Requests DEBUG 发送post请求 
2021-01-11 14:19:13,253 Requests DEBUG 发送post请求 
2021-01-11 14:19:13,331 Requests DEBUG 发送post请求 
2021-01-11 14:19:13,393 Requests DEBUG 发送post请求 
2021-01-11 14:19:13,503 Requests DEBUG 发送post请求 
2021-01-11 14:19:13,549 Requests DEBUG 发送post请求 
2021-01-11 14:19:13,596 Requests DEBUG 发送post请求 
2021-01-11 14:19:13,643 Requests DEBUG 发送post请求 
2021-01-11 14:19:13,706 Requests DEBUG 发送post请求 
2021-01-11 14:19:13,753 Requests DEBUG 发送post请求 
2021-01-11 14:19:13,799 Requests DEBUG 发送post请求 
2021-01-11 14:19:13,924 Requests DEBUG 发送post请求 
2021-01-11 14:19:14,065 Requests DEBUG 发送post请求 
2021-01-11 14:19:35,958 Requests DEBUG 发送post请求 
2021-01-11 14:19:36,021 Requests DEBUG 发送post请求 
2021-01-11 14:19:36,099 Requests DEBUG 发送post请求 
2021-01-11 14:19:36,208 Requests DEBUG 发送post请求 
2021-01-11 14:19:36,302 Requests DEBUG 发送post请求 
2021-01-11 14:19:36,365 Requests DEBUG 发送post请求 
2021-01-11 14:19:36,412 Requests DEBUG 发送post请求 
2021-01-11 14:19:36,458 Requests DEBUG 发送post请求 
2021-01-11 14:19:36,521 Requests DEBUG 发送post请求 
2021-01-11 14:19:36,568 Requests DEBUG 发送post请求 
2021-01-11 14:19:36,630 Requests DEBUG 发送post请求 
2021-01-11 14:19:36,755 Requests DEBUG 发送post请求 
2021-01-11 14:19:36,880 Requests DEBUG 发送post请求 
2021-01-11 14:20:26,504 Requests DEBUG 发送post请求 
2021-01-11 14:20:26,567 Requests DEBUG 发送post请求 
2021-01-11 14:20:26,645 Requests DEBUG 发送post请求 
2021-01-11 14:20:26,707 Requests DEBUG 发送post请求 
2021-01-11 14:20:26,801 Requests DEBUG 发送post请求 
2021-01-11 14:20:26,864 Requests DEBUG 发送post请求 
2021-01-11 14:20:26,910 Requests DEBUG 发送post请求 
2021-01-11 14:20:26,957 Requests DEBUG 发送post请求 
2021-01-11 14:20:27,020 Requests DEBUG 发送post请求 
2021-01-11 14:20:27,067 Requests DEBUG 发送post请求 
2021-01-11 14:20:27,114 Requests DEBUG 发送post请求 
2021-01-11 14:20:27,239 Requests DEBUG 发送post请求 
2021-01-11 14:20:27,410 Requests DEBUG 发送post请求 
2021-01-11 14:20:27,473 Requests DEBUG 发送post请求 
2021-01-11 14:20:27,520 Requests DEBUG 发送post请求 
2021-01-11 14:20:33,817 Requests DEBUG 发送post请求 
2021-01-11 14:20:33,879 Requests DEBUG 发送post请求 
2021-01-11 14:20:33,957 Requests DEBUG 发送post请求 
2021-01-11 14:20:34,036 Requests DEBUG 发送post请求 
2021-01-11 14:20:34,161 Requests DEBUG 发送post请求 
2021-01-11 14:20:34,207 Requests DEBUG 发送post请求 
2021-01-11 14:20:34,286 Requests DEBUG 发送post请求 
2021-01-11 14:20:34,348 Requests DEBUG 发送post请求 
2021-01-11 14:20:34,395 Requests DEBUG 发送post请求 
2021-01-11 14:20:34,442 Requests DEBUG 发送post请求 
2021-01-11 14:20:34,489 Requests DEBUG 发送post请求 
2021-01-11 14:20:34,614 Requests DEBUG 发送post请求 
2021-01-11 14:20:34,739 Requests DEBUG 发送post请求 
2021-01-11 14:20:34,786 Requests DEBUG 发送post请求 
2021-01-11 14:20:34,848 Requests DEBUG 发送post请求 
2021-01-11 14:24:00,024 Requests DEBUG 发送post请求 
2021-01-11 14:24:00,086 Requests DEBUG 发送post请求 
2021-01-11 14:24:00,164 Requests DEBUG 发送post请求 
2021-01-11 14:24:00,227 Requests DEBUG 发送post请求 
2021-01-11 14:24:00,320 Requests DEBUG 发送post请求 
2021-01-11 14:24:00,367 Requests DEBUG 发送post请求 
2021-01-11 14:24:00,414 Requests DEBUG 发送post请求 
2021-01-11 14:24:00,461 Requests DEBUG 发送post请求 
2021-01-11 14:24:00,508 Requests DEBUG 发送post请求 
2021-01-11 14:24:00,555 Requests DEBUG 发送post请求 
2021-01-11 14:24:00,617 Requests DEBUG 发送post请求 
2021-01-11 14:24:00,742 Requests DEBUG 发送post请求 
2021-01-11 14:24:00,883 Requests DEBUG 发送post请求 
2021-01-11 14:24:00,930 Requests DEBUG 发送post请求 
2021-01-11 14:24:00,992 Requests DEBUG 发送post请求 
2021-01-11 14:24:01,211 Requests DEBUG 发送post请求 
2021-01-11 14:24:01,445 Requests DEBUG 发送post请求 
2021-01-11 14:24:01,711 Requests DEBUG 发送post请求 
2021-01-11 14:24:01,867 Requests DEBUG 发送post请求 
2021-01-11 14:24:02,227 Requests DEBUG 发送post请求 
2021-01-11 14:24:02,383 Requests DEBUG 发送post请求 
2021-01-11 14:24:02,524 Requests DEBUG 发送post请求 
2021-01-11 14:24:03,477 Requests DEBUG 发送post请求 
2021-01-11 14:24:03,820 Requests DEBUG 发送post请求 
2021-01-11 14:32:11,835 Requests DEBUG 发送post请求 
2021-01-11 14:32:12,866 Requests DEBUG 发送post请求 
2021-01-11 14:32:13,861 Requests DEBUG 发送post请求 
2021-01-11 14:32:14,922 Requests DEBUG 发送post请求 
2021-01-11 14:32:15,207 Requests DEBUG 发送post请求 
2021-01-11 14:32:15,490 Requests DEBUG 发送post请求 
2021-01-11 14:32:15,651 Requests DEBUG 发送post请求 
2021-01-11 14:32:15,702 Requests DEBUG 发送post请求 
2021-01-11 14:32:15,755 Requests DEBUG 发送post请求 
2021-01-11 14:32:15,807 Requests DEBUG 发送post请求 
2021-01-11 14:32:17,025 Requests DEBUG 发送post请求 
2021-01-11 14:32:17,185 Requests DEBUG 发送post请求 
2021-01-11 14:32:17,656 Requests DEBUG 发送post请求 
2021-01-11 14:32:18,369 Requests DEBUG 发送post请求 
2021-01-11 14:32:19,261 Requests DEBUG 发送post请求 
2021-01-11 14:32:20,015 Requests DEBUG 发送post请求 
2021-01-11 14:32:20,654 Requests DEBUG 发送post请求 
2021-01-11 14:32:21,312 Requests DEBUG 发送post请求 
2021-01-11 14:32:21,962 Requests DEBUG 发送post请求 
2021-01-11 14:32:22,163 Requests DEBUG 发送post请求 
2021-01-11 14:32:26,819 Requests DEBUG 发送post请求 
2021-01-11 14:32:27,364 Requests DEBUG 发送post请求 
2021-01-11 14:32:27,893 Requests DEBUG 发送post请求 
2021-01-11 14:32:27,975 Requests DEBUG 发送post请求 
2021-01-11 14:32:28,281 Requests DEBUG 发送post请求 
2021-01-11 14:32:28,475 Requests DEBUG 发送post请求 
2021-01-11 14:32:28,841 Requests DEBUG 发送post请求 
2021-01-11 14:32:28,965 Requests DEBUG 发送post请求 
2021-01-11 14:32:29,032 Requests DEBUG 发送post请求 
2021-01-11 14:32:29,089 Requests DEBUG 发送post请求 
2021-01-11 14:32:29,227 Requests DEBUG 发送post请求 
2021-01-11 14:32:29,353 Requests DEBUG 发送post请求 
2021-01-11 14:32:29,427 AssertUtil ERROR 不包含或者body是错误，body is {'IsSucess': False, 'TreeName': None, 'ExceptionMeg': "系统检测到重复提交\r\n公式名称为'配电自动化(1)1设备1：越下限'公式是否有此类指标公式配置数据\r\n或者对象ID和指标是否重复\r\n"},expected_body is IsSucess': True 
2021-01-11 14:32:29,566 Requests DEBUG 发送post请求 
2021-01-11 14:32:29,625 Requests DEBUG 发送post请求 
2021-01-11 14:32:29,748 Requests DEBUG 发送post请求 
2021-01-11 14:32:29,809 Requests DEBUG 发送post请求 
2021-01-11 14:32:29,955 Requests DEBUG 发送post请求 
2021-01-11 14:32:30,022 Requests DEBUG 发送post请求 
2021-01-11 14:32:30,100 AssertUtil ERROR 不包含或者body是错误，body is {'IsSucess': False, 'TreeName': None, 'ExceptionMeg': "系统检测到重复提交\r\n公式名称为'智能照明3(CODE1-13)总供冷量(kW)'公式是否有此类指标公式配置数据\r\n或者对象ID和指标是否重复\r\n"},expected_body is IsSucess': True 
2021-01-11 14:32:30,141 Requests DEBUG 发送post请求 
2021-01-11 14:32:30,200 Requests DEBUG 发送post请求 
2021-01-11 14:32:30,263 Requests DEBUG 发送post请求 
2021-01-11 14:32:30,379 Requests DEBUG 发送post请求 
2021-01-11 14:32:30,490 Requests DEBUG 发送post请求 
2021-01-11 14:32:30,534 Requests DEBUG 发送post请求 
2021-01-11 14:32:30,610 Requests DEBUG 发送post请求 
2021-01-11 14:32:30,684 Requests DEBUG 发送post请求 
2021-01-11 14:32:30,807 Requests DEBUG 发送post请求 
2021-01-11 14:32:30,870 Requests DEBUG 发送post请求 
2021-01-11 14:32:30,953 AssertUtil ERROR 不包含或者body是错误，body is {'IsSucess': False, 'TreeName': None, 'ExceptionMeg': "系统检测到重复提交\r\n公式名称为'配电自动化系统联动5'公式是否有此类指标公式配置数据\r\n或者对象ID和指标是否重复\r\n"},expected_body is IsSucess': True 
2021-01-11 14:32:30,992 Requests DEBUG 发送post请求 
2021-01-11 14:32:31,052 Requests DEBUG 发送post请求 
2021-01-11 14:32:31,288 Requests DEBUG 发送post请求 
2021-01-11 14:32:31,371 Requests DEBUG 发送post请求 
2021-01-11 14:32:31,450 Requests DEBUG 发送post请求 
2021-01-11 14:32:31,500 Requests DEBUG 发送post请求 
2021-01-11 14:32:31,561 Requests DEBUG 发送post请求 
2021-01-11 14:32:31,622 Requests DEBUG 发送post请求 
2021-01-11 14:32:31,682 Requests DEBUG 发送post请求 
2021-01-11 14:32:31,737 Requests DEBUG 发送post请求 
2021-01-11 14:32:31,922 Requests DEBUG 发送post请求 
2021-01-11 14:32:31,975 AssertUtil ERROR 不包含或者body是错误，body is {'GroupAddrList': [], 'ActionInfo': {'Success': True, 'ExceptionMsg': None, 'ExtendContent': None, 'IsExistsDevice': False, 'ActionUser': '', 'LogType': 0, 'ActionDateTime': '/Date(1610346751970+0800)/', 'ActionModel': None, 'LogParams': None, 'FunctionPoint': None}, 'Page': {'Current': 1, 'Total': 0}, 'CurrentMaxId': 5},expected_body is Page': {'Current': 1, 'Total': 0}, 'CurrentMaxId': 3 
2021-01-11 14:32:32,017 Requests DEBUG 发送post请求 
2021-01-11 14:32:32,964 Requests DEBUG 发送post请求 
2021-01-11 14:32:33,080 Requests DEBUG 发送post请求 
2021-01-11 14:32:33,978 Requests DEBUG 发送post请求 
2021-01-11 14:32:34,031 Requests DEBUG 发送post请求 
2021-01-11 14:32:34,111 Requests DEBUG 发送post请求 
2021-01-11 14:32:34,174 Requests DEBUG 发送post请求 
2021-01-11 14:32:34,241 Requests DEBUG 发送post请求 
2021-01-11 14:32:34,600 Requests DEBUG 发送post请求 
2021-01-11 14:32:34,658 Requests DEBUG 发送post请求 
2021-01-11 14:32:34,715 Requests DEBUG 发送post请求 
2021-01-11 14:32:34,813 Requests DEBUG 发送post请求 
2021-01-11 14:32:34,902 Requests DEBUG 发送post请求 
2021-01-11 14:32:35,018 Requests DEBUG 发送post请求 
2021-01-11 14:32:35,075 Requests DEBUG 发送post请求 
2021-01-11 14:32:35,132 Requests DEBUG 发送post请求 
2021-01-11 14:32:35,471 Requests DEBUG 发送post请求 
2021-01-11 14:32:35,750 Requests DEBUG 发送post请求 
2021-01-11 14:32:35,864 Requests DEBUG 发送post请求 
2021-01-11 14:32:36,097 Requests DEBUG 发送post请求 
2021-01-11 14:32:36,232 Requests DEBUG 发送post请求 
2021-01-11 14:32:36,524 Requests DEBUG 发送post请求 
2021-01-11 14:32:36,809 Requests DEBUG 发送post请求 
2021-01-11 14:32:36,866 Requests DEBUG 发送post请求 
2021-01-11 14:32:36,923 Requests DEBUG 发送post请求 
2021-01-11 14:32:38,091 AssertUtil ERROR 不包含或者body是错误，body is {'IsSucess': False, 'TreeName': None, 'ExceptionMeg': 'could not connect to redis Instance at 192.168.40.234:16379'},expected_body is ExceptionMeg': '操作成功!' 
2021-01-11 14:32:38,128 Requests DEBUG 发送post请求 
2021-01-11 14:32:39,162 AssertUtil ERROR 不包含或者body是错误，body is {'IsSucess': False, 'TreeName': None, 'ExceptionMeg': 'could not connect to redis Instance at 192.168.40.234:16379'},expected_body is ExceptionMeg': '操作成功!' 
2021-01-11 14:32:39,202 Requests DEBUG 发送post请求 
2021-01-11 14:32:39,330 Requests DEBUG 发送post请求 
2021-01-11 14:32:39,390 Requests DEBUG 发送post请求 
2021-01-11 14:32:39,569 Requests DEBUG 发送post请求 
2021-01-11 14:32:39,646 Requests DEBUG 发送post请求 
2021-01-11 14:32:39,698 Requests DEBUG 发送post请求 
2021-01-11 14:32:39,793 Requests DEBUG 发送post请求 
2021-01-11 14:32:39,853 Requests DEBUG 发送post请求 
2021-01-11 14:32:39,895 Requests DEBUG 发送post请求 
2021-01-11 14:32:39,935 Requests DEBUG 发送post请求 
2021-01-11 14:32:40,000 Requests DEBUG 发送post请求 
2021-01-11 14:32:40,094 Requests DEBUG 发送post请求 
2021-01-11 14:32:40,154 Requests DEBUG 发送post请求 
2021-01-11 14:32:40,247 Requests DEBUG 发送post请求 
2021-01-11 14:32:40,305 Requests DEBUG 发送post请求 
2021-01-11 14:32:40,469 Requests DEBUG 发送post请求 
2021-01-11 14:32:40,528 Requests DEBUG 发送post请求 
2021-01-11 14:32:40,780 Requests DEBUG 发送post请求 
2021-01-11 14:32:40,877 Requests DEBUG 发送post请求 
2021-01-11 14:32:40,945 Requests DEBUG 发送post请求 
2021-01-11 14:32:41,078 Requests DEBUG 发送post请求 
2021-01-11 14:32:43,513 Requests DEBUG 发送post请求 
2021-01-11 14:32:45,597 Requests DEBUG 发送post请求 
2021-01-11 14:32:45,695 Requests DEBUG 发送post请求 
2021-01-11 14:32:45,938 Requests DEBUG 发送post请求 
2021-01-11 14:32:46,029 Requests DEBUG 发送post请求 
2021-01-11 14:32:46,176 Requests DEBUG 发送post请求 
2021-01-11 14:32:46,254 D:\Users\Administrator\PycharmProjects\InterfaceTest\utils\LogUtil.py INFO 报告地址 
2021-01-11 14:50:07,982 Requests DEBUG 发送post请求 
2021-01-11 14:52:03,757 Requests DEBUG 发送post请求 
2021-01-11 14:52:03,889 AssertUtil ERROR 不包含或者body是错误，body is {'IsSucess': False, 'TreeName': None, 'ExceptionMeg': ''},expected_body is IsSucess': True 
2021-01-11 14:53:40,733 Requests DEBUG 发送post请求 
2021-01-11 14:59:15,410 Requests DEBUG 发送post请求 
2021-01-11 14:59:16,209 Requests DEBUG 发送post请求 
2021-01-11 14:59:17,225 Requests DEBUG 发送post请求 
2021-01-11 14:59:18,412 Requests DEBUG 发送post请求 
2021-01-11 14:59:18,663 Requests DEBUG 发送post请求 
2021-01-11 14:59:18,835 Requests DEBUG 发送post请求 
2021-01-11 14:59:18,882 Requests DEBUG 发送post请求 
2021-01-11 14:59:18,929 Requests DEBUG 发送post请求 
2021-01-11 14:59:18,976 Requests DEBUG 发送post请求 
2021-01-11 14:59:19,022 Requests DEBUG 发送post请求 
2021-01-11 14:59:19,210 Requests DEBUG 发送post请求 
2021-01-11 14:59:19,304 Requests DEBUG 发送post请求 
2021-01-11 14:59:19,554 Requests DEBUG 发送post请求 
2021-01-11 14:59:19,742 Requests DEBUG 发送post请求 
2021-01-11 14:59:20,351 Requests DEBUG 发送post请求 
2021-01-11 14:59:20,988 Requests DEBUG 发送post请求 
2021-01-11 14:59:21,629 Requests DEBUG 发送post请求 
2021-01-11 14:59:22,295 Requests DEBUG 发送post请求 
2021-01-11 14:59:22,936 Requests DEBUG 发送post请求 
2021-01-11 14:59:23,049 Requests DEBUG 发送post请求 
2021-01-11 14:59:23,572 Requests DEBUG 发送post请求 
2021-01-11 14:59:24,274 Requests DEBUG 发送post请求 
2021-01-11 14:59:24,328 Requests DEBUG 发送post请求 
2021-01-11 14:59:24,393 Requests DEBUG 发送post请求 
2021-01-11 14:59:24,564 Requests DEBUG 发送post请求 
2021-01-11 14:59:24,733 Requests DEBUG 发送post请求 
2021-01-11 14:59:24,924 Requests DEBUG 发送post请求 
2021-01-11 14:59:25,031 Requests DEBUG 发送post请求 
2021-01-11 14:59:25,092 Requests DEBUG 发送post请求 
2021-01-11 14:59:25,158 Requests DEBUG 发送post请求 
2021-01-11 14:59:25,314 Requests DEBUG 发送post请求 
2021-01-11 14:59:25,438 Requests DEBUG 发送post请求 
2021-01-11 14:59:25,515 AssertUtil ERROR 不包含或者body是错误，body is {'IsSucess': False, 'TreeName': None, 'ExceptionMeg': "系统检测到重复提交\r\n公式名称为'配电自动化(1)1设备1：越下限'公式是否有此类指标公式配置数据\r\n或者对象ID和指标是否重复\r\n"},expected_body is IsSucess': True 
2021-01-11 14:59:25,646 Requests DEBUG 发送post请求 
2021-01-11 14:59:25,705 Requests DEBUG 发送post请求 
2021-01-11 14:59:25,834 Requests DEBUG 发送post请求 
2021-01-11 14:59:25,965 Requests DEBUG 发送post请求 
2021-01-11 14:59:26,116 Requests DEBUG 发送post请求 
2021-01-11 14:59:26,186 Requests DEBUG 发送post请求 
2021-01-11 14:59:26,267 AssertUtil ERROR 不包含或者body是错误，body is {'IsSucess': False, 'TreeName': None, 'ExceptionMeg': "系统检测到重复提交\r\n公式名称为'智能照明3(CODE1-13)总供冷量(kW)'公式是否有此类指标公式配置数据\r\n或者对象ID和指标是否重复\r\n"},expected_body is IsSucess': True 
2021-01-11 14:59:26,309 Requests DEBUG 发送post请求 
2021-01-11 14:59:26,368 Requests DEBUG 发送post请求 
2021-01-11 14:59:26,432 Requests DEBUG 发送post请求 
2021-01-11 14:59:26,560 Requests DEBUG 发送post请求 
2021-01-11 14:59:26,673 Requests DEBUG 发送post请求 
2021-01-11 14:59:26,721 Requests DEBUG 发送post请求 
2021-01-11 14:59:26,805 Requests DEBUG 发送post请求 
2021-01-11 14:59:26,872 Requests DEBUG 发送post请求 
2021-01-11 14:59:27,010 Requests DEBUG 发送post请求 
2021-01-11 14:59:27,072 Requests DEBUG 发送post请求 
2021-01-11 14:59:27,148 AssertUtil ERROR 不包含或者body是错误，body is {'IsSucess': False, 'TreeName': None, 'ExceptionMeg': "系统检测到重复提交\r\n公式名称为'配电自动化系统联动5'公式是否有此类指标公式配置数据\r\n或者对象ID和指标是否重复\r\n"},expected_body is IsSucess': True 
2021-01-11 14:59:27,189 Requests DEBUG 发送post请求 
2021-01-11 14:59:27,249 Requests DEBUG 发送post请求 
2021-01-11 14:59:27,303 Requests DEBUG 发送post请求 
2021-01-11 14:59:27,373 Requests DEBUG 发送post请求 
2021-01-11 14:59:27,425 Requests DEBUG 发送post请求 
2021-01-11 14:59:27,469 Requests DEBUG 发送post请求 
2021-01-11 14:59:27,520 Requests DEBUG 发送post请求 
2021-01-11 14:59:27,580 Requests DEBUG 发送post请求 
2021-01-11 14:59:27,646 Requests DEBUG 发送post请求 
2021-01-11 14:59:27,700 Requests DEBUG 发送post请求 
2021-01-11 14:59:27,782 Requests DEBUG 发送post请求 
2021-01-11 14:59:27,846 Requests DEBUG 发送post请求 
2021-01-11 14:59:28,295 Requests DEBUG 发送post请求 
2021-01-11 14:59:28,497 Requests DEBUG 发送post请求 
2021-01-11 14:59:29,315 Requests DEBUG 发送post请求 
2021-01-11 14:59:29,364 Requests DEBUG 发送post请求 
2021-01-11 14:59:29,456 Requests DEBUG 发送post请求 
2021-01-11 14:59:29,508 Requests DEBUG 发送post请求 
2021-01-11 14:59:29,567 Requests DEBUG 发送post请求 
2021-01-11 14:59:29,800 Requests DEBUG 发送post请求 
2021-01-11 14:59:29,858 Requests DEBUG 发送post请求 
2021-01-11 14:59:29,916 Requests DEBUG 发送post请求 
2021-01-11 14:59:30,006 Requests DEBUG 发送post请求 
2021-01-11 14:59:30,115 Requests DEBUG 发送post请求 
2021-01-11 14:59:30,218 Requests DEBUG 发送post请求 
2021-01-11 14:59:30,270 Requests DEBUG 发送post请求 
2021-01-11 14:59:30,330 Requests DEBUG 发送post请求 
2021-01-11 14:59:30,463 Requests DEBUG 发送post请求 
2021-01-11 14:59:30,704 Requests DEBUG 发送post请求 
2021-01-11 14:59:30,797 Requests DEBUG 发送post请求 
2021-01-11 14:59:30,950 Requests DEBUG 发送post请求 
2021-01-11 14:59:31,090 Requests DEBUG 发送post请求 
2021-01-11 14:59:31,356 Requests DEBUG 发送post请求 
2021-01-11 14:59:31,624 Requests DEBUG 发送post请求 
2021-01-11 14:59:31,680 Requests DEBUG 发送post请求 
2021-01-11 14:59:31,734 Requests DEBUG 发送post请求 
2021-01-11 14:59:31,836 Requests DEBUG 发送post请求 
2021-01-11 14:59:31,896 Requests DEBUG 发送post请求 
2021-01-11 14:59:31,998 Requests DEBUG 发送post请求 
2021-01-11 14:59:32,079 Requests DEBUG 发送post请求 
2021-01-11 14:59:32,144 Requests DEBUG 发送post请求 
2021-01-11 14:59:32,235 Requests DEBUG 发送post请求 
2021-01-11 14:59:32,304 Requests DEBUG 发送post请求 
2021-01-11 14:59:32,354 Requests DEBUG 发送post请求 
2021-01-11 14:59:32,407 Requests DEBUG 发送post请求 
2021-01-11 14:59:32,480 Requests DEBUG 发送post请求 
2021-01-11 14:59:32,559 Requests DEBUG 发送post请求 
2021-01-11 14:59:32,611 Requests DEBUG 发送post请求 
2021-01-11 14:59:32,691 Requests DEBUG 发送post请求 
2021-01-11 14:59:32,748 Requests DEBUG 发送post请求 
2021-01-11 14:59:32,812 Requests DEBUG 发送post请求 
2021-01-11 14:59:32,874 Requests DEBUG 发送post请求 
2021-01-11 14:59:33,016 Requests DEBUG 发送post请求 
2021-01-11 14:59:33,111 Requests DEBUG 发送post请求 
2021-01-11 14:59:33,173 Requests DEBUG 发送post请求 
2021-01-11 14:59:33,271 Requests DEBUG 发送post请求 
2021-01-11 14:59:35,641 Requests DEBUG 发送post请求 
2021-01-11 14:59:37,609 Requests DEBUG 发送post请求 
2021-01-11 14:59:37,699 Requests DEBUG 发送post请求 
2021-01-11 14:59:37,788 Requests DEBUG 发送post请求 
2021-01-11 14:59:37,865 Requests DEBUG 发送post请求 
2021-01-11 14:59:37,941 Requests DEBUG 发送post请求 
2021-01-11 14:59:37,993 D:\Users\Administrator\PycharmProjects\InterfaceTest\utils\LogUtil.py INFO 报告地址 
2021-01-11 16:06:01,019 Requests DEBUG 发送post请求 
2021-01-11 16:06:01,378 Requests DEBUG 发送post请求 
2021-01-11 16:06:01,863 Requests DEBUG 发送post请求 
2021-01-11 16:06:02,535 Requests DEBUG 发送post请求 
2021-01-11 16:06:02,769 Requests DEBUG 发送post请求 
2021-01-11 16:06:02,925 Requests DEBUG 发送post请求 
2021-01-11 16:06:02,957 Requests DEBUG 发送post请求 
2021-01-11 16:06:02,988 Requests DEBUG 发送post请求 
2021-01-11 16:06:03,003 Requests DEBUG 发送post请求 
2021-01-11 16:06:03,050 Requests DEBUG 发送post请求 
2021-01-11 16:06:03,160 Requests DEBUG 发送post请求 
2021-01-11 16:06:03,425 Requests DEBUG 发送post请求 
2021-01-11 16:06:03,597 Requests DEBUG 发送post请求 
2021-01-11 16:06:03,722 Requests DEBUG 发送post请求 
2021-01-11 16:06:04,128 Requests DEBUG 发送post请求 
2021-01-11 16:06:04,660 Requests DEBUG 发送post请求 
2021-01-11 16:06:05,269 Requests DEBUG 发送post请求 
2021-01-11 16:06:05,832 Requests DEBUG 发送post请求 
2021-01-11 16:06:06,425 Requests DEBUG 发送post请求 
2021-01-11 16:06:06,519 Requests DEBUG 发送post请求 
2021-01-11 16:06:07,066 Requests DEBUG 发送post请求 
2021-01-11 16:06:07,660 Requests DEBUG 发送post请求 
2021-01-11 16:06:07,722 Requests DEBUG 发送post请求 
2021-01-11 16:06:07,769 Requests DEBUG 发送post请求 
2021-01-11 16:06:07,941 Requests DEBUG 发送post请求 
2021-01-11 16:06:08,097 Requests DEBUG 发送post请求 
2021-01-11 16:06:08,285 Requests DEBUG 发送post请求 
2021-01-11 16:06:08,332 Requests DEBUG 发送post请求 
2021-01-11 16:06:08,378 Requests DEBUG 发送post请求 
2021-01-11 16:06:08,441 Requests DEBUG 发送post请求 
2021-01-11 16:06:08,488 Requests DEBUG 发送post请求 
2021-01-11 16:06:08,535 Requests DEBUG 发送post请求 
2021-01-11 16:06:08,628 Requests DEBUG 发送post请求 
2021-01-11 16:06:08,691 Requests DEBUG 发送post请求 
2021-01-11 16:06:08,738 Requests DEBUG 发送post请求 
2021-01-11 16:06:08,847 Requests DEBUG 发送post请求 
2021-01-11 16:06:08,925 Requests DEBUG 发送post请求 
2021-01-11 16:06:09,004 Requests DEBUG 发送post请求 
2021-01-11 16:06:09,691 Requests DEBUG 发送post请求 
2021-01-11 16:06:10,050 Requests DEBUG 发送post请求 
2021-01-11 16:06:10,113 Requests DEBUG 发送post请求 
2021-01-11 16:06:10,207 Requests DEBUG 发送post请求 
2021-01-11 16:06:10,254 Requests DEBUG 发送post请求 
2021-01-11 16:06:10,300 Requests DEBUG 发送post请求 
2021-01-11 16:06:10,550 Requests DEBUG 发送post请求 
2021-01-11 16:06:10,597 Requests DEBUG 发送post请求 
2021-01-11 16:06:10,660 Requests DEBUG 发送post请求 
2021-01-11 16:06:10,769 Requests DEBUG 发送post请求 
2021-01-11 16:06:10,863 Requests DEBUG 发送post请求 
2021-01-11 16:06:10,957 Requests DEBUG 发送post请求 
2021-01-11 16:06:11,004 Requests DEBUG 发送post请求 
2021-01-11 16:06:11,066 Requests DEBUG 发送post请求 
2021-01-11 16:06:11,316 Requests DEBUG 发送post请求 
2021-01-11 16:06:11,597 Requests DEBUG 发送post请求 
2021-01-11 16:06:11,691 Requests DEBUG 发送post请求 
2021-01-11 16:06:11,832 Requests DEBUG 发送post请求 
2021-01-11 16:06:11,972 Requests DEBUG 发送post请求 
2021-01-11 16:06:12,222 Requests DEBUG 发送post请求 
2021-01-11 16:06:12,441 Requests DEBUG 发送post请求 
2021-01-11 16:06:12,488 Requests DEBUG 发送post请求 
2021-01-11 16:06:12,550 Requests DEBUG 发送post请求 
2021-01-11 16:06:12,629 Requests DEBUG 发送post请求 
2021-01-11 16:06:12,691 Requests DEBUG 发送post请求 
2021-01-11 16:06:12,816 Requests DEBUG 发送post请求 
2021-01-11 16:06:12,879 Requests DEBUG 发送post请求 
2021-01-11 16:06:12,988 Requests DEBUG 发送post请求 
2021-01-11 16:06:13,066 Requests DEBUG 发送post请求 
2021-01-11 16:06:13,129 Requests DEBUG 发送post请求 
2021-01-11 16:06:13,191 Requests DEBUG 发送post请求 
2021-01-11 16:06:13,238 Requests DEBUG 发送post请求 
2021-01-11 16:06:13,300 Requests DEBUG 发送post请求 
2021-01-11 16:06:13,394 Requests DEBUG 发送post请求 
2021-01-11 16:06:13,457 Requests DEBUG 发送post请求 
2021-01-11 16:06:13,566 Requests DEBUG 发送post请求 
2021-01-11 16:06:13,644 Requests DEBUG 发送post请求 
2021-01-11 16:06:13,707 Requests DEBUG 发送post请求 
2021-01-11 16:06:13,769 Requests DEBUG 发送post请求 
2021-01-11 16:06:13,925 Requests DEBUG 发送post请求 
2021-01-11 16:06:14,019 Requests DEBUG 发送post请求 
2021-01-11 16:06:14,066 Requests DEBUG 发送post请求 
2021-01-11 16:06:14,175 Requests DEBUG 发送post请求 
2021-01-11 16:06:17,800 Requests DEBUG 发送post请求 
2021-01-11 16:06:20,290 Requests DEBUG 发送post请求 
2021-01-11 16:06:20,352 Requests DEBUG 发送post请求 
2021-01-11 16:06:20,415 Requests DEBUG 发送post请求 
2021-01-11 16:06:20,493 Requests DEBUG 发送post请求 
2021-01-11 16:06:20,555 Requests DEBUG 发送post请求 
2021-01-11 16:48:13,686 Requests DEBUG 发送post请求 
2021-01-11 16:48:13,842 Requests DEBUG 发送post请求 
2021-01-11 16:50:13,290 Requests DEBUG 发送post请求 
2021-01-11 16:50:13,384 Requests DEBUG 发送post请求 
2021-01-11 16:53:06,624 Requests DEBUG 发送post请求 
2021-01-11 16:53:06,717 Requests DEBUG 发送post请求 
2021-01-11 16:53:06,936 D:\Users\Administrator\PycharmProjects\InterfaceTest\utils\LogUtil.py ERROR Mysql 执行失败 
2021-01-11 16:53:06,936 D:\Users\Administrator\PycharmProjects\InterfaceTest\utils\LogUtil.py ERROR (102, b"Incorrect syntax near ','.DB-Lib error message 20018, severity 15:\nGeneral SQL Server error: Check messages from the SQL Server\n") 
2021-01-11 16:54:30,214 Requests DEBUG 发送post请求 
2021-01-11 16:54:30,292 Requests DEBUG 发送post请求 
2021-01-11 16:58:00,896 Requests DEBUG 发送post请求 
2021-01-11 16:58:00,974 Requests DEBUG 发送post请求 
2021-01-11 16:58:01,083 Requests DEBUG 发送post请求 
2021-01-11 16:58:01,193 Requests DEBUG 发送post请求 
2021-01-11 16:58:01,302 Requests DEBUG 发送post请求 
2021-01-11 16:58:01,364 Requests DEBUG 发送post请求 
2021-01-11 16:58:01,427 Requests DEBUG 发送post请求 
2021-01-11 16:58:01,474 Requests DEBUG 发送post请求 
2021-01-11 16:58:01,521 Requests DEBUG 发送post请求 
2021-01-11 16:58:01,568 Requests DEBUG 发送post请求 
2021-01-11 16:58:01,630 Requests DEBUG 发送post请求 
2021-01-11 16:58:01,943 Requests DEBUG 发送post请求 
2021-01-11 16:58:02,114 Requests DEBUG 发送post请求 
2021-01-11 16:58:09,131 Requests DEBUG 发送post请求 
2021-01-11 16:58:09,194 Requests DEBUG 发送post请求 
2021-01-11 16:58:09,287 Requests DEBUG 发送post请求 
2021-01-11 16:58:09,350 Requests DEBUG 发送post请求 
2021-01-11 16:58:09,459 Requests DEBUG 发送post请求 
2021-01-11 16:58:09,506 Requests DEBUG 发送post请求 
2021-01-11 16:58:09,553 Requests DEBUG 发送post请求 
2021-01-11 16:58:09,615 Requests DEBUG 发送post请求 
2021-01-11 16:58:09,662 Requests DEBUG 发送post请求 
2021-01-11 16:58:09,709 Requests DEBUG 发送post请求 
2021-01-11 16:58:09,756 Requests DEBUG 发送post请求 
2021-01-11 16:58:09,897 Requests DEBUG 发送post请求 
2021-01-11 16:58:10,037 Requests DEBUG 发送post请求 
2021-01-11 16:58:15,600 Requests DEBUG 发送post请求 
2021-01-11 16:58:15,647 Requests DEBUG 发送post请求 
2021-01-11 16:58:15,741 Requests DEBUG 发送post请求 
2021-01-11 16:58:15,803 Requests DEBUG 发送post请求 
2021-01-11 16:58:15,897 Requests DEBUG 发送post请求 
2021-01-11 16:58:15,959 Requests DEBUG 发送post请求 
2021-01-11 16:58:16,006 Requests DEBUG 发送post请求 
2021-01-11 16:58:16,069 Requests DEBUG 发送post请求 
2021-01-11 16:58:16,116 Requests DEBUG 发送post请求 
2021-01-11 16:58:16,162 Requests DEBUG 发送post请求 
2021-01-11 16:58:16,209 Requests DEBUG 发送post请求 
2021-01-11 16:58:16,350 Requests DEBUG 发送post请求 
2021-01-11 16:58:16,475 Requests DEBUG 发送post请求 
2021-01-11 17:01:18,058 Requests DEBUG 发送post请求 
2021-01-11 17:01:18,120 Requests DEBUG 发送post请求 
2021-01-11 17:01:18,183 Requests DEBUG 发送post请求 
2021-01-11 17:01:18,245 Requests DEBUG 发送post请求 
2021-01-11 17:01:18,339 Requests DEBUG 发送post请求 
2021-01-11 17:01:18,386 Requests DEBUG 发送post请求 
2021-01-11 17:01:18,449 Requests DEBUG 发送post请求 
2021-01-11 17:01:18,495 Requests DEBUG 发送post请求 
2021-01-11 17:01:18,542 Requests DEBUG 发送post请求 
2021-01-11 17:01:18,589 Requests DEBUG 发送post请求 
2021-01-11 17:01:18,777 Requests DEBUG 发送post请求 
2021-01-11 17:01:18,902 Requests DEBUG 发送post请求 
2021-01-11 17:01:19,011 Requests DEBUG 发送post请求 
2021-01-11 17:05:55,704 Requests DEBUG 发送post请求 
2021-01-11 17:05:55,766 Requests DEBUG 发送post请求 
2021-01-11 17:05:55,860 Requests DEBUG 发送post请求 
2021-01-11 17:05:55,923 Requests DEBUG 发送post请求 
2021-01-11 17:05:56,016 Requests DEBUG 发送post请求 
2021-01-11 17:05:56,063 Requests DEBUG 发送post请求 
2021-01-11 17:05:56,110 Requests DEBUG 发送post请求 
2021-01-11 17:05:56,173 Requests DEBUG 发送post请求 
2021-01-11 17:05:56,220 Requests DEBUG 发送post请求 
2021-01-11 17:05:56,251 Requests DEBUG 发送post请求 
2021-01-11 17:05:56,313 Requests DEBUG 发送post请求 
2021-01-11 17:05:56,454 Requests DEBUG 发送post请求 
2021-01-11 17:05:56,548 Requests DEBUG 发送post请求 
2021-01-11 17:06:03,493 Requests DEBUG 发送post请求 
2021-01-11 17:06:03,556 Requests DEBUG 发送post请求 
2021-01-11 17:06:03,634 Requests DEBUG 发送post请求 
2021-01-11 17:06:03,701 Requests DEBUG 发送post请求 
2021-01-11 17:06:03,818 Requests DEBUG 发送post请求 
2021-01-11 17:06:03,870 Requests DEBUG 发送post请求 
2021-01-11 17:06:03,931 Requests DEBUG 发送post请求 
2021-01-11 17:06:03,976 Requests DEBUG 发送post请求 
2021-01-11 17:06:04,015 Requests DEBUG 发送post请求 
2021-01-11 17:06:04,076 Requests DEBUG 发送post请求 
2021-01-11 17:06:04,136 Requests DEBUG 发送post请求 
2021-01-11 17:06:04,288 Requests DEBUG 发送post请求 
2021-01-11 17:06:04,429 Requests DEBUG 发送post请求 
2021-01-11 17:06:10,216 Requests DEBUG 发送post请求 
2021-01-11 17:06:10,278 Requests DEBUG 发送post请求 
2021-01-11 17:06:10,356 Requests DEBUG 发送post请求 
2021-01-11 17:06:10,403 Requests DEBUG 发送post请求 
2021-01-11 17:06:10,637 Requests DEBUG 发送post请求 
2021-01-11 17:06:10,684 Requests DEBUG 发送post请求 
2021-01-11 17:06:10,731 Requests DEBUG 发送post请求 
2021-01-11 17:06:10,778 Requests DEBUG 发送post请求 
2021-01-11 17:06:10,809 Requests DEBUG 发送post请求 
2021-01-11 17:06:10,872 Requests DEBUG 发送post请求 
2021-01-11 17:06:10,919 Requests DEBUG 发送post请求 
2021-01-11 17:06:11,059 Requests DEBUG 发送post请求 
2021-01-11 17:06:11,184 Requests DEBUG 发送post请求 
2021-01-11 17:08:43,361 Requests DEBUG 发送post请求 
2021-01-11 17:08:43,423 Requests DEBUG 发送post请求 
2021-01-11 17:08:43,501 Requests DEBUG 发送post请求 
2021-01-11 17:08:43,564 Requests DEBUG 发送post请求 
2021-01-11 17:08:43,658 Requests DEBUG 发送post请求 
2021-01-11 17:08:43,705 Requests DEBUG 发送post请求 
2021-01-11 17:08:43,751 Requests DEBUG 发送post请求 
2021-01-11 17:08:43,814 Requests DEBUG 发送post请求 
2021-01-11 17:08:43,861 Requests DEBUG 发送post请求 
2021-01-11 17:08:43,908 Requests DEBUG 发送post请求 
2021-01-11 17:08:43,955 Requests DEBUG 发送post请求 
2021-01-11 17:08:44,095 Requests DEBUG 发送post请求 
2021-01-11 17:08:44,236 Requests DEBUG 发送post请求 
2021-01-11 17:08:48,845 Requests DEBUG 发送post请求 
2021-01-11 17:08:48,892 Requests DEBUG 发送post请求 
2021-01-11 17:08:48,986 Requests DEBUG 发送post请求 
2021-01-11 17:08:49,064 Requests DEBUG 发送post请求 
2021-01-11 17:08:49,173 Requests DEBUG 发送post请求 
2021-01-11 17:08:49,220 Requests DEBUG 发送post请求 
2021-01-11 17:08:49,267 Requests DEBUG 发送post请求 
2021-01-11 17:08:49,314 Requests DEBUG 发送post请求 
2021-01-11 17:08:49,345 Requests DEBUG 发送post请求 
2021-01-11 17:08:49,376 Requests DEBUG 发送post请求 
2021-01-11 17:08:49,423 Requests DEBUG 发送post请求 
2021-01-11 17:08:49,548 Requests DEBUG 发送post请求 
2021-01-11 17:08:49,689 Requests DEBUG 发送post请求 
2021-01-11 17:29:48,938 Requests DEBUG 发送post请求 
2021-01-11 17:29:49,157 Requests DEBUG 发送post请求 
2021-01-11 17:29:49,266 Requests DEBUG 发送post请求 
2021-01-11 17:29:49,407 Requests DEBUG 发送post请求 
2021-01-11 17:29:49,548 Requests DEBUG 发送post请求 
2021-01-11 17:29:49,653 Requests DEBUG 发送post请求 
2021-01-11 17:29:49,704 Requests DEBUG 发送post请求 
2021-01-11 17:29:49,760 Requests DEBUG 发送post请求 
2021-01-11 17:29:49,812 Requests DEBUG 发送post请求 
2021-01-11 17:29:49,910 Requests DEBUG 发送post请求 
2021-01-11 17:29:49,957 Requests DEBUG 发送post请求 
2021-01-11 17:29:51,053 Requests DEBUG 发送post请求 
2021-01-11 17:29:51,194 Requests DEBUG 发送post请求 
2021-01-11 17:29:57,176 Requests DEBUG 发送post请求 
2021-01-11 17:29:57,238 Requests DEBUG 发送post请求 
2021-01-11 17:29:57,316 Requests DEBUG 发送post请求 
2021-01-11 17:29:57,379 Requests DEBUG 发送post请求 
2021-01-11 17:29:57,504 Requests DEBUG 发送post请求 
2021-01-11 17:29:57,566 Requests DEBUG 发送post请求 
2021-01-11 17:29:57,625 Requests DEBUG 发送post请求 
2021-01-11 17:29:57,685 Requests DEBUG 发送post请求 
2021-01-11 17:29:57,737 Requests DEBUG 发送post请求 
2021-01-11 17:29:57,797 Requests DEBUG 发送post请求 
2021-01-11 17:29:57,852 Requests DEBUG 发送post请求 
2021-01-11 17:29:57,991 Requests DEBUG 发送post请求 
2021-01-11 17:29:58,116 Requests DEBUG 发送post请求 
2021-01-11 18:44:37,599 Requests DEBUG 发送post请求 
2021-01-11 18:44:37,661 Requests DEBUG 发送post请求 
2021-01-11 18:44:37,771 Requests DEBUG 发送post请求 
2021-01-11 18:44:37,896 Requests DEBUG 发送post请求 
2021-01-11 18:44:38,083 Requests DEBUG 发送post请求 
2021-01-11 18:44:38,130 Requests DEBUG 发送post请求 
2021-01-11 18:44:38,193 Requests DEBUG 发送post请求 
2021-01-11 18:44:38,255 Requests DEBUG 发送post请求 
2021-01-11 18:44:38,318 Requests DEBUG 发送post请求 
2021-01-11 18:44:38,380 Requests DEBUG 发送post请求 
2021-01-11 18:44:38,411 Requests DEBUG 发送post请求 
2021-01-11 18:44:38,802 Requests DEBUG 发送post请求 
2021-01-11 18:44:38,943 Requests DEBUG 发送post请求 
2021-01-11 18:44:44,384 Requests DEBUG 发送post请求 
2021-01-11 18:44:44,447 Requests DEBUG 发送post请求 
2021-01-11 18:44:44,525 Requests DEBUG 发送post请求 
2021-01-11 18:44:44,619 Requests DEBUG 发送post请求 
2021-01-11 18:44:44,712 Requests DEBUG 发送post请求 
2021-01-11 18:44:44,775 Requests DEBUG 发送post请求 
2021-01-11 18:44:44,822 Requests DEBUG 发送post请求 
2021-01-11 18:44:44,884 Requests DEBUG 发送post请求 
2021-01-11 18:44:44,931 Requests DEBUG 发送post请求 
2021-01-11 18:44:44,994 Requests DEBUG 发送post请求 
2021-01-11 18:44:45,041 Requests DEBUG 发送post请求 
2021-01-11 18:44:45,197 Requests DEBUG 发送post请求 
2021-01-11 18:44:45,337 Requests DEBUG 发送post请求 
2021-01-11 18:44:51,983 Requests DEBUG 发送post请求 
2021-01-11 18:44:52,061 Requests DEBUG 发送post请求 
2021-01-11 18:44:52,124 Requests DEBUG 发送post请求 
2021-01-11 18:44:52,186 Requests DEBUG 发送post请求 
2021-01-11 18:44:52,296 Requests DEBUG 发送post请求 
2021-01-11 18:44:52,342 Requests DEBUG 发送post请求 
2021-01-11 18:44:52,389 Requests DEBUG 发送post请求 
2021-01-11 18:44:52,436 Requests DEBUG 发送post请求 
2021-01-11 18:44:52,499 Requests DEBUG 发送post请求 
2021-01-11 18:44:52,561 Requests DEBUG 发送post请求 
2021-01-11 18:44:52,608 Requests DEBUG 发送post请求 
2021-01-11 18:44:52,749 Requests DEBUG 发送post请求 
2021-01-11 18:44:52,874 Requests DEBUG 发送post请求 
2021-01-11 18:44:59,024 Requests DEBUG 发送post请求 
2021-01-11 18:44:59,086 Requests DEBUG 发送post请求 
2021-01-11 18:44:59,180 Requests DEBUG 发送post请求 
2021-01-11 18:44:59,243 Requests DEBUG 发送post请求 
2021-01-11 18:44:59,336 Requests DEBUG 发送post请求 
2021-01-11 18:44:59,383 Requests DEBUG 发送post请求 
2021-01-11 18:44:59,430 Requests DEBUG 发送post请求 
2021-01-11 18:44:59,477 Requests DEBUG 发送post请求 
2021-01-11 18:44:59,540 Requests DEBUG 发送post请求 
2021-01-11 18:44:59,586 Requests DEBUG 发送post请求 
2021-01-11 18:44:59,633 Requests DEBUG 发送post请求 
2021-01-11 18:44:59,758 Requests DEBUG 发送post请求 
2021-01-11 18:44:59,899 Requests DEBUG 发送post请求 
2021-01-11 18:49:05,870 Requests DEBUG 发送post请求 
2021-01-11 18:50:48,797 Requests DEBUG 发送post请求 
2021-01-11 18:58:17,999 Requests DEBUG 发送post请求 
2021-01-11 18:58:18,093 Requests DEBUG 发送post请求 
2021-01-11 18:58:18,202 Requests DEBUG 发送post请求 
2021-01-11 19:00:14,812 Requests DEBUG 发送post请求 
2021-01-11 19:00:40,822 Requests DEBUG 发送post请求 
2021-01-11 19:00:40,869 Requests DEBUG 发送post请求 
2021-01-11 19:01:25,070 Requests DEBUG 发送post请求 
2021-01-11 19:01:25,180 Requests DEBUG 发送post请求 
2021-01-11 19:04:32,515 Requests DEBUG 发送post请求 
2021-01-11 19:04:32,577 Requests DEBUG 发送post请求 
2021-01-11 19:04:32,671 Requests DEBUG 发送post请求 
2021-01-11 19:04:32,765 Requests DEBUG 发送post请求 
2021-01-11 19:04:32,827 Requests DEBUG 发送post请求 
2021-01-11 19:04:32,874 Requests DEBUG 发送post请求 
2021-01-11 19:04:32,937 Requests DEBUG 发送post请求 
2021-01-11 19:19:20,019 Requests DEBUG 发送post请求 
2021-01-11 19:23:21,175 Requests DEBUG 发送post请求 
2021-01-11 19:23:21,363 Requests DEBUG 发送post请求 
2021-01-11 19:23:21,457 Requests DEBUG 发送post请求 
2021-01-11 19:23:21,582 Requests DEBUG 发送post请求 
2021-01-11 19:23:21,644 Requests DEBUG 发送post请求 
2021-01-11 19:23:21,707 Requests DEBUG 发送post请求 
2021-01-11 19:23:21,769 Requests DEBUG 发送post请求 
2021-01-11 19:23:21,832 Requests DEBUG 发送post请求 
2021-01-11 19:27:47,490 Requests DEBUG 发送post请求 
2021-01-11 19:33:32,269 Requests DEBUG 发送post请求 
2021-01-11 19:33:32,394 Requests DEBUG 发送post请求 
2021-01-11 19:38:01,785 Requests DEBUG 发送post请求 
2021-01-11 19:38:01,863 Requests DEBUG 发送post请求 
2021-01-11 19:39:35,961 Requests DEBUG 发送post请求 
2021-01-11 19:42:00,272 Requests DEBUG 发送post请求 
2021-01-11 19:42:17,271 Requests DEBUG 发送post请求 
2021-01-11 19:42:17,396 Requests DEBUG 发送post请求 
2021-01-11 19:42:17,427 AssertUtil ERROR 不包含或者body是错误，body is {'MonitorIndexFormulaList': [{'ClassType': 0, 'Ext': '', 'ID': 1, 'SystemId': 1, 'SystemName': '配电自动化', 'FormulaName': '智能照明3(CODE1-13)总供冷量(kW)', 'AnalyzeType': 2, 'AnalyzeName': '设备指标类', 'SourceID': 'CODE1-13', 'DeviceName': '智能照明3', 'IndexType': 1, 'IndexName': '总供冷量(kW)', 'IndexFormula': 'YC_20026000=10', 'FormulaParam': '0', 'IsExeute': 1, 'Description': '', 'isPushEAM': 0, 'BounceTime': 0}, {'ClassType': 0, 'Ext': '', 'ID': 2, 'SystemId': 1, 'SystemName': '配电自动化', 'FormulaName': '智能照明6(CODE1-16)总供冷量(kW)', 'AnalyzeType': 2, 'AnalyzeName': '设备指标类', 'SourceID': 'CODE1-16', 'DeviceName': '智能照明6', 'IndexType': 2, 'IndexName': '总排热量(kW)', 'IndexFormula': 'YC_20026000=10', 'FormulaParam': '0', 'IsExeute': 1, 'Description': '', 'isPushEAM': 0, 'BounceTime': 0}], 'Page': {'Current': 1, 'Total': 2}, 'ActionInfo': {'Success': True, 'ExceptionMsg': None, 'ExtendContent': None, 'IsExistsDevice': False, 'ActionUser': '', 'LogType': 0, 'ActionDateTime': '/Date(1610365337427+0800)/', 'ActionModel': None, 'LogParams': None, 'FunctionPoint': None}},expected_body is SystemName': '配电自动化', 'FormulaName': '智能照明3(CODE1-13)总供冷量(KW)' 
2021-01-11 19:43:08,831 Requests DEBUG 发送post请求 
2021-01-11 19:43:08,878 Requests DEBUG 发送post请求 
2021-01-11 19:44:10,663 Requests DEBUG 发送post请求 
2021-01-11 19:44:10,757 Requests DEBUG 发送post请求 
2021-01-11 19:44:10,804 Requests DEBUG 发送post请求 
2021-01-11 19:47:08,936 Requests DEBUG 发送post请求 
2021-01-11 19:47:08,999 Requests DEBUG 发送post请求 
2021-01-11 19:47:09,061 Requests DEBUG 发送post请求 
2021-01-11 19:47:09,124 Requests DEBUG 发送post请求 
2021-01-11 19:49:17,407 Requests DEBUG 发送post请求 
2021-01-11 19:49:17,532 Requests DEBUG 发送post请求 
2021-01-11 19:49:17,626 Requests DEBUG 发送post请求 
2021-01-11 19:49:17,689 Requests DEBUG 发送post请求 
2021-01-11 19:49:17,751 Requests DEBUG 发送post请求 
2021-01-11 19:49:17,798 Requests DEBUG 发送post请求 
2021-01-11 19:49:17,939 Requests DEBUG 发送post请求 
2021-01-11 19:50:11,162 Requests DEBUG 发送post请求 
2021-01-11 19:50:11,193 AssertUtil ERROR 不包含或者body是错误，body is {'MonitorIndexFormulaList': [], 'Page': {'Current': 1, 'Total': 0}, 'ActionInfo': {'Success': True, 'ExceptionMsg': None, 'ExtendContent': None, 'IsExistsDevice': False, 'ActionUser': '', 'LogType': 0, 'ActionDateTime': '/Date(1610365811193+0800)/', 'ActionModel': None, 'LogParams': None, 'FunctionPoint': None}},expected_body is ClassType': 0, 'Ext': '', 'ID': 3, 'SystemId': 1 
2021-01-11 19:53:23,361 Requests DEBUG 发送post请求 
2021-01-11 19:53:59,268 Requests DEBUG 发送post请求 
2021-01-11 19:53:59,315 Requests DEBUG 发送post请求 
2021-01-11 19:53:59,377 Requests DEBUG 发送post请求 
2021-01-11 19:53:59,455 Requests DEBUG 发送post请求 
2021-01-11 19:53:59,596 Requests DEBUG 发送post请求 
2021-01-11 19:54:59,521 Requests DEBUG 发送post请求 
2021-01-11 19:54:59,568 Requests DEBUG 发送post请求 
2021-01-11 19:54:59,645 Requests DEBUG 发送post请求 
2021-01-11 19:54:59,707 Requests DEBUG 发送post请求 
2021-01-11 19:54:59,832 Requests DEBUG 发送post请求 
2021-01-11 20:08:14,267 Requests DEBUG 发送post请求 
2021-01-11 20:08:14,330 Requests DEBUG 发送post请求 
2021-01-11 20:08:14,408 Requests DEBUG 发送post请求 
2021-01-11 20:08:14,470 Requests DEBUG 发送post请求 
2021-01-11 20:08:14,564 Requests DEBUG 发送post请求 
2021-01-11 20:08:14,673 Requests DEBUG 发送post请求 
2021-01-11 20:13:16,871 Requests DEBUG 发送post请求 
2021-01-11 20:14:31,498 Requests DEBUG 发送post请求 
2021-01-11 20:14:31,545 Requests DEBUG 发送post请求 
2021-01-11 20:14:31,607 Requests DEBUG 发送post请求 
2021-01-11 20:14:31,670 Requests DEBUG 发送post请求 
2021-01-11 20:14:31,764 Requests DEBUG 发送post请求 
2021-01-11 20:14:31,842 Requests DEBUG 发送post请求 
2021-01-11 20:14:31,873 Requests DEBUG 发送post请求 
2021-01-11 20:17:57,237 Requests DEBUG 发送post请求 
2021-01-11 20:18:13,204 Requests DEBUG 发送post请求 
2021-01-11 20:18:53,754 Requests DEBUG 发送post请求 
2021-01-11 20:19:49,672 Requests DEBUG 发送post请求 
2021-01-11 20:20:34,831 Requests DEBUG 发送post请求 
2021-01-11 20:20:34,893 Requests DEBUG 发送post请求 
2021-01-11 20:23:37,689 Requests DEBUG 发送post请求 
2021-01-11 20:23:37,720 Requests DEBUG 发送post请求 
2021-01-11 20:23:37,798 Requests DEBUG 发送post请求 
2021-01-11 20:23:37,861 Requests DEBUG 发送post请求 
2021-01-11 20:23:37,955 Requests DEBUG 发送post请求 
2021-01-11 20:23:38,064 Requests DEBUG 发送post请求 
2021-01-11 20:23:38,111 Requests DEBUG 发送post请求 
2021-01-11 20:23:38,173 Requests DEBUG 发送post请求 
2021-01-11 20:23:38,236 Requests DEBUG 发送post请求 
2021-01-11 20:23:38,283 Requests DEBUG 发送post请求 
2021-01-11 20:25:55,263 Requests DEBUG 发送post请求 
2021-01-11 20:25:55,388 Requests DEBUG 发送post请求 
2021-01-11 20:25:55,481 Requests DEBUG 发送post请求 
2021-01-11 20:25:55,591 Requests DEBUG 发送post请求 
2021-01-11 20:25:55,653 Requests DEBUG 发送post请求 
2021-01-11 20:25:55,716 Requests DEBUG 发送post请求 
2021-01-11 20:25:55,778 Requests DEBUG 发送post请求 
2021-01-11 20:25:55,825 Requests DEBUG 发送post请求 
2021-01-11 20:25:55,950 Requests DEBUG 发送post请求 
2021-01-11 20:25:56,013 Requests DEBUG 发送post请求 
2021-01-11 20:25:56,107 Requests DEBUG 发送post请求 
2021-01-11 20:25:56,232 Requests DEBUG 发送post请求 
2021-01-11 20:25:56,278 Requests DEBUG 发送post请求 
2021-01-11 20:25:56,341 Requests DEBUG 发送post请求 
2021-01-11 20:25:56,403 Requests DEBUG 发送post请求 
2021-01-11 20:25:56,450 AssertUtil ERROR 不包含或者body是错误，body is {'IsSucess': False, 'TreeName': None, 'ExceptionMeg': "系统检测到重复提交\r\n公式名称为'智能照明6(CODE1-16)总供冷量(kW)'公式是否有此类指标公式配置数据\r\n或者对象ID和指标是否重复\r\n"},expected_body is IsSucess': True 
2021-01-11 20:25:56,607 Requests DEBUG 发送post请求 
2021-01-11 20:25:56,653 Requests DEBUG 发送post请求 
2021-01-11 20:25:56,716 Requests DEBUG 发送post请求 
2021-01-11 20:25:56,778 Requests DEBUG 发送post请求 
2021-01-11 20:25:56,841 Requests DEBUG 发送post请求 
2021-01-11 20:25:56,950 Requests DEBUG 发送post请求 
2021-01-11 20:25:57,060 Requests DEBUG 发送post请求 
2021-01-11 20:25:57,107 Requests DEBUG 发送post请求 
2021-01-11 20:25:57,169 Requests DEBUG 发送post请求 
2021-01-11 20:25:57,247 Requests DEBUG 发送post请求 
2021-01-11 20:25:57,294 Requests DEBUG 发送post请求 
2021-01-11 20:25:57,325 AssertUtil ERROR 不包含或者body是错误，body is {'IsSucess': False, 'TreeName': None, 'ExceptionMeg': "系统检测到重复提交\r\n公式名称为'配电自动化系统联动5'公式是否有此类指标公式配置数据\r\n或者对象ID和指标是否重复\r\n"},expected_body is IsSucess': True 
2021-01-11 20:25:57,372 Requests DEBUG 发送post请求 
2021-01-11 20:27:03,725 Requests DEBUG 发送post请求 
2021-01-11 20:27:03,819 Requests DEBUG 发送post请求 
2021-01-11 20:27:03,913 Requests DEBUG 发送post请求 
2021-01-11 20:27:04,100 Requests DEBUG 发送post请求 
2021-01-11 20:27:04,163 Requests DEBUG 发送post请求 
2021-01-11 20:27:04,225 Requests DEBUG 发送post请求 
2021-01-11 20:27:04,288 Requests DEBUG 发送post请求 
2021-01-11 20:27:04,350 Requests DEBUG 发送post请求 
2021-01-11 20:27:04,460 Requests DEBUG 发送post请求 
2021-01-11 20:27:04,507 Requests DEBUG 发送post请求 
2021-01-11 20:27:04,616 Requests DEBUG 发送post请求 
2021-01-11 20:27:04,725 Requests DEBUG 发送post请求 
2021-01-11 20:27:04,772 Requests DEBUG 发送post请求 
2021-01-11 20:27:04,850 Requests DEBUG 发送post请求 
2021-01-11 20:27:04,913 Requests DEBUG 发送post请求 
2021-01-11 20:27:04,960 AssertUtil ERROR 不包含或者body是错误，body is {'IsSucess': False, 'TreeName': None, 'ExceptionMeg': "系统检测到重复提交\r\n公式名称为'智能照明6(CODE1-16)总供冷量(kW)'公式是否有此类指标公式配置数据\r\n或者对象ID和指标是否重复\r\n"},expected_body is IsSucess': True 
2021-01-11 20:27:05,100 Requests DEBUG 发送post请求 
2021-01-11 20:27:05,163 Requests DEBUG 发送post请求 
2021-01-11 20:27:05,225 Requests DEBUG 发送post请求 
2021-01-11 20:27:05,288 Requests DEBUG 发送post请求 
2021-01-11 20:27:05,350 Requests DEBUG 发送post请求 
2021-01-11 20:27:05,444 Requests DEBUG 发送post请求 
2021-01-11 20:27:05,554 Requests DEBUG 发送post请求 
2021-01-11 20:27:05,616 Requests DEBUG 发送post请求 
2021-01-11 20:27:05,679 Requests DEBUG 发送post请求 
2021-01-11 20:27:05,726 Requests DEBUG 发送post请求 
2021-01-11 20:27:05,804 Requests DEBUG 发送post请求 
2021-01-11 20:27:05,835 AssertUtil ERROR 不包含或者body是错误，body is {'IsSucess': False, 'TreeName': None, 'ExceptionMeg': "系统检测到重复提交\r\n公式名称为'配电自动化系统联动5'公式是否有此类指标公式配置数据\r\n或者对象ID和指标是否重复\r\n"},expected_body is IsSucess': True 
2021-01-11 20:27:05,882 Requests DEBUG 发送post请求 
2021-01-11 20:27:43,655 Requests DEBUG 发送post请求 
2021-01-11 20:27:43,764 Requests DEBUG 发送post请求 
2021-01-11 20:27:43,858 Requests DEBUG 发送post请求 
2021-01-11 20:27:43,952 Requests DEBUG 发送post请求 
2021-01-11 20:27:43,998 Requests DEBUG 发送post请求 
2021-01-11 20:27:44,045 Requests DEBUG 发送post请求 
2021-01-11 20:27:44,092 Requests DEBUG 发送post请求 
2021-01-11 20:27:44,155 Requests DEBUG 发送post请求 
2021-01-11 20:27:44,248 Requests DEBUG 发送post请求 
2021-01-11 20:27:44,311 Requests DEBUG 发送post请求 
2021-01-11 20:27:44,452 Requests DEBUG 发送post请求 
2021-01-11 20:27:44,545 Requests DEBUG 发送post请求 
2021-01-11 20:27:44,608 Requests DEBUG 发送post请求 
2021-01-11 20:27:44,670 Requests DEBUG 发送post请求 
2021-01-11 20:27:44,717 Requests DEBUG 发送post请求 
2021-01-11 20:27:44,748 AssertUtil ERROR 不包含或者body是错误，body is {'IsSucess': False, 'TreeName': None, 'ExceptionMeg': "系统检测到重复提交\r\n公式名称为'智能照明6(CODE1-16)总供冷量(kW)'公式是否有此类指标公式配置数据\r\n或者对象ID和指标是否重复\r\n"},expected_body is IsSucess': True 
2021-01-11 20:27:44,920 Requests DEBUG 发送post请求 
2021-01-11 20:27:44,967 Requests DEBUG 发送post请求 
2021-01-11 20:27:45,030 Requests DEBUG 发送post请求 
2021-01-11 20:27:45,108 Requests DEBUG 发送post请求 
2021-01-11 20:27:45,186 Requests DEBUG 发送post请求 
2021-01-11 20:27:45,311 Requests DEBUG 发送post请求 
2021-01-11 20:27:45,405 Requests DEBUG 发送post请求 
2021-01-11 20:27:45,467 Requests DEBUG 发送post请求 
2021-01-11 20:27:45,514 Requests DEBUG 发送post请求 
2021-01-11 20:27:45,592 Requests DEBUG 发送post请求 
