2021-01-04 09:58:22,191 Requests DEBUG 发送post请求 
2021-01-04 09:58:22,569 Requests DEBUG 发送post请求 
2021-01-04 09:58:22,675 Requests DEBUG 发送post请求 
2021-01-04 09:58:22,754 Requests DEBUG 发送post请求 
2021-01-04 09:58:22,848 Requests DEBUG 发送post请求 
2021-01-04 09:58:22,896 Requests DEBUG 发送post请求 
2021-01-04 09:58:23,110 Requests DEBUG 发送post请求 
2021-01-04 09:58:23,201 Requests DEBUG 发送post请求 
2021-01-04 09:58:23,360 Requests DEBUG 发送post请求 
2021-01-04 09:58:23,672 Requests DEBUG 发送post请求 
2021-01-04 09:58:23,704 Requests DEBUG 发送post请求 
2021-01-04 09:58:23,793 Requests DEBUG 发送post请求 
2021-01-04 09:58:23,833 Requests DEBUG 发送post请求 
2021-01-04 09:58:23,889 Requests DEBUG 发送post请求 
2021-01-04 09:58:23,951 Requests DEBUG 发送post请求 
2021-01-04 09:58:23,993 Requests DEBUG 发送post请求 
2021-01-04 09:58:24,054 Requests DEBUG 发送post请求 
2021-01-04 09:58:24,127 Requests DEBUG 发送post请求 
2021-01-04 09:58:24,240 Requests DEBUG 发送post请求 
2021-01-04 09:58:24,409 Requests DEBUG 发送post请求 
2021-01-04 09:58:24,441 Requests DEBUG 发送post请求 
2021-01-04 09:58:24,555 Requests DEBUG 发送post请求 
2021-01-04 09:58:24,606 Requests DEBUG 发送post请求 
2021-01-04 09:58:24,747 Requests DEBUG 发送post请求 
2021-01-04 09:58:24,871 Requests DEBUG 发送post请求 
2021-01-04 09:58:25,038 Requests DEBUG 发送post请求 
2021-01-04 09:58:25,080 Requests DEBUG 发送post请求 
2021-01-04 09:58:25,243 Requests DEBUG 发送post请求 
2021-01-04 09:58:25,295 Requests DEBUG 发送post请求 
2021-01-04 09:58:25,349 Requests DEBUG 发送post请求 
2021-01-04 09:58:25,399 Requests DEBUG 发送post请求 
2021-01-04 09:58:25,629 Requests DEBUG 发送post请求 
2021-01-04 09:58:25,696 Requests DEBUG 发送post请求 
2021-01-04 09:58:26,674 Requests DEBUG 发送post请求 
2021-01-04 09:58:27,041 Requests DEBUG 发送post请求 
2021-01-04 09:58:27,693 Requests DEBUG 发送post请求 
2021-01-04 09:58:27,766 Requests DEBUG 发送post请求 
2021-01-04 09:58:27,838 Requests DEBUG 发送post请求 
2021-01-04 09:58:27,890 Requests DEBUG 发送post请求 
2021-01-04 09:58:27,947 Requests DEBUG 发送post请求 
2021-01-04 09:58:29,386 Requests DEBUG 发送post请求 
2021-01-04 09:58:29,504 Requests DEBUG 发送post请求 
2021-01-04 09:58:29,554 Requests DEBUG 发送post请求 
2021-01-04 09:58:29,648 Requests DEBUG 发送post请求 
2021-01-04 09:58:29,757 Requests DEBUG 发送post请求 
2021-01-04 09:58:29,835 Requests DEBUG 发送post请求 
2021-01-04 09:58:29,875 Requests DEBUG 发送post请求 
2021-01-04 09:58:29,918 Requests DEBUG 发送post请求 
2021-01-04 09:58:30,099 Requests DEBUG 发送post请求 
2021-01-04 09:58:30,302 Requests DEBUG 发送post请求 
2021-01-04 09:58:30,366 Requests DEBUG 发送post请求 
2021-01-04 09:58:30,629 Requests DEBUG 发送post请求 
2021-01-04 09:58:30,703 Requests DEBUG 发送post请求 
2021-01-04 09:58:30,887 Requests DEBUG 发送post请求 
2021-01-04 09:58:31,017 Requests DEBUG 发送post请求 
2021-01-04 09:58:31,146 Requests DEBUG 发送post请求 
2021-01-04 09:58:31,182 Requests DEBUG 发送post请求 
2021-01-04 09:58:31,381 Requests DEBUG 发送post请求 
2021-01-04 09:58:31,454 Requests DEBUG 发送post请求 
2021-01-04 09:58:31,567 Requests DEBUG 发送post请求 
2021-01-04 09:58:31,644 Requests DEBUG 发送post请求 
2021-01-04 09:58:31,776 Requests DEBUG 发送post请求 
2021-01-04 09:58:32,041 Requests DEBUG 发送post请求 
2021-01-04 09:58:32,106 Requests DEBUG 发送post请求 
2021-01-04 09:58:32,273 Requests DEBUG 发送post请求 
2021-01-04 09:58:32,315 Requests DEBUG 发送post请求 
2021-01-04 09:58:32,444 Requests DEBUG 发送post请求 
2021-01-04 09:58:32,511 Requests DEBUG 发送post请求 
2021-01-04 09:58:32,580 Requests DEBUG 发送post请求 
2021-01-04 09:58:32,695 Requests DEBUG 发送post请求 
2021-01-04 09:58:35,616 Requests DEBUG 发送post请求 
2021-01-04 09:58:37,449 Requests DEBUG 发送post请求 
2021-01-04 09:58:37,525 Requests DEBUG 发送post请求 
2021-01-04 09:58:37,596 Requests DEBUG 发送post请求 
2021-01-04 09:58:37,695 D:\Users\Administrator\PycharmProjects\InterfaceTest\utils\LogUtil.py INFO 报告地址 
2021-01-04 10:02:23,702 Requests DEBUG 发送post请求 
2021-01-04 10:02:23,802 Requests DEBUG 发送post请求 
2021-01-04 10:02:23,868 Requests DEBUG 发送post请求 
2021-01-04 10:02:23,913 Requests DEBUG 发送post请求 
2021-01-04 10:02:23,998 Requests DEBUG 发送post请求 
2021-01-04 10:02:24,056 Requests DEBUG 发送post请求 
2021-01-04 10:02:24,195 Requests DEBUG 发送post请求 
2021-01-04 10:02:24,245 Requests DEBUG 发送post请求 
2021-01-04 10:02:24,449 Requests DEBUG 发送post请求 
2021-01-04 10:02:24,571 Requests DEBUG 发送post请求 
2021-01-04 10:02:24,629 Requests DEBUG 发送post请求 
2021-01-04 10:02:24,766 Requests DEBUG 发送post请求 
2021-01-04 10:02:24,814 Requests DEBUG 发送post请求 
2021-01-04 10:02:24,861 Requests DEBUG 发送post请求 
2021-01-04 10:02:24,917 Requests DEBUG 发送post请求 
2021-01-04 10:02:24,995 Requests DEBUG 发送post请求 
2021-01-04 10:02:25,032 Requests DEBUG 发送post请求 
2021-01-04 10:02:25,090 Requests DEBUG 发送post请求 
2021-01-04 10:02:25,150 Requests DEBUG 发送post请求 
2021-01-04 10:02:25,328 Requests DEBUG 发送post请求 
2021-01-04 10:02:25,392 Requests DEBUG 发送post请求 
2021-01-04 10:02:25,537 Requests DEBUG 发送post请求 
2021-01-04 10:02:25,588 Requests DEBUG 发送post请求 
2021-01-04 10:02:25,640 Requests DEBUG 发送post请求 
2021-01-04 10:02:25,695 Requests DEBUG 发送post请求 
2021-01-04 10:02:25,738 Requests DEBUG 发送post请求 
2021-01-04 10:02:25,782 Requests DEBUG 发送post请求 
2021-01-04 10:02:25,825 Requests DEBUG 发送post请求 
2021-01-04 10:02:25,877 Requests DEBUG 发送post请求 
2021-01-04 10:02:25,932 Requests DEBUG 发送post请求 
2021-01-04 10:02:25,979 Requests DEBUG 发送post请求 
2021-01-04 10:02:26,148 Requests DEBUG 发送post请求 
2021-01-04 10:02:26,199 Requests DEBUG 发送post请求 
2021-01-04 10:02:26,427 Requests DEBUG 发送post请求 
2021-01-04 10:02:27,219 Requests DEBUG 发送post请求 
2021-01-04 10:02:27,446 Requests DEBUG 发送post请求 
2021-01-04 10:02:27,487 Requests DEBUG 发送post请求 
2021-01-04 10:02:27,558 Requests DEBUG 发送post请求 
2021-01-04 10:02:27,599 Requests DEBUG 发送post请求 
2021-01-04 10:02:27,643 Requests DEBUG 发送post请求 
2021-01-04 10:02:27,890 Requests DEBUG 发送post请求 
2021-01-04 10:02:27,931 Requests DEBUG 发送post请求 
2021-01-04 10:02:27,981 Requests DEBUG 发送post请求 
2021-01-04 10:02:28,044 Requests DEBUG 发送post请求 
2021-01-04 10:02:28,101 Requests DEBUG 发送post请求 
2021-01-04 10:02:28,172 Requests DEBUG 发送post请求 
2021-01-04 10:02:28,217 Requests DEBUG 发送post请求 
2021-01-04 10:02:28,254 Requests DEBUG 发送post请求 
2021-01-04 10:02:28,349 Requests DEBUG 发送post请求 
2021-01-04 10:02:28,471 Requests DEBUG 发送post请求 
2021-01-04 10:02:28,516 Requests DEBUG 发送post请求 
2021-01-04 10:02:28,630 Requests DEBUG 发送post请求 
2021-01-04 10:02:28,701 Requests DEBUG 发送post请求 
2021-01-04 10:02:28,754 Requests DEBUG 发送post请求 
2021-01-04 10:02:28,805 Requests DEBUG 发送post请求 
2021-01-04 10:02:28,855 Requests DEBUG 发送post请求 
2021-01-04 10:02:28,892 Requests DEBUG 发送post请求 
2021-01-04 10:02:28,970 Requests DEBUG 发送post请求 
2021-01-04 10:02:29,045 Requests DEBUG 发送post请求 
2021-01-04 10:02:29,131 Requests DEBUG 发送post请求 
2021-01-04 10:02:29,187 Requests DEBUG 发送post请求 
2021-01-04 10:02:29,273 Requests DEBUG 发送post请求 
2021-01-04 10:02:29,356 Requests DEBUG 发送post请求 
2021-01-04 10:02:29,407 Requests DEBUG 发送post请求 
2021-01-04 10:02:29,450 Requests DEBUG 发送post请求 
2021-01-04 10:02:29,492 Requests DEBUG 发送post请求 
2021-01-04 10:02:29,624 Requests DEBUG 发送post请求 
2021-01-04 10:02:29,695 Requests DEBUG 发送post请求 
2021-01-04 10:02:29,744 Requests DEBUG 发送post请求 
2021-01-04 10:02:29,813 Requests DEBUG 发送post请求 
2021-01-04 10:02:32,130 Requests DEBUG 发送post请求 
2021-01-04 10:02:34,946 Requests DEBUG 发送post请求 
2021-01-04 10:02:35,032 Requests DEBUG 发送post请求 
2021-01-04 10:02:35,089 Requests DEBUG 发送post请求 
2021-01-04 10:02:35,155 D:\Users\Administrator\PycharmProjects\InterfaceTest\utils\LogUtil.py INFO 报告地址 
2021-01-04 10:08:42,937 Requests DEBUG 发送post请求 
2021-01-04 10:10:19,650 Requests DEBUG 发送post请求 
2021-01-04 10:10:51,299 Requests DEBUG 发送post请求 
2021-01-04 10:18:44,970 Requests DEBUG 发送post请求 
2021-01-04 10:18:45,080 Requests DEBUG 发送post请求 
2021-01-04 10:18:45,111 Requests DEBUG 发送post请求 
2021-01-04 10:18:45,158 Requests DEBUG 发送post请求 
2021-01-04 10:18:45,205 Requests DEBUG 发送post请求 
2021-01-04 10:18:45,330 Requests DEBUG 发送post请求 
2021-01-04 10:18:45,424 Requests DEBUG 发送post请求 
2021-01-04 10:18:45,502 Requests DEBUG 发送post请求 
2021-01-04 10:18:45,533 Requests DEBUG 发送post请求 
2021-01-04 10:18:49,705 Requests DEBUG 发送post请求 
2021-01-04 10:18:49,767 Requests DEBUG 发送post请求 
2021-01-04 10:18:49,861 Requests DEBUG 发送post请求 
2021-01-04 10:18:49,939 AssertUtil ERROR 不包含或者body是错误，body is {'ActionInfo': {'ErrorCode': 0, 'Success': True, 'ExceptionMsg': None, 'ActionName': None, 'ActionUser': None, 'ActionTime': '/Date(1609726729908+0800)/', 'LogType': 0, 'ActionDateTime': '/Date(1609726729939+0800)/', 'ActionModel': None, 'LogParams': None, 'FunctionPoint': None}, 'ReportList': [{'Id': 12, 'CName': 'test01', 'Desp': '(日报表)test012020-09-01', 'ReportType': 1, 'RoleNo': None}, {'Id': 13, 'CName': 'test02', 'Desp': '(日报表)test022020-09-01', 'ReportType': 1, 'RoleNo': None}, {'Id': 14, 'CName': 'test03', 'Desp': '(日报表)test032020-09-01', 'ReportType': 1, 'RoleNo': None}, {'Id': 15, 'CName': 'test04', 'Desp': '(日报表)test042020-09-01', 'ReportType': 1, 'RoleNo': None}, {'Id': 16, 'CName': 'test05', 'Desp': '(日报表)test052020-09-01', 'ReportType': 1, 'RoleNo': None}, {'Id': 17, 'CName': 'test06', 'Desp': '(日报表)test062020-09-01', 'ReportType': 1, 'RoleNo': None}, {'Id': 18, 'CName': 'test07', 'Desp': '(日报表)test072020-09-01', 'ReportType': 1, 'RoleNo': None}, {'Id': 19, 'CName': 'test08', 'Desp': '(日报表)test082020-09-01', 'ReportType': 1, 'RoleNo': None}, {'Id': 20, 'CName': 'test09', 'Desp': '(日报表)test092020-09-01', 'ReportType': 1, 'RoleNo': None}, {'Id': 22, 'CName': 'test10', 'Desp': '(日报表)test102020-09-01', 'ReportType': 1, 'RoleNo': None}, {'Id': 23, 'CName': 'test11', 'Desp': '(日报表)test112020-09-01', 'ReportType': 1, 'RoleNo': None}, {'Id': 24, 'CName': 'test12', 'Desp': '(日报表)test122020-09-01', 'ReportType': 1, 'RoleNo': None}, {'Id': 25, 'CName': 'test13', 'Desp': '(日报表)test132020-09-01', 'ReportType': 1, 'RoleNo': None}, {'Id': 26, 'CName': 'test14', 'Desp': '(日报表)test142020-09-01', 'ReportType': 1, 'RoleNo': None}, {'Id': 27, 'CName': 'test15', 'Desp': '(日报表)test152020-09-01', 'ReportType': 1, 'RoleNo': None}], 'PageInfo': {'Current': 0, 'Total': 15}},expected_body is (日报表)test182020-09-01', 'ReportType': 1, 'RoleNo': None}], 'PageInfo': {'Current': 0, 'Total': 16} 
2021-01-04 10:18:50,142 Requests DEBUG 发送post请求 
2021-01-04 10:18:50,189 AssertUtil ERROR 不包含或者body是错误，body is {'ActionInfo': {'ErrorCode': 0, 'Success': True, 'ExceptionMsg': None, 'ActionName': None, 'ActionUser': None, 'ActionTime': '/Date(1609726730174+0800)/', 'LogType': 0, 'ActionDateTime': '/Date(1609726730189+0800)/', 'ActionModel': None, 'LogParams': None, 'FunctionPoint': None}, 'ReportList': [{'Id': 12, 'CName': 'test01', 'Desp': '(月报表)test012020-09', 'ReportType': 1, 'RoleNo': None}, {'Id': 13, 'CName': 'test02', 'Desp': '(月报表)test022020-09', 'ReportType': 1, 'RoleNo': None}, {'Id': 14, 'CName': 'test03', 'Desp': '(月报表)test032020-09', 'ReportType': 1, 'RoleNo': None}, {'Id': 15, 'CName': 'test04', 'Desp': '(月报表)test042020-09', 'ReportType': 1, 'RoleNo': None}, {'Id': 16, 'CName': 'test05', 'Desp': '(月报表)test052020-09', 'ReportType': 1, 'RoleNo': None}, {'Id': 17, 'CName': 'test06', 'Desp': '(月报表)test062020-09', 'ReportType': 1, 'RoleNo': None}, {'Id': 18, 'CName': 'test07', 'Desp': '(月报表)test072020-09', 'ReportType': 1, 'RoleNo': None}, {'Id': 19, 'CName': 'test08', 'Desp': '(月报表)test082020-09', 'ReportType': 1, 'RoleNo': None}, {'Id': 20, 'CName': 'test09', 'Desp': '(月报表)test092020-09', 'ReportType': 1, 'RoleNo': None}, {'Id': 22, 'CName': 'test10', 'Desp': '(月报表)test102020-09', 'ReportType': 1, 'RoleNo': None}, {'Id': 23, 'CName': 'test11', 'Desp': '(月报表)test112020-09', 'ReportType': 1, 'RoleNo': None}, {'Id': 24, 'CName': 'test12', 'Desp': '(月报表)test122020-09', 'ReportType': 1, 'RoleNo': None}, {'Id': 25, 'CName': 'test13', 'Desp': '(月报表)test132020-09', 'ReportType': 1, 'RoleNo': None}, {'Id': 26, 'CName': 'test14', 'Desp': '(月报表)test142020-09', 'ReportType': 1, 'RoleNo': None}, {'Id': 27, 'CName': 'test15', 'Desp': '(月报表)test152020-09', 'ReportType': 1, 'RoleNo': None}], 'PageInfo': {'Current': 0, 'Total': 15}},expected_body is Desp': '(月报表)test182020-09', 'ReportType': 1, 'RoleNo': None}], 'PageInfo': {'Current': 0, 'Total': 16} 
2021-01-04 10:18:50,220 Requests DEBUG 发送post请求 
2021-01-04 10:18:50,595 Requests DEBUG 发送post请求 
2021-01-04 10:18:50,783 Requests DEBUG 发送post请求 
2021-01-04 10:18:50,814 AssertUtil ERROR 不包含或者body是错误，body is {'ActionInfo': {'ErrorCode': 0, 'Success': True, 'ExceptionMsg': None, 'ActionName': None, 'ActionUser': None, 'ActionTime': '/Date(1609726730799+0800)/', 'LogType': 0, 'ActionDateTime': '/Date(1609726730814+0800)/', 'ActionModel': None, 'LogParams': None, 'FunctionPoint': None}, 'ReportList': [{'Id': 23, 'CName': 'test11', 'Desp': '', 'ReportType': 1, 'RoleNo': None}, {'Id': 24, 'CName': 'test12', 'Desp': '', 'ReportType': 1, 'RoleNo': None}, {'Id': 25, 'CName': 'test13', 'Desp': '', 'ReportType': 1, 'RoleNo': None}, {'Id': 26, 'CName': 'test14', 'Desp': '', 'ReportType': 1, 'RoleNo': None}, {'Id': 27, 'CName': 'test15', 'Desp': '', 'ReportType': 1, 'RoleNo': None}], 'PageInfo': {'Current': 2, 'Total': 15}},expected_body is PageInfo': {'Current': 2, 'Total': 16} 
2021-01-04 10:18:50,845 Requests DEBUG 发送post请求 
2021-01-04 10:18:50,877 AssertUtil ERROR 不包含或者body是错误，body is {'ActionInfo': {'ErrorCode': 0, 'Success': True, 'ExceptionMsg': None, 'ActionName': None, 'ActionUser': None, 'ActionTime': '/Date(1609726730861+0800)/', 'LogType': 0, 'ActionDateTime': '/Date(1609726730877+0800)/', 'ActionModel': None, 'LogParams': None, 'FunctionPoint': None}, 'ReportList': [{'Id': 12, 'CName': 'test01', 'Desp': '', 'ReportType': 1, 'RoleNo': None}, {'Id': 13, 'CName': 'test02', 'Desp': '', 'ReportType': 1, 'RoleNo': None}, {'Id': 14, 'CName': 'test03', 'Desp': '', 'ReportType': 1, 'RoleNo': None}, {'Id': 15, 'CName': 'test04', 'Desp': '', 'ReportType': 1, 'RoleNo': None}, {'Id': 16, 'CName': 'test05', 'Desp': '', 'ReportType': 1, 'RoleNo': None}, {'Id': 17, 'CName': 'test06', 'Desp': '', 'ReportType': 1, 'RoleNo': None}, {'Id': 18, 'CName': 'test07', 'Desp': '', 'ReportType': 1, 'RoleNo': None}, {'Id': 19, 'CName': 'test08', 'Desp': '', 'ReportType': 1, 'RoleNo': None}, {'Id': 20, 'CName': 'test09', 'Desp': '', 'ReportType': 1, 'RoleNo': None}, {'Id': 22, 'CName': 'test10', 'Desp': '', 'ReportType': 1, 'RoleNo': None}, {'Id': 23, 'CName': 'test11', 'Desp': '', 'ReportType': 1, 'RoleNo': None}, {'Id': 24, 'CName': 'test12', 'Desp': '', 'ReportType': 1, 'RoleNo': None}, {'Id': 25, 'CName': 'test13', 'Desp': '', 'ReportType': 1, 'RoleNo': None}, {'Id': 26, 'CName': 'test14', 'Desp': '', 'ReportType': 1, 'RoleNo': None}, {'Id': 27, 'CName': 'test15', 'Desp': '', 'ReportType': 1, 'RoleNo': None}], 'PageInfo': {'Current': 1, 'Total': 15}},expected_body is PageInfo': {'Current': 1, 'Total': 16} 
2021-01-04 10:18:50,908 Requests DEBUG 发送post请求 
2021-01-04 10:18:51,252 Requests DEBUG 发送post请求 
2021-01-04 10:18:51,517 Requests DEBUG 发送post请求 
2021-01-04 10:18:51,783 Requests DEBUG 发送post请求 
2021-01-04 10:18:52,158 Requests DEBUG 发送post请求 
2021-01-04 10:18:52,658 Requests DEBUG 发送post请求 
2021-01-04 10:18:52,830 Requests DEBUG 发送post请求 
2021-01-04 10:18:52,970 Requests DEBUG 发送post请求 
2021-01-04 10:18:54,002 Requests DEBUG 发送post请求 
2021-01-04 10:18:55,002 Requests DEBUG 发送post请求 
2021-01-04 10:18:56,189 Requests DEBUG 发送post请求 
2021-01-04 10:18:57,299 Requests DEBUG 发送post请求 
2021-01-04 10:18:58,345 Requests DEBUG 发送post请求 
2021-01-04 10:18:58,642 Requests DEBUG 发送post请求 
2021-01-04 10:18:58,892 Requests DEBUG 发送post请求 
2021-01-04 10:18:59,017 Requests DEBUG 发送post请求 
2021-01-04 10:18:59,080 Requests DEBUG 发送post请求 
2021-01-04 10:18:59,127 Requests DEBUG 发送post请求 
2021-01-04 10:18:59,158 Requests DEBUG 发送post请求 
2021-01-04 10:18:59,907 Requests DEBUG 发送post请求 
2021-01-04 10:19:00,032 Requests DEBUG 发送post请求 
2021-01-04 10:19:00,434 Requests DEBUG 发送post请求 
2021-01-04 10:19:01,090 Requests DEBUG 发送post请求 
2021-01-04 10:19:01,984 Requests DEBUG 发送post请求 
2021-01-04 10:19:02,609 Requests DEBUG 发送post请求 
2021-01-04 10:19:03,187 Requests DEBUG 发送post请求 
2021-01-04 10:19:03,719 Requests DEBUG 发送post请求 
2021-01-04 10:19:04,266 Requests DEBUG 发送post请求 
2021-01-04 10:19:04,516 AssertUtil ERROR 不包含或者body是错误，body is {'Success': False, 'ExceptionMsg': '登录超时，请重新登录', 'Exception': 9527},expected_body is Success': False, 'Msg': '登录超时，请重新登录' 
2021-01-04 10:19:04,562 Requests DEBUG 发送post请求 
2021-01-04 10:19:08,609 Requests DEBUG 发送post请求 
2021-01-04 10:19:09,250 Requests DEBUG 发送post请求 
2021-01-04 10:19:09,734 Requests DEBUG 发送post请求 
2021-01-04 10:19:09,797 Requests DEBUG 发送post请求 
2021-01-04 10:19:10,266 Requests DEBUG 发送post请求 
2021-01-04 10:19:10,406 Requests DEBUG 发送post请求 
2021-01-04 10:19:10,875 D:\Users\Administrator\PycharmProjects\InterfaceTest\utils\LogUtil.py INFO 报告地址 
2021-01-04 10:24:39,304 Requests DEBUG 发送post请求 
2021-01-04 10:31:15,452 Requests DEBUG 发送post请求 
2021-01-04 10:31:31,360 Requests DEBUG 发送post请求 
2021-01-04 11:07:19,098 Requests DEBUG 发送post请求 
2021-01-04 11:07:50,145 Requests DEBUG 发送post请求 
2021-01-04 11:10:16,703 Requests DEBUG 发送post请求 
2021-01-04 11:10:41,818 Requests DEBUG 发送post请求 
2021-01-04 11:26:38,727 Requests DEBUG 发送post请求 
2021-01-04 11:26:38,843 Requests DEBUG 发送post请求 
2021-01-04 11:33:21,893 Requests DEBUG 发送post请求 
2021-01-04 11:35:10,722 Requests DEBUG 发送post请求 
2021-01-04 11:36:13,252 Requests DEBUG 发送post请求 
2021-01-04 11:36:13,565 Requests DEBUG 发送post请求 
2021-01-04 11:36:41,970 Requests DEBUG 发送post请求 
2021-01-04 11:36:42,016 Requests DEBUG 发送post请求 
